#
# There is insufficient memory for the Java Runtime Environment to continue.
# Native memory allocation (malloc) failed to allocate 32744 bytes for ChunkPool::allocate
# Possible reasons:
#   The system is out of physical RAM or swap space
#   The process is running with CompressedOops enabled, and the Java Heap may be blocking the growth of the native heap
# Possible solutions:
#   Reduce memory load on the system
#   Increase physical memory or swap space
#   Check if swap backing store is full
#   Decrease Java heap size (-Xmx/-Xms)
#   Decrease number of Java threads
#   Decrease Java thread stack sizes (-Xss)
#   Set larger code cache with -XX:ReservedCodeCacheSize=
#   JVM is running with Unscaled Compressed Oops mode in which the Java heap is
#     placed in the first 4GB address space. The Java Heap base address is the
#     maximum limit for the native heap growth. Please use -XX:HeapBaseMinAddress
#     to set the Java Heap base and to place the Java Heap above 4GB virtual address.
# This output file may be truncated or incomplete.
#
#  Out of Memory Error (allocation.cpp:272), pid=6796, tid=0x0000000000001644
#
# JRE version: OpenJDK Runtime Environment (8.0_212-b04) (build 1.8.0_212-release-1586-b04)
# Java VM: OpenJDK 64-Bit Server VM (25.212-b04 mixed mode windows-amd64 compressed oops)
# Failed to write core dump. Minidumps are not enabled by default on client versions of Windows
#

---------------  T H R E A D  ---------------

Current thread (0x0000000016648800):  JavaThread "C2 CompilerThread0" daemon [_thread_in_native, id=5700, stack(0x0000000017c70000,0x0000000017d70000)]

Stack: [0x0000000017c70000,0x0000000017d70000]
[error occurred during error reporting (printing stack bounds), id 0xc0000005]

Native frames: (J=compiled Java code, j=interpreted, Vv=VM code, C=native code)


Current CompileTask:
C2: 120929 17358       4       com.android.tools.r8.ir.conversion.IRBuilder::a (2002 bytes)


---------------  P R O C E S S  ---------------

Java Threads: ( => current thread )
  0x000000002944a000 JavaThread "Cache worker for Java compile cache (C:\Users\user\AndroidStudioProjects\SchoolManagement2\.gradle\5.4.1\javaCompile)" [_thread_blocked, id=6952, stack(0x000000001ad60000,0x000000001ae60000)]
  0x0000000029450800 JavaThread "Cache worker for Java compile cache (C:\Users\user\.gradle\caches\5.4.1\javaCompile)" [_thread_blocked, id=6224, stack(0x0000000001160000,0x0000000001260000)]
  0x000000002944d800 JavaThread "WorkerExecutor Queue Thread 5" [_thread_blocked, id=6736, stack(0x00000000247f0000,0x00000000248f0000)]
  0x000000001da72000 JavaThread "stdout" [_thread_in_native, id=3504, stack(0x0000000025080000,0x0000000025180000)]
  0x000000001da74000 JavaThread "stderr" [_thread_in_native, id=5668, stack(0x0000000024f80000,0x0000000025080000)]
  0x000000001da73800 JavaThread "stdout" [_thread_in_native, id=732, stack(0x0000000024d60000,0x0000000024e60000)]
  0x000000001da75800 JavaThread "stderr" [_thread_in_native, id=6372, stack(0x0000000024c60000,0x0000000024d60000)]
  0x000000001da75000 JavaThread "stdout" [_thread_in_native, id=1752, stack(0x0000000024b60000,0x0000000024c60000)]
  0x000000001da76800 JavaThread "stderr" [_thread_in_native, id=5788, stack(0x0000000024a60000,0x0000000024b60000)]
  0x000000001da71000 JavaThread "stdout" [_thread_in_native, id=3596, stack(0x0000000024960000,0x0000000024a60000)]
  0x000000001da72800 JavaThread "stderr" [_thread_in_native, id=2964, stack(0x00000000245b0000,0x00000000246b0000)]
  0x000000001da70800 JavaThread "pool-2-thread-1" [_thread_blocked, id=904, stack(0x00000000246f0000,0x00000000247f0000)]
  0x000000001da6c800 JavaThread "WorkerExecutor Queue" [_thread_blocked, id=5512, stack(0x00000000241b0000,0x00000000242b0000)]
  0x000000001e6d9000 JavaThread "Cache worker for execution history cache (C:\Users\user\AndroidStudioProjects\SchoolManagement2\.gradle\5.4.1\executionHistory)" [_thread_blocked, id=5976, stack(0x0000000023cb0000,0x0000000023db0000)]
  0x000000001e6dd800 JavaThread "Execution worker for ':' Thread 3" [_thread_in_Java, id=3316, stack(0x00000000239b0000,0x0000000023ab0000)]
  0x000000001e6dd000 JavaThread "Execution worker for ':' Thread 2" [_thread_in_vm, id=1444, stack(0x00000000238b0000,0x00000000239b0000)]
  0x000000001e6dc000 JavaThread "Execution worker for ':'" [_thread_in_native, id=4328, stack(0x00000000237b0000,0x00000000238b0000)]
  0x000000001e6da000 JavaThread "Cache worker for file content cache (C:\Users\user\AndroidStudioProjects\SchoolManagement2\.gradle\5.4.1\fileContent)" [_thread_blocked, id=6448, stack(0x00000000232b0000,0x00000000233b0000)]
  0x000000001e6da800 JavaThread "Cache worker for file content cache (C:\Users\user\.gradle\caches\5.4.1\fileContent)" [_thread_blocked, id=7028, stack(0x0000000021dc0000,0x0000000021ec0000)]
  0x000000001e6db800 JavaThread "Memory manager" [_thread_blocked, id=6888, stack(0x0000000021cc0000,0x0000000021dc0000)]
  0x000000001e6d6000 JavaThread "Cache worker for Build Output Cleanup Cache (C:\Users\user\AndroidStudioProjects\SchoolManagement2\.gradle\buildOutputCleanup)" [_thread_blocked, id=5812, stack(0x00000000213c0000,0x00000000214c0000)]
  0x000000001e6d5800 JavaThread "Build operations Thread 4" [_thread_blocked, id=5548, stack(0x0000000020cc0000,0x0000000020dc0000)]
  0x000000001e6d1800 JavaThread "Build operations Thread 3" [_thread_blocked, id=3980, stack(0x0000000020bc0000,0x0000000020cc0000)]
  0x000000001e6d4800 JavaThread "Build operations Thread 2" [_thread_blocked, id=2240, stack(0x0000000020ac0000,0x0000000020bc0000)]
  0x000000001e6d1000 JavaThread "Build operations" [_thread_blocked, id=4476, stack(0x0000000020440000,0x0000000020540000)]
  0x000000001e6d4000 JavaThread "Cache worker for execution history cache (C:\Users\user\.gradle\caches\5.4.1\executionHistory)" [_thread_blocked, id=5504, stack(0x0000000020210000,0x0000000020310000)]
  0x000000001e6d3000 JavaThread "Cache worker for cache directory md-rule (C:\Users\user\.gradle\caches\5.4.1\md-rule)" [_thread_blocked, id=1132, stack(0x00000000207c0000,0x00000000208c0000)]
  0x000000001992f800 JavaThread "Cache worker for cache directory md-supplier (C:\Users\user\.gradle\caches\5.4.1\md-supplier)" [_thread_blocked, id=3804, stack(0x0000000020340000,0x0000000020440000)]
  0x000000001992c800 JavaThread "Cache worker for file hash cache (C:\Users\user\AndroidStudioProjects\SchoolManagement2\.gradle\5.4.1\fileHashes)" [_thread_blocked, id=6712, stack(0x000000001d700000,0x000000001d800000)]
  0x000000001992b000 JavaThread "Cache worker for journal cache (C:\Users\user\.gradle\caches\journal-1)" [_thread_blocked, id=1800, stack(0x000000001b160000,0x000000001b260000)]
  0x000000001992a000 JavaThread "File lock request listener" [_thread_in_native, id=5936, stack(0x000000001b060000,0x000000001b160000)]
  0x0000000018317000 JavaThread "Cache worker for file hash cache (C:\Users\user\.gradle\caches\5.4.1\fileHashes)" [_thread_blocked, id=6196, stack(0x000000001af60000,0x000000001b060000)]
  0x0000000019aef000 JavaThread "Thread-9" [_thread_blocked, id=5956, stack(0x000000001ae60000,0x000000001af60000)]
  0x0000000019abf800 JavaThread "Asynchronous log dispatcher for DefaultDaemonConnection: socket connection from /127.0.0.1:50727 to /127.0.0.1:50728" [_thread_blocked, id=956, stack(0x000000001ac60000,0x000000001ad60000)]
  0x0000000019ae8800 JavaThread "Daemon worker" [_thread_in_Java, id=3988, stack(0x000000001ab60000,0x000000001ac60000)]
  0x0000000019af1000 JavaThread "Cancel handler" [_thread_blocked, id=6792, stack(0x000000001aa60000,0x000000001ab60000)]
  0x000000001984c800 JavaThread "Handler for socket connection from /127.0.0.1:50727 to /127.0.0.1:50728" [_thread_in_native, id=4316, stack(0x000000001a760000,0x000000001a860000)]
  0x0000000019847800 JavaThread "Daemon" [_thread_blocked, id=5152, stack(0x000000001a660000,0x000000001a760000)]
  0x0000000019752000 JavaThread "Daemon periodic checks" [_thread_blocked, id=6328, stack(0x000000001a560000,0x000000001a660000)]
  0x0000000019743000 JavaThread "Incoming local TCP Connector on port 50727" [_thread_in_native, id=3724, stack(0x000000001a380000,0x000000001a480000)]
  0x0000000019703800 JavaThread "Daemon health stats" [_thread_blocked, id=5400, stack(0x0000000019d40000,0x0000000019e40000)]
  0x0000000017f98800 JavaThread "Service Thread" daemon [_thread_blocked, id=524, stack(0x0000000018370000,0x0000000018470000)]
  0x0000000016640000 JavaThread "C1 CompilerThread2" daemon [_thread_blocked, id=3440, stack(0x0000000017e70000,0x0000000017f70000)]
  0x000000001663c000 JavaThread "C2 CompilerThread1" daemon [_thread_in_native, id=7064, stack(0x0000000017d70000,0x0000000017e70000)]
=>0x0000000016648800 JavaThread "C2 CompilerThread0" daemon [_thread_in_native, id=5700, stack(0x0000000017c70000,0x0000000017d70000)]
  0x0000000016647800 JavaThread "Attach Listener" daemon [_thread_blocked, id=6468, stack(0x0000000017b70000,0x0000000017c70000)]
  0x0000000016646000 JavaThread "Signal Dispatcher" daemon [_thread_blocked, id=1892, stack(0x0000000017a70000,0x0000000017b70000)]
  0x0000000002ccc800 JavaThread "Finalizer" daemon [_thread_blocked, id=4924, stack(0x0000000017890000,0x0000000017990000)]
  0x0000000002cc4800 JavaThread "Reference Handler" daemon [_thread_blocked, id=3812, stack(0x0000000017790000,0x0000000017890000)]
  0x0000000002b8d800 JavaThread "main" [_thread_blocked, id=5012, stack(0x0000000002a40000,0x0000000002b40000)]

Other Threads:
  0x0000000016605800 VMThread [stack: 0x0000000017690000,0x0000000017790000] [id=3816]
  0x000000001669e000 WatcherThread [stack: 0x0000000018470000,0x0000000018570000] [id=3212]

VM state:not at safepoint (normal execution)

VM Mutex/Monitor currently owned by a thread: None

OutOfMemory and StackOverflow Exception counts:
OutOfMemoryError java_heap_errors=1

heap address: 0x00000000a0000000, size: 1536 MB, Compressed Oops mode: 32-bit
Narrow klass base: 0x0000000000000000, Narrow klass shift: 3
Compressed class space size: 1073741824 Address: 0x0000000100000000

Heap:
 PSYoungGen      total 468480K, used 331724K [0x00000000e0000000, 0x00000000ffc80000, 0x0000000100000000)
  eden space 418304K, 77% used [0x00000000e0000000,0x00000000f3e37878,0x00000000f9880000)
  from space 50176K, 11% used [0x00000000fc900000,0x00000000fcebba50,0x00000000ffa00000)
  to   space 49664K, 0% used [0x00000000f9880000,0x00000000f9880000,0x00000000fc900000)
 ParOldGen       total 247808K, used 159590K [0x00000000a0000000, 0x00000000af200000, 0x00000000e0000000)
  object space 247808K, 64% used [0x00000000a0000000,0x00000000a9bd9b88,0x00000000af200000)
 Metaspace       used 80866K, capacity 83678K, committed 83840K, reserved 1122304K
  class space    used 10492K, capacity 11093K, committed 11136K, reserved 1048576K

Card table byte_map: [0x0000000012090000,0x00000000123a0000] byte_map_base: 0x0000000011b90000

Marking Bits: (ParMarkBitMap*) 0x000000005f1f9f30
 Begin Bits: [0x00000000129a0000, 0x00000000141a0000)
 End Bits:   [0x00000000141a0000, 0x00000000159a0000)

Polling page: 0x0000000002b40000

CodeCache: size=245760Kb used=52185Kb max_used=52772Kb free=193574Kb
 bounds [0x0000000002cd0000, 0x00000000060d0000, 0x0000000011cd0000]
 total_blobs=15285 nmethods=14439 adapters=756
 compilation: enabled

Compilation events (10 events):
Event: 120.483 Thread 0x0000000016640000 17869       2       com.android.tools.r8.n.a.a.a.h.N$c::size (8 bytes)
Event: 120.483 Thread 0x0000000016640000 nmethod 17869 0x00000000049da790 code [0x00000000049da8e0, 0x00000000049daa30]
Event: 120.694 Thread 0x0000000016640000 17872       2       com.android.tools.r8.ir.code.BasicBlock::createGotoBlock (17 bytes)
Event: 120.695 Thread 0x0000000016640000 nmethod 17872 0x0000000005274a90 code [0x0000000005274c00, 0x0000000005274d98]
Event: 120.743 Thread 0x0000000016640000 17873   !   2       java.util.Map::forEach (81 bytes)
Event: 120.744 Thread 0x0000000016640000 nmethod 17873 0x0000000005839490 code [0x0000000005839680, 0x0000000005839b28]
Event: 120.766 Thread 0x0000000016640000 17874   !   2       org.gradle.cache.internal.CacheAccessWorker$2::run (153 bytes)
Event: 120.771 Thread 0x0000000016640000 nmethod 17874 0x0000000004dc9090 code [0x0000000004dc93e0, 0x0000000004dca668]
Event: 120.771 Thread 0x0000000016640000 17875       2       javax.management.ObjectName$Property::setKeyIndex (6 bytes)
Event: 120.771 Thread 0x0000000016640000 nmethod 17875 0x000000000579a690 code [0x000000000579a7e0, 0x000000000579a930]

GC Heap History (10 events):
Event: 114.490 GC heap before
{Heap before GC invocations=31 (full 5):
 PSYoungGen      total 456704K, used 420352K [0x00000000e0000000, 0x0000000100000000, 0x0000000100000000)
  eden space 420352K, 100% used [0x00000000e0000000,0x00000000f9a80000,0x00000000f9a80000)
  from space 36352K, 0% used [0x00000000f9a80000,0x00000000f9a80000,0x00000000fbe00000)
  to   space 60416K, 0% used [0x00000000fc500000,0x00000000fc500000,0x0000000100000000)
 ParOldGen       total 247808K, used 129985K [0x00000000a0000000, 0x00000000af200000, 0x00000000e0000000)
  object space 247808K, 52% used [0x00000000a0000000,0x00000000a7ef0478,0x00000000af200000)
 Metaspace       used 80762K, capacity 83630K, committed 83840K, reserved 1122304K
  class space    used 10486K, capacity 11089K, committed 11136K, reserved 1048576K
Event: 114.532 GC heap after
Heap after GC invocations=31 (full 5):
 PSYoungGen      total 467456K, used 18281K [0x00000000e0000000, 0x0000000100000000, 0x0000000100000000)
  eden space 407040K, 0% used [0x00000000e0000000,0x00000000e0000000,0x00000000f8d80000)
  from space 60416K, 30% used [0x00000000fc500000,0x00000000fd6da650,0x0000000100000000)
  to   space 56832K, 0% used [0x00000000f8d80000,0x00000000f8d80000,0x00000000fc500000)
 ParOldGen       total 247808K, used 129985K [0x00000000a0000000, 0x00000000af200000, 0x00000000e0000000)
  object space 247808K, 52% used [0x00000000a0000000,0x00000000a7ef0478,0x00000000af200000)
 Metaspace       used 80762K, capacity 83630K, committed 83840K, reserved 1122304K
  class space    used 10486K, capacity 11089K, committed 11136K, reserved 1048576K
}
Event: 116.064 GC heap before
{Heap before GC invocations=32 (full 5):
 PSYoungGen      total 467456K, used 425321K [0x00000000e0000000, 0x0000000100000000, 0x0000000100000000)
  eden space 407040K, 100% used [0x00000000e0000000,0x00000000f8d80000,0x00000000f8d80000)
  from space 60416K, 30% used [0x00000000fc500000,0x00000000fd6da650,0x0000000100000000)
  to   space 56832K, 0% used [0x00000000f8d80000,0x00000000f8d80000,0x00000000fc500000)
 ParOldGen       total 247808K, used 129985K [0x00000000a0000000, 0x00000000af200000, 0x00000000e0000000)
  object space 247808K, 52% used [0x00000000a0000000,0x00000000a7ef0478,0x00000000af200000)
 Metaspace       used 80792K, capacity 83644K, committed 83840K, reserved 1122304K
  class space    used 10488K, capacity 11090K, committed 11136K, reserved 1048576K
Event: 116.089 GC heap after
Heap after GC invocations=32 (full 5):
 PSYoungGen      total 425984K, used 18935K [0x00000000e0000000, 0x00000000ff680000, 0x0000000100000000)
  eden space 407040K, 0% used [0x00000000e0000000,0x00000000e0000000,0x00000000f8d80000)
  from space 18944K, 99% used [0x00000000f8d80000,0x00000000f9ffddc0,0x00000000fa000000)
  to   space 53760K, 0% used [0x00000000fc200000,0x00000000fc200000,0x00000000ff680000)
 ParOldGen       total 247808K, used 129993K [0x00000000a0000000, 0x00000000af200000, 0x00000000e0000000)
  object space 247808K, 52% used [0x00000000a0000000,0x00000000a7ef2478,0x00000000af200000)
 Metaspace       used 80792K, capacity 83644K, committed 83840K, reserved 1122304K
  class space    used 10488K, capacity 11090K, committed 11136K, reserved 1048576K
}
Event: 117.619 GC heap before
{Heap before GC invocations=33 (full 5):
 PSYoungGen      total 425984K, used 425975K [0x00000000e0000000, 0x00000000ff680000, 0x0000000100000000)
  eden space 407040K, 100% used [0x00000000e0000000,0x00000000f8d80000,0x00000000f8d80000)
  from space 18944K, 99% used [0x00000000f8d80000,0x00000000f9ffddc0,0x00000000fa000000)
  to   space 53760K, 0% used [0x00000000fc200000,0x00000000fc200000,0x00000000ff680000)
 ParOldGen       total 247808K, used 129993K [0x00000000a0000000, 0x00000000af200000, 0x00000000e0000000)
  object space 247808K, 52% used [0x00000000a0000000,0x00000000a7ef2478,0x00000000af200000)
 Metaspace       used 80813K, capacity 83662K, committed 83840K, reserved 1122304K
  class space    used 10489K, capacity 11091K, committed 11136K, reserved 1048576K
Event: 117.667 GC heap after
Heap after GC invocations=33 (full 5):
 PSYoungGen      total 461824K, used 8645K [0x00000000e0000000, 0x0000000100000000, 0x0000000100000000)
  eden space 408064K, 0% used [0x00000000e0000000,0x00000000e0000000,0x00000000f8e80000)
  from space 53760K, 16% used [0x00000000fc200000,0x00000000fca716a8,0x00000000ff680000)
  to   space 52736K, 0% used [0x00000000f8e80000,0x00000000f8e80000,0x00000000fc200000)
 ParOldGen       total 247808K, used 136627K [0x00000000a0000000, 0x00000000af200000, 0x00000000e0000000)
  object space 247808K, 55% used [0x00000000a0000000,0x00000000a856cdf8,0x00000000af200000)
 Metaspace       used 80813K, capacity 83662K, committed 83840K, reserved 1122304K
  class space    used 10489K, capacity 11091K, committed 11136K, reserved 1048576K
}
Event: 118.812 GC heap before
{Heap before GC invocations=34 (full 5):
 PSYoungGen      total 461824K, used 416709K [0x00000000e0000000, 0x0000000100000000, 0x0000000100000000)
  eden space 408064K, 100% used [0x00000000e0000000,0x00000000f8e80000,0x00000000f8e80000)
  from space 53760K, 16% used [0x00000000fc200000,0x00000000fca716a8,0x00000000ff680000)
  to   space 52736K, 0% used [0x00000000f8e80000,0x00000000f8e80000,0x00000000fc200000)
 ParOldGen       total 247808K, used 136627K [0x00000000a0000000, 0x00000000af200000, 0x00000000e0000000)
  object space 247808K, 55% used [0x00000000a0000000,0x00000000a856cdf8,0x00000000af200000)
 Metaspace       used 80828K, capacity 83668K, committed 83840K, reserved 1122304K
  class space    used 10489K, capacity 11092K, committed 11136K, reserved 1048576K
Event: 118.844 GC heap after
Heap after GC invocations=34 (full 5):
 PSYoungGen      total 460800K, used 21855K [0x00000000e0000000, 0x00000000ffa00000, 0x0000000100000000)
  eden space 408064K, 0% used [0x00000000e0000000,0x00000000e0000000,0x00000000f8e80000)
  from space 52736K, 41% used [0x00000000f8e80000,0x00000000fa3d7c88,0x00000000fc200000)
  to   space 50176K, 0% used [0x00000000fc900000,0x00000000fc900000,0x00000000ffa00000)
 ParOldGen       total 247808K, used 140587K [0x00000000a0000000, 0x00000000af200000, 0x00000000e0000000)
  object space 247808K, 56% used [0x00000000a0000000,0x00000000a894af78,0x00000000af200000)
 Metaspace       used 80828K, capacity 83668K, committed 83840K, reserved 1122304K
  class space    used 10489K, capacity 11092K, committed 11136K, reserved 1048576K
}
Event: 119.909 GC heap before
{Heap before GC invocations=35 (full 5):
 PSYoungGen      total 460800K, used 429919K [0x00000000e0000000, 0x00000000ffa00000, 0x0000000100000000)
  eden space 408064K, 100% used [0x00000000e0000000,0x00000000f8e80000,0x00000000f8e80000)
  from space 52736K, 41% used [0x00000000f8e80000,0x00000000fa3d7c88,0x00000000fc200000)
  to   space 50176K, 0% used [0x00000000fc900000,0x00000000fc900000,0x00000000ffa00000)
 ParOldGen       total 247808K, used 140587K [0x00000000a0000000, 0x00000000af200000, 0x00000000e0000000)
  object space 247808K, 56% used [0x00000000a0000000,0x00000000a894af78,0x00000000af200000)
 Metaspace       used 80852K, capacity 83674K, committed 83840K, reserved 1122304K
  class space    used 10491K, capacity 11093K, committed 11136K, reserved 1048576K
Event: 119.970 GC heap after
Heap after GC invocations=35 (full 5):
 PSYoungGen      total 468480K, used 5870K [0x00000000e0000000, 0x00000000ffc80000, 0x0000000100000000)
  eden space 418304K, 0% used [0x00000000e0000000,0x00000000e0000000,0x00000000f9880000)
  from space 50176K, 11% used [0x00000000fc900000,0x00000000fcebba50,0x00000000ffa00000)
  to   space 49664K, 0% used [0x00000000f9880000,0x00000000f9880000,0x00000000fc900000)
 ParOldGen       total 247808K, used 159590K [0x00000000a0000000, 0x00000000af200000, 0x00000000e0000000)
  object space 247808K, 64% used [0x00000000a0000000,0x00000000a9bd9b88,0x00000000af200000)
 Metaspace       used 80852K, capacity 83674K, committed 83840K, reserved 1122304K
  class space    used 10491K, capacity 11093K, committed 11136K, reserved 1048576K
}

Deoptimization events (10 events):
Event: 117.812 Thread 0x0000000019ae8800 Uncommon trap: reason=unstable_if action=reinterpret pc=0x00000000049712c0 method=com.android.tools.r8.n.a.a.a.g.B0$e.contains(Ljava/lang/Object;)Z @ 84
Event: 118.056 Thread 0x000000001e6dd800 Uncommon trap: reason=unstable_if action=reinterpret pc=0x00000000040600d0 method=java.util.HashMap$EntrySpliterator.forEachRemaining(Ljava/util/function/Consumer;)V @ 75
Event: 118.621 Thread 0x000000001e6dd800 Uncommon trap: reason=speculate_class_check action=maybe_recompile pc=0x00000000049004e4 method=com.android.tools.r8.ir.conversion.I.a()Lcom/android/tools/r8/graph/DexCode; @ 837
Event: 118.787 Thread 0x000000001e6dd000 Uncommon trap: reason=unstable_if action=reinterpret pc=0x000000000497000c method=com.android.tools.r8.ir.regalloc.a.a(ILcom/android/tools/r8/ir/regalloc/a$a;)Z @ 73
Event: 118.795 Thread 0x000000001e6dd000 Uncommon trap: reason=unstable_if action=reinterpret pc=0x000000000495f4cc method=com.android.tools.r8.ir.regalloc.LiveIntervals.getSplitCovering(I)Lcom/android/tools/r8/ir/regalloc/LiveIntervals; @ 132
Event: 118.944 Thread 0x000000001e6dd000 Uncommon trap: reason=unstable_if action=reinterpret pc=0x0000000003f121f0 method=com.android.tools.r8.ir.conversion.V.a(Lcom/android/tools/r8/t/a/a/B;Lcom/android/tools/r8/t/a/a/B;)Z @ 225
Event: 118.946 Thread 0x0000000019ae8800 Uncommon trap: reason=bimorphic action=maybe_recompile pc=0x00000000055fc47c method=com.android.tools.r8.ir.analysis.g.e.a(Lcom/android/tools/r8/ir/code/Phi;)V @ 75
Event: 119.805 Thread 0x000000001e6dc000 Uncommon trap: reason=class_check action=maybe_recompile pc=0x0000000003243680 method=java.lang.Throwable.<init>(Ljava/lang/String;Ljava/lang/Throwable;)V @ 24
Event: 119.851 Thread 0x000000001e6dc000 Uncommon trap: reason=class_check action=maybe_recompile pc=0x0000000003243680 method=java.lang.Throwable.<init>(Ljava/lang/String;Ljava/lang/Throwable;)V @ 24
Event: 120.775 Thread 0x000000001e6dc000 Uncommon trap: reason=class_check action=maybe_recompile pc=0x0000000005105c60 method=com.android.tools.r8.ir.optimize.CodeRewriter.e(Lcom/android/tools/r8/ir/code/IRCode;)V @ 405

Classes redefined (0 events):
No events

Internal exceptions (10 events):
Event: 118.376 Thread 0x000000001e6dc000 Exception <a 'sun/nio/fs/WindowsException'> (0x00000000ef187880) thrown at [D:\src\AOSP-openjdk-cygwin\jdk8u\hotspot\src\share\vm\prims\jni.cpp, line 710]
Event: 118.952 Thread 0x000000001e6dc000 Exception <a 'sun/nio/fs/WindowsException'> (0x00000000e04a7bc8) thrown at [D:\src\AOSP-openjdk-cygwin\jdk8u\hotspot\src\share\vm\prims\jni.cpp, line 710]
Event: 118.962 Thread 0x000000001e6dc000 Exception <a 'sun/nio/fs/WindowsException'> (0x00000000e052ce40) thrown at [D:\src\AOSP-openjdk-cygwin\jdk8u\hotspot\src\share\vm\prims\jni.cpp, line 710]
Event: 119.696 Thread 0x0000000019ae8800 Exception <a 'sun/nio/fs/WindowsException'> (0x00000000f31ea0a8) thrown at [D:\src\AOSP-openjdk-cygwin\jdk8u\hotspot\src\share\vm\prims\jni.cpp, line 710]
Event: 119.805 Thread 0x000000001e6dc000 Exception <a 'java/lang/OutOfMemoryError'> (0x00000000f63a21b8) thrown at [D:\src\AOSP-openjdk-cygwin\jdk8u\hotspot\src\share\vm\prims\jni.cpp, line 736]
Event: 120.015 Thread 0x000000001e6dc000 Exception <a 'sun/nio/fs/WindowsException'> (0x00000000e0b09488) thrown at [D:\src\AOSP-openjdk-cygwin\jdk8u\hotspot\src\share\vm\prims\jni.cpp, line 710]
Event: 120.022 Thread 0x000000001e6dc000 Exception <a 'sun/nio/fs/WindowsException'> (0x00000000e0b919f0) thrown at [D:\src\AOSP-openjdk-cygwin\jdk8u\hotspot\src\share\vm\prims\jni.cpp, line 710]
Event: 120.239 Thread 0x0000000019ae8800 Exception <a 'sun/nio/fs/WindowsException'> (0x00000000e151acd0) thrown at [D:\src\AOSP-openjdk-cygwin\jdk8u\hotspot\src\share\vm\prims\jni.cpp, line 710]
Event: 120.423 Thread 0x000000001e6dc000 Exception <a 'sun/nio/fs/WindowsException'> (0x00000000e94f5530) thrown at [D:\src\AOSP-openjdk-cygwin\jdk8u\hotspot\src\share\vm\prims\jni.cpp, line 710]
Event: 120.485 Thread 0x0000000019ae8800 Exception <a 'sun/nio/fs/WindowsException'> (0x00000000ea6f1920) thrown at [D:\src\AOSP-openjdk-cygwin\jdk8u\hotspot\src\share\vm\prims\jni.cpp, line 710]

Events (10 events):
Event: 120.682 Thread 0x000000001e6dc000 DEOPT UNPACKING pc=0x0000000002d175d0 sp=0x00000000238aa978 mode 0
Event: 120.719 Thread 0x000000001e6dd800 DEOPT PACKING pc=0x0000000004f86ff6 sp=0x0000000023aaac80
Event: 120.719 Thread 0x000000001e6dd800 DEOPT UNPACKING pc=0x0000000002d175d0 sp=0x0000000023aaabc0 mode 0
Event: 120.729 Thread 0x000000001e6dc000 DEOPT PACKING pc=0x0000000004dad7a2 sp=0x00000000238ab030
Event: 120.729 Thread 0x000000001e6dc000 DEOPT UNPACKING pc=0x0000000002d175d0 sp=0x00000000238aaf60 mode 0
Event: 120.747 Thread 0x000000001e6dd800 DEOPT PACKING pc=0x0000000005edcf9a sp=0x0000000023aaa890
Event: 120.747 Thread 0x000000001e6dd800 DEOPT UNPACKING pc=0x0000000002d175d0 sp=0x0000000023aaa8f8 mode 0
Event: 120.775 Thread 0x000000001e6dc000 Uncommon trap: trap_request=0xffffffde fr.pc=0x0000000005105c60
Event: 120.775 Thread 0x000000001e6dc000 DEOPT PACKING pc=0x0000000005105c60 sp=0x00000000238ab400
Event: 120.775 Thread 0x000000001e6dc000 DEOPT UNPACKING pc=0x0000000002d1557b sp=0x00000000238ab470 mode 2


Dynamic libraries:
0x00007ff630670000 - 0x00007ff6306a1000 	C:\Program Files\Android\Android Studio\jre\bin\java.exe
0x00007ffb6f9f0000 - 0x00007ffb6fbb2000 	C:\Windows\SYSTEM32\ntdll.dll
0x00007ffb6f780000 - 0x00007ffb6f82d000 	C:\Windows\system32\KERNEL32.DLL
0x00007ffb6ce70000 - 0x00007ffb6d04d000 	C:\Windows\system32\KERNELBASE.dll
0x00007ffb6ee70000 - 0x00007ffb6ef16000 	C:\Windows\system32\ADVAPI32.dll
0x00007ffb6d1a0000 - 0x00007ffb6d23d000 	C:\Windows\system32\msvcrt.dll
0x00007ffb6ef20000 - 0x00007ffb6ef7b000 	C:\Windows\system32\sechost.dll
0x00007ffb6ef80000 - 0x00007ffb6f0a6000 	C:\Windows\system32\RPCRT4.dll
0x00007ffb6ead0000 - 0x00007ffb6ec1e000 	C:\Windows\system32\USER32.dll
0x00007ffb6d240000 - 0x00007ffb6d3c3000 	C:\Windows\system32\GDI32.dll
0x00007ffb5c4a0000 - 0x00007ffb5c714000 	C:\Windows\WinSxS\amd64_microsoft.windows.common-controls_6595b64144ccf1df_6.0.10240.17184_none_f41d7a705752bce6\COMCTL32.dll
0x00007ffb6f9b0000 - 0x00007ffb6f9e6000 	C:\Windows\system32\IMM32.DLL
0x00007ffb6f620000 - 0x00007ffb6f77c000 	C:\Windows\system32\MSCTF.dll
0x000000005e870000 - 0x000000005e942000 	C:\Program Files\Android\Android Studio\jre\jre\bin\msvcr100.dll
0x000000005ea30000 - 0x000000005f276000 	C:\Program Files\Android\Android Studio\jre\jre\bin\server\jvm.dll
0x00007ffb6d190000 - 0x00007ffb6d198000 	C:\Windows\system32\PSAPI.DLL
0x00007ffb4bb00000 - 0x00007ffb4bb09000 	C:\Windows\SYSTEM32\WSOCK32.dll
0x00007ffb6a9d0000 - 0x00007ffb6a9f3000 	C:\Windows\SYSTEM32\WINMM.dll
0x00007ffb62020000 - 0x00007ffb6202a000 	C:\Windows\SYSTEM32\VERSION.dll
0x00007ffb6ee00000 - 0x00007ffb6ee69000 	C:\Windows\system32\WS2_32.dll
0x00007ffb6f4e0000 - 0x00007ffb6f4e8000 	C:\Windows\system32\NSI.dll
0x00007ffb6a8f0000 - 0x00007ffb6a91c000 	C:\Windows\SYSTEM32\WINMMBASE.dll
0x00007ffb6c560000 - 0x00007ffb6c5a4000 	C:\Windows\system32\cfgmgr32.dll
0x00007ffb6ad90000 - 0x00007ffb6adb7000 	C:\Windows\SYSTEM32\DEVOBJ.dll
0x00007ffb6aaa0000 - 0x00007ffb6aaaf000 	C:\Program Files\Android\Android Studio\jre\jre\bin\verify.dll
0x00007ffb67d50000 - 0x00007ffb67d79000 	C:\Program Files\Android\Android Studio\jre\jre\bin\java.dll
0x00007ffb67840000 - 0x00007ffb67856000 	C:\Program Files\Android\Android Studio\jre\jre\bin\zip.dll
0x00007ffb6d5a0000 - 0x00007ffb6eac3000 	C:\Windows\system32\SHELL32.dll
0x00007ffb6c840000 - 0x00007ffb6ce69000 	C:\Windows\system32\windows.storage.dll
0x00007ffb6f260000 - 0x00007ffb6f4dc000 	C:\Windows\system32\combase.dll
0x00007ffb6ec20000 - 0x00007ffb6ec71000 	C:\Windows\system32\shlwapi.dll
0x00007ffb6c410000 - 0x00007ffb6c41f000 	C:\Windows\system32\kernel.appcore.dll
0x00007ffb6c780000 - 0x00007ffb6c833000 	C:\Windows\system32\shcore.dll
0x00007ffb6c420000 - 0x00007ffb6c46a000 	C:\Windows\system32\powrprof.dll
0x00007ffb6c470000 - 0x00007ffb6c483000 	C:\Windows\system32\profapi.dll
0x00007ffb67820000 - 0x00007ffb6783a000 	C:\Program Files\Android\Android Studio\jre\jre\bin\net.dll
0x00007ffb61760000 - 0x00007ffb618f7000 	C:\Windows\SYSTEM32\urlmon.dll
0x00007ffb659a0000 - 0x00007ffb65d1e000 	C:\Windows\SYSTEM32\iertutil.dll
0x00007ffb6be50000 - 0x00007ffb6be5b000 	C:\Windows\SYSTEM32\CRYPTBASE.dll
0x00007ffb6c260000 - 0x00007ffb6c2cb000 	C:\Windows\SYSTEM32\bcryptPrimitives.dll
0x00007ffb6bc80000 - 0x00007ffb6bcdd000 	C:\Windows\system32\mswsock.dll
0x00007ffb67800000 - 0x00007ffb67813000 	C:\Program Files\Android\Android Studio\jre\jre\bin\nio.dll
0x00007ffb58b50000 - 0x00007ffb58b76000 	C:\Users\user\.gradle\native\29\windows-amd64\native-platform.dll
0x00007ffb6aa90000 - 0x00007ffb6aa9d000 	C:\Program Files\Android\Android Studio\jre\jre\bin\management.dll
0x00007ffb6bce0000 - 0x00007ffb6bcf7000 	C:\Windows\SYSTEM32\CRYPTSP.dll
0x00007ffb6bf50000 - 0x00007ffb6bf78000 	C:\Windows\SYSTEM32\bcrypt.dll
0x00007ffb6b930000 - 0x00007ffb6b963000 	C:\Windows\system32\rsaenh.dll
0x00007ffb6bad0000 - 0x00007ffb6baef000 	C:\Windows\SYSTEM32\USERENV.dll
0x00007ffb69850000 - 0x00007ffb69888000 	C:\Windows\SYSTEM32\IPHLPAPI.DLL
0x00007ffb69710000 - 0x00007ffb6971b000 	C:\Windows\SYSTEM32\WINNSI.DLL
0x00007ffb645b0000 - 0x00007ffb645c6000 	C:\Windows\SYSTEM32\dhcpcsvc6.DLL
0x00007ffb64590000 - 0x00007ffb645aa000 	C:\Windows\SYSTEM32\dhcpcsvc.DLL

VM Arguments:
jvm_args: -Xmx1536m -Dfile.encoding=windows-1252 -Duser.country=US -Duser.language=en -Duser.variant 
java_command: org.gradle.launcher.daemon.bootstrap.GradleDaemon 5.4.1
java_class_path (initial): C:\Users\user\.gradle\wrapper\dists\gradle-5.4.1-all\3221gyojl5jsh0helicew7rwx\gradle-5.4.1\lib\gradle-launcher-5.4.1.jar
Launcher Type: SUN_STANDARD

Environment Variables:
JAVA_HOME=C:\Program Files\Java\jdk1.8.0_231
PATH=C:\Windows\system32;C:\Windows;C:\Windows\System32\Wbem;C:\Windows\System32\WindowsPowerShell\v1.0\;C:\Program Files\Java\jdk-11.0.2\bin;C:\Program Files\Java\jdk1.8.0_231\bin;C:\Users\user\AppData\Local\Programs\Python\Python38;C:\Program Files\Git\cmd;C:\Program Files\Java\jdk-11.0.2\bin;C:\Program Files\Java\jdk1.8.0_231\bin;%DASHLANE_DLL_DIR%
USERNAME=JUST
OS=Windows_NT
PROCESSOR_IDENTIFIER=Intel64 Family 6 Model 69 Stepping 1, GenuineIntel



---------------  S Y S T E M  ---------------

OS: Windows 10.0 , 64 bit Build 10240 (10.0.10240.17113)

CPU:total 4 (initial active 4) (2 cores per cpu, 2 threads per core) family 6 model 69 stepping 1, cmov, cx8, fxsr, mmx, sse, sse2, sse3, ssse3, sse4.1, sse4.2, popcnt, avx, avx2, aes, clmul, erms, lzcnt, ht, tsc, tscinvbit, bmi1, bmi2

Memory: 4k page, physical 3874620k(561844k free), swap 5275452k(4856k free)

vm_info: OpenJDK 64-Bit Server VM (25.212-b04) for windows-amd64 JRE (1.8.0_212-release-1586-b04), built by "builder" with MS VC++ 10.0 (VS2010)

time: Sun May 31 18:22:10 2020
timezone: E. Africa Standard Time
elapsed time: 120 seconds (0d 0h 2m 0s)

