#
# There is insufficient memory for the Java Runtime Environment to continue.
# Native memory allocation (malloc) failed to allocate 32744 bytes for ChunkPool::allocate
# Possible reasons:
#   The system is out of physical RAM or swap space
#   The process is running with CompressedOops enabled, and the Java Heap may be blocking the growth of the native heap
# Possible solutions:
#   Reduce memory load on the system
#   Increase physical memory or swap space
#   Check if swap backing store is full
#   Decrease Java heap size (-Xmx/-Xms)
#   Decrease number of Java threads
#   Decrease Java thread stack sizes (-Xss)
#   Set larger code cache with -XX:ReservedCodeCacheSize=
#   JVM is running with Unscaled Compressed Oops mode in which the Java heap is
#     placed in the first 4GB address space. The Java Heap base address is the
#     maximum limit for the native heap growth. Please use -XX:HeapBaseMinAddress
#     to set the Java Heap base and to place the Java Heap above 4GB virtual address.
# This output file may be truncated or incomplete.
#
#  Out of Memory Error (allocation.cpp:272), pid=6048, tid=0x0000000000001424
#
# JRE version: OpenJDK Runtime Environment (8.0_202-b03) (build 1.8.0_202-release-1483-b03)
# Java VM: OpenJDK 64-Bit Server VM (25.202-b03 mixed mode windows-amd64 compressed oops)
# Failed to write core dump. Minidumps are not enabled by default on client versions of Windows
#

---------------  T H R E A D  ---------------

Current thread (0x0000000016220000):  JavaThread "C1 CompilerThread2" daemon [_thread_in_native, id=5156, stack(0x0000000017a60000,0x0000000017b60000)]

Stack: [0x0000000017a60000,0x0000000017b60000]
[error occurred during error reporting (printing stack bounds), id 0xc0000005]

Native frames: (J=compiled Java code, j=interpreted, Vv=VM code, C=native code)


Current CompileTask:
C1: 101918 15193       2       com.android.tools.r8.t.a.a.f::a (5949 bytes)


---------------  P R O C E S S  ---------------

Java Threads: ( => current thread )
  0x000000001c8f8800 JavaThread "ForkJoinPool-2-worker-0" daemon [_thread_blocked, id=6388, stack(0x0000000025bb0000,0x0000000025cb0000)]
  0x000000001c8f7000 JavaThread "ForkJoinPool-2-worker-3" daemon [_thread_blocked, id=1096, stack(0x0000000025ab0000,0x0000000025bb0000)]
  0x000000001c8f8000 JavaThread "ForkJoinPool-2-worker-2" daemon [_thread_in_Java, id=5168, stack(0x00000000253a0000,0x00000000254a0000)]
  0x000000001c8fb000 JavaThread "ForkJoinPool-2-worker-1" daemon [_thread_blocked, id=7372, stack(0x0000000000de0000,0x0000000000ee0000)]
  0x000000001c8fa000 JavaThread "ForkJoinPool.commonPool-worker-2" daemon [_thread_blocked, id=4856, stack(0x000000001b950000,0x000000001ba50000)]
  0x000000001c8f6800 JavaThread "Cache worker for Java compile cache (C:\Users\user\AndroidStudioProjects\SchoolManagement2\.gradle\5.4.1\javaCompile)" [_thread_blocked, id=8160, stack(0x0000000000ce0000,0x0000000000de0000)]
  0x000000001c8fc800 JavaThread "Cache worker for Java compile cache (C:\Users\user\.gradle\caches\5.4.1\javaCompile)" [_thread_blocked, id=7972, stack(0x0000000000be0000,0x0000000000ce0000)]
  0x000000001c8f3800 JavaThread "stdout" [_thread_in_native, id=3292, stack(0x0000000024aa0000,0x0000000024ba0000)]
  0x000000001c8f2000 JavaThread "stderr" [_thread_in_native, id=6292, stack(0x00000000249a0000,0x0000000024aa0000)]
  0x000000001c8f5000 JavaThread "stdout" [_thread_in_native, id=2912, stack(0x00000000248a0000,0x00000000249a0000)]
  0x000000001c8f4000 JavaThread "stderr" [_thread_in_native, id=5160, stack(0x00000000247a0000,0x00000000248a0000)]
  0x000000001c8f1000 JavaThread "stdout" [_thread_in_native, id=4928, stack(0x00000000246a0000,0x00000000247a0000)]
  0x000000001c8ef800 JavaThread "stderr" [_thread_in_native, id=7720, stack(0x00000000245a0000,0x00000000246a0000)]
  0x000000001c8f2800 JavaThread "stdout" [_thread_in_native, id=7064, stack(0x00000000244a0000,0x00000000245a0000)]
  0x000000001c8ed800 JavaThread "stderr" [_thread_in_native, id=872, stack(0x00000000243a0000,0x00000000244a0000)]
  0x000000001c8ef000 JavaThread "pool-2-thread-1" [_thread_blocked, id=7952, stack(0x00000000242a0000,0x00000000243a0000)]
  0x000000001c8f0800 JavaThread "WorkerExecutor Queue Thread 4" [_thread_in_native, id=3928, stack(0x00000000241a0000,0x00000000242a0000)]
  0x000000001db00800 JavaThread "WorkerExecutor Queue Thread 3" [_thread_in_Java, id=6864, stack(0x00000000240a0000,0x00000000241a0000)]
  0x000000001daff800 JavaThread "WorkerExecutor Queue Thread 2" [_thread_blocked, id=4980, stack(0x0000000023fa0000,0x00000000240a0000)]
  0x000000001dafc800 JavaThread "WorkerExecutor Queue" [_thread_in_Java, id=4708, stack(0x0000000023ea0000,0x0000000023fa0000)]
  0x000000001dafc000 JavaThread "Cache worker for execution history cache (C:\Users\user\AndroidStudioProjects\SchoolManagement2\.gradle\5.4.1\executionHistory)" [_thread_blocked, id=5276, stack(0x0000000023610000,0x0000000023710000)]
  0x000000001dafe000 JavaThread "Execution worker for ':' Thread 3" [_thread_blocked, id=7844, stack(0x00000000239a0000,0x0000000023aa0000)]
  0x000000001dafb000 JavaThread "Execution worker for ':' Thread 2" [_thread_blocked, id=4316, stack(0x00000000238a0000,0x00000000239a0000)]
  0x000000001daf3800 JavaThread "Execution worker for ':'" [_thread_blocked, id=388, stack(0x00000000237a0000,0x00000000238a0000)]
  0x000000001dafa800 JavaThread "Cache worker for file content cache (C:\Users\user\AndroidStudioProjects\SchoolManagement2\.gradle\5.4.1\fileContent)" [_thread_blocked, id=6756, stack(0x0000000021c90000,0x0000000021d90000)]
  0x000000001daf9800 JavaThread "Cache worker for file content cache (C:\Users\user\.gradle\caches\5.4.1\fileContent)" [_thread_blocked, id=5472, stack(0x0000000021a40000,0x0000000021b40000)]
  0x000000001daf9000 JavaThread "Memory manager" [_thread_blocked, id=7152, stack(0x0000000021b90000,0x0000000021c90000)]
  0x000000001daf3000 JavaThread "Cache worker for Build Output Cleanup Cache (C:\Users\user\AndroidStudioProjects\SchoolManagement2\.gradle\buildOutputCleanup)" [_thread_blocked, id=8004, stack(0x0000000020f40000,0x0000000021040000)]
  0x000000001daf6000 JavaThread "Build operations Thread 4" [_thread_blocked, id=7696, stack(0x0000000020840000,0x0000000020940000)]
  0x000000001daf2000 JavaThread "Build operations Thread 3" [_thread_blocked, id=8180, stack(0x0000000020740000,0x0000000020840000)]
  0x000000001daf6800 JavaThread "Build operations Thread 2" [_thread_blocked, id=5212, stack(0x00000000204d0000,0x00000000205d0000)]
  0x000000001daf4800 JavaThread "Build operations" [_thread_blocked, id=6792, stack(0x00000000203d0000,0x00000000204d0000)]
  0x000000001daf5000 JavaThread "Cache worker for execution history cache (C:\Users\user\.gradle\caches\5.4.1\executionHistory)" [_thread_blocked, id=8064, stack(0x0000000020640000,0x0000000020740000)]
  0x0000000019a40000 JavaThread "Cache worker for cache directory md-rule (C:\Users\user\.gradle\caches\5.4.1\md-rule)" [_thread_blocked, id=4532, stack(0x00000000200d0000,0x00000000201d0000)]
  0x0000000019a3e800 JavaThread "Cache worker for cache directory md-supplier (C:\Users\user\.gradle\caches\5.4.1\md-supplier)" [_thread_blocked, id=6816, stack(0x000000001ebf0000,0x000000001ecf0000)]
  0x0000000019a43000 JavaThread "Cache worker for file hash cache (C:\Users\user\AndroidStudioProjects\SchoolManagement2\.gradle\5.4.1\fileHashes)" [_thread_blocked, id=3640, stack(0x000000001d320000,0x000000001d420000)]
  0x0000000019a43800 JavaThread "Cache worker for journal cache (C:\Users\user\.gradle\caches\journal-1)" [_thread_blocked, id=3920, stack(0x000000001bd50000,0x000000001be50000)]
  0x0000000019a3f000 JavaThread "File lock request listener" [_thread_in_native, id=424, stack(0x000000001bc50000,0x000000001bd50000)]
  0x0000000019765800 JavaThread "Cache worker for file hash cache (C:\Users\user\.gradle\caches\5.4.1\fileHashes)" [_thread_blocked, id=3184, stack(0x000000001bb50000,0x000000001bc50000)]
  0x000000001997d000 JavaThread "Thread-9" [_thread_blocked, id=7160, stack(0x000000001ba50000,0x000000001bb50000)]
  0x0000000019978800 JavaThread "Asynchronous log dispatcher for DefaultDaemonConnection: socket connection from /127.0.0.1:53382 to /127.0.0.1:53383" [_thread_blocked, id=3188, stack(0x000000001b850000,0x000000001b950000)]
  0x0000000019766800 JavaThread "Daemon worker" [_thread_blocked, id=5716, stack(0x000000001b750000,0x000000001b850000)]
  0x0000000017e1c800 JavaThread "Cancel handler" [_thread_blocked, id=960, stack(0x000000001b650000,0x000000001b750000)]
  0x0000000017e1a800 JavaThread "Handler for socket connection from /127.0.0.1:53382 to /127.0.0.1:53383" [_thread_in_native, id=5520, stack(0x000000001b350000,0x000000001b450000)]
  0x0000000018d04800 JavaThread "Daemon" [_thread_blocked, id=4448, stack(0x000000001b250000,0x000000001b350000)]
  0x000000001925d000 JavaThread "Daemon periodic checks" [_thread_blocked, id=3572, stack(0x000000001b150000,0x000000001b250000)]
  0x0000000018a37800 JavaThread "Incoming local TCP Connector on port 53382" [_thread_in_native, id=2444, stack(0x000000001a900000,0x000000001aa00000)]
  0x0000000019b3d800 JavaThread "Daemon health stats" [_thread_blocked, id=5700, stack(0x000000001aa30000,0x000000001ab30000)]
  0x0000000017b80800 JavaThread "Service Thread" daemon [_thread_blocked, id=5024, stack(0x0000000017f60000,0x0000000018060000)]
=>0x0000000016220000 JavaThread "C1 CompilerThread2" daemon [_thread_in_native, id=5156, stack(0x0000000017a60000,0x0000000017b60000)]
  0x000000001621c000 JavaThread "C2 CompilerThread1" daemon [_thread_in_native, id=5088, stack(0x0000000017960000,0x0000000017a60000)]
  0x0000000016228800 JavaThread "C2 CompilerThread0" daemon [_thread_in_native, id=7816, stack(0x0000000017860000,0x0000000017960000)]
  0x0000000016227800 JavaThread "Attach Listener" daemon [_thread_blocked, id=7764, stack(0x0000000017760000,0x0000000017860000)]
  0x0000000016226800 JavaThread "Signal Dispatcher" daemon [_thread_blocked, id=3792, stack(0x0000000017660000,0x0000000017760000)]
  0x00000000028ab000 JavaThread "Finalizer" daemon [_thread_blocked, id=2876, stack(0x0000000017480000,0x0000000017580000)]
  0x0000000016209000 JavaThread "Reference Handler" daemon [_thread_blocked, id=7348, stack(0x0000000017380000,0x0000000017480000)]
  0x000000000278d800 JavaThread "main" [_thread_blocked, id=6360, stack(0x0000000002640000,0x0000000002740000)]

Other Threads:
  0x00000000161e7000 VMThread [stack: 0x0000000017280000,0x0000000017380000] [id=1784]
  0x000000001627d000 WatcherThread [stack: 0x0000000018060000,0x0000000018160000] [id=6088]

VM state:not at safepoint (normal execution)

VM Mutex/Monitor currently owned by a thread: None

heap address: 0x00000000a0000000, size: 1536 MB, Compressed Oops mode: 32-bit
Narrow klass base: 0x0000000000000000, Narrow klass shift: 3
Compressed class space size: 1073741824 Address: 0x0000000100000000

Heap:
 PSYoungGen      total 288256K, used 171795K [0x00000000e0000000, 0x00000000fa600000, 0x0000000100000000)
  eden space 241152K, 71% used [0x00000000e0000000,0x00000000ea7c4db8,0x00000000eeb80000)
  from space 47104K, 0% used [0x00000000eeb80000,0x00000000eeb80000,0x00000000f1980000)
  to   space 75264K, 0% used [0x00000000f5c80000,0x00000000f5c80000,0x00000000fa600000)
 ParOldGen       total 192512K, used 144672K [0x00000000a0000000, 0x00000000abc00000, 0x00000000e0000000)
  object space 192512K, 75% used [0x00000000a0000000,0x00000000a8d482c8,0x00000000abc00000)
 Metaspace       used 79800K, capacity 82474K, committed 82840K, reserved 1120256K
  class space    used 10472K, capacity 11053K, committed 11176K, reserved 1048576K

Card table byte_map: [0x0000000011c70000,0x0000000011f80000] byte_map_base: 0x0000000011770000

Marking Bits: (ParMarkBitMap*) 0x0000000066e09f30
 Begin Bits: [0x0000000012580000, 0x0000000013d80000)
 End Bits:   [0x0000000013d80000, 0x0000000015580000)

Polling page: 0x00000000009f0000

CodeCache: size=245760Kb used=41009Kb max_used=41713Kb free=204750Kb
 bounds [0x00000000028b0000, 0x00000000051c0000, 0x00000000118b0000]
 total_blobs=13100 nmethods=12249 adapters=762
 compilation: enabled

Compilation events (10 events):
Event: 101.853 Thread 0x0000000016220000 nmethod 15190 0x0000000003c80f50 code [0x0000000003c81100, 0x0000000003c815d8]
Event: 101.853 Thread 0x0000000016220000 15184       2       com.android.tools.r8.ir.conversion.IRBuilder::a (194 bytes)
Event: 101.854 Thread 0x0000000016220000 nmethod 15184 0x00000000032b7bd0 code [0x00000000032b7de0, 0x00000000032b8508]
Event: 101.854 Thread 0x0000000016220000 15191 %     3       com.android.tools.r8.n.a.a.a.g.B0$f::a @ 51 (150 bytes)
Event: 101.855 Thread 0x0000000016220000 nmethod 15191% 0x00000000032ce2d0 code [0x00000000032ce4a0, 0x00000000032cebb8]
Event: 101.855 Thread 0x0000000016220000 15192       2       com.android.tools.r8.ir.optimize.PeepholeOptimizer::a (1322 bytes)
Event: 101.868 Thread 0x0000000016220000 nmethod 15192 0x0000000004f9a7d0 code [0x0000000004f9b180, 0x0000000004f9f258]
Event: 101.868 Thread 0x0000000016220000 15198 %     3       java.util.IdentityHashMap::clear @ 17 (39 bytes)
Event: 101.868 Thread 0x0000000016220000 nmethod 15198% 0x000000000459fc90 code [0x000000000459fe00, 0x00000000045a01b0]
Event: 101.868 Thread 0x0000000016220000 15193       2       com.android.tools.r8.t.a.a.f::a (5949 bytes)

GC Heap History (10 events):
Event: 83.407 GC heap before
{Heap before GC invocations=20 (full 3):
 PSYoungGen      total 237568K, used 224803K [0x00000000e0000000, 0x00000000f0500000, 0x0000000100000000)
  eden space 211968K, 100% used [0x00000000e0000000,0x00000000ecf00000,0x00000000ecf00000)
  from space 25600K, 50% used [0x00000000eec00000,0x00000000ef888c00,0x00000000f0500000)
  to   space 27648K, 0% used [0x00000000ecf00000,0x00000000ecf00000,0x00000000eea00000)
 ParOldGen       total 90112K, used 59504K [0x00000000a0000000, 0x00000000a5800000, 0x00000000e0000000)
  object space 90112K, 66% used [0x00000000a0000000,0x00000000a3a1c0d8,0x00000000a5800000)
 Metaspace       used 70215K, capacity 72422K, committed 72472K, reserved 1112064K
  class space    used 9258K, capacity 9743K, committed 9768K, reserved 1048576K
Event: 83.489 GC heap after
Heap after GC invocations=20 (full 3):
 PSYoungGen      total 239616K, used 27636K [0x00000000e0000000, 0x00000000f4780000, 0x0000000100000000)
  eden space 211968K, 0% used [0x00000000e0000000,0x00000000e0000000,0x00000000ecf00000)
  from space 27648K, 99% used [0x00000000ecf00000,0x00000000ee9fd2b8,0x00000000eea00000)
  to   space 47104K, 0% used [0x00000000f1980000,0x00000000f1980000,0x00000000f4780000)
 ParOldGen       total 100864K, used 100375K [0x00000000a0000000, 0x00000000a6280000, 0x00000000e0000000)
  object space 100864K, 99% used [0x00000000a0000000,0x00000000a6205ef0,0x00000000a6280000)
 Metaspace       used 70215K, capacity 72422K, committed 72472K, reserved 1112064K
  class space    used 9258K, capacity 9743K, committed 9768K, reserved 1048576K
}
Event: 83.489 GC heap before
{Heap before GC invocations=21 (full 4):
 PSYoungGen      total 239616K, used 27636K [0x00000000e0000000, 0x00000000f4780000, 0x0000000100000000)
  eden space 211968K, 0% used [0x00000000e0000000,0x00000000e0000000,0x00000000ecf00000)
  from space 27648K, 99% used [0x00000000ecf00000,0x00000000ee9fd2b8,0x00000000eea00000)
  to   space 47104K, 0% used [0x00000000f1980000,0x00000000f1980000,0x00000000f4780000)
 ParOldGen       total 100864K, used 100375K [0x00000000a0000000, 0x00000000a6280000, 0x00000000e0000000)
  object space 100864K, 99% used [0x00000000a0000000,0x00000000a6205ef0,0x00000000a6280000)
 Metaspace       used 70215K, capacity 72422K, committed 72472K, reserved 1112064K
  class space    used 9258K, capacity 9743K, committed 9768K, reserved 1048576K
Event: 84.209 GC heap after
Heap after GC invocations=21 (full 4):
 PSYoungGen      total 239616K, used 4050K [0x00000000e0000000, 0x00000000f4780000, 0x0000000100000000)
  eden space 211968K, 0% used [0x00000000e0000000,0x00000000e0000000,0x00000000ecf00000)
  from space 27648K, 14% used [0x00000000ecf00000,0x00000000ed2f4b48,0x00000000eea00000)
  to   space 47104K, 0% used [0x00000000f1980000,0x00000000f1980000,0x00000000f4780000)
 ParOldGen       total 192512K, used 100643K [0x00000000a0000000, 0x00000000abc00000, 0x00000000e0000000)
  object space 192512K, 52% used [0x00000000a0000000,0x00000000a6248ec0,0x00000000abc00000)
 Metaspace       used 70153K, capacity 72248K, committed 72472K, reserved 1112064K
  class space    used 9238K, capacity 9708K, committed 9768K, reserved 1048576K
}
Event: 92.944 GC heap before
{Heap before GC invocations=22 (full 4):
 PSYoungGen      total 239616K, used 216018K [0x00000000e0000000, 0x00000000f4780000, 0x0000000100000000)
  eden space 211968K, 100% used [0x00000000e0000000,0x00000000ecf00000,0x00000000ecf00000)
  from space 27648K, 14% used [0x00000000ecf00000,0x00000000ed2f4b48,0x00000000eea00000)
  to   space 47104K, 0% used [0x00000000f1980000,0x00000000f1980000,0x00000000f4780000)
 ParOldGen       total 192512K, used 100643K [0x00000000a0000000, 0x00000000abc00000, 0x00000000e0000000)
  object space 192512K, 52% used [0x00000000a0000000,0x00000000a6248ec0,0x00000000abc00000)
 Metaspace       used 72888K, capacity 75146K, committed 75416K, reserved 1114112K
  class space    used 9486K, capacity 10041K, committed 10152K, reserved 1048576K
Event: 93.031 GC heap after
Heap after GC invocations=22 (full 4):
 PSYoungGen      total 288256K, used 25381K [0x00000000e0000000, 0x00000000f4900000, 0x0000000100000000)
  eden space 241152K, 0% used [0x00000000e0000000,0x00000000e0000000,0x00000000eeb80000)
  from space 47104K, 53% used [0x00000000f1980000,0x00000000f3249750,0x00000000f4780000)
  to   space 47104K, 0% used [0x00000000eeb80000,0x00000000eeb80000,0x00000000f1980000)
 ParOldGen       total 192512K, used 100715K [0x00000000a0000000, 0x00000000abc00000, 0x00000000e0000000)
  object space 192512K, 52% used [0x00000000a0000000,0x00000000a625aec0,0x00000000abc00000)
 Metaspace       used 72888K, capacity 75146K, committed 75416K, reserved 1114112K
  class space    used 9486K, capacity 10041K, committed 10152K, reserved 1048576K
}
Event: 99.619 GC heap before
{Heap before GC invocations=23 (full 4):
 PSYoungGen      total 288256K, used 266533K [0x00000000e0000000, 0x00000000f4900000, 0x0000000100000000)
  eden space 241152K, 100% used [0x00000000e0000000,0x00000000eeb80000,0x00000000eeb80000)
  from space 47104K, 53% used [0x00000000f1980000,0x00000000f3249750,0x00000000f4780000)
  to   space 47104K, 0% used [0x00000000eeb80000,0x00000000eeb80000,0x00000000f1980000)
 ParOldGen       total 192512K, used 100715K [0x00000000a0000000, 0x00000000abc00000, 0x00000000e0000000)
  object space 192512K, 52% used [0x00000000a0000000,0x00000000a625aec0,0x00000000abc00000)
 Metaspace       used 77962K, capacity 80580K, committed 80920K, reserved 1120256K
  class space    used 10326K, capacity 10924K, committed 11048K, reserved 1048576K
Event: 99.745 GC heap after
Heap after GC invocations=23 (full 4):
 PSYoungGen      total 288256K, used 47086K [0x00000000e0000000, 0x00000000fa600000, 0x0000000100000000)
  eden space 241152K, 0% used [0x00000000e0000000,0x00000000e0000000,0x00000000eeb80000)
  from space 47104K, 99% used [0x00000000eeb80000,0x00000000f197b9a0,0x00000000f1980000)
  to   space 75264K, 0% used [0x00000000f5c80000,0x00000000f5c80000,0x00000000fa600000)
 ParOldGen       total 192512K, used 156225K [0x00000000a0000000, 0x00000000abc00000, 0x00000000e0000000)
  object space 192512K, 81% used [0x00000000a0000000,0x00000000a98907f8,0x00000000abc00000)
 Metaspace       used 77962K, capacity 80580K, committed 80920K, reserved 1120256K
  class space    used 10326K, capacity 10924K, committed 11048K, reserved 1048576K
}
Event: 99.745 GC heap before
{Heap before GC invocations=24 (full 5):
 PSYoungGen      total 288256K, used 47086K [0x00000000e0000000, 0x00000000fa600000, 0x0000000100000000)
  eden space 241152K, 0% used [0x00000000e0000000,0x00000000e0000000,0x00000000eeb80000)
  from space 47104K, 99% used [0x00000000eeb80000,0x00000000f197b9a0,0x00000000f1980000)
  to   space 75264K, 0% used [0x00000000f5c80000,0x00000000f5c80000,0x00000000fa600000)
 ParOldGen       total 192512K, used 156225K [0x00000000a0000000, 0x00000000abc00000, 0x00000000e0000000)
  object space 192512K, 81% used [0x00000000a0000000,0x00000000a98907f8,0x00000000abc00000)
 Metaspace       used 77962K, capacity 80580K, committed 80920K, reserved 1120256K
  class space    used 10326K, capacity 10924K, committed 11048K, reserved 1048576K
Event: 100.294 GC heap after
Heap after GC invocations=24 (full 5):
 PSYoungGen      total 288256K, used 0K [0x00000000e0000000, 0x00000000fa600000, 0x0000000100000000)
  eden space 241152K, 0% used [0x00000000e0000000,0x00000000e0000000,0x00000000eeb80000)
  from space 47104K, 0% used [0x00000000eeb80000,0x00000000eeb80000,0x00000000f1980000)
  to   space 75264K, 0% used [0x00000000f5c80000,0x00000000f5c80000,0x00000000fa600000)
 ParOldGen       total 192512K, used 144672K [0x00000000a0000000, 0x00000000abc00000, 0x00000000e0000000)
  object space 192512K, 75% used [0x00000000a0000000,0x00000000a8d482c8,0x00000000abc00000)
 Metaspace       used 77655K, capacity 80128K, committed 80920K, reserved 1120256K
  class space    used 10284K, capacity 10850K, committed 11048K, reserved 1048576K
}

Deoptimization events (10 events):
Event: 100.677 Thread 0x000000001dafc800 Uncommon trap: reason=class_check action=maybe_recompile pc=0x0000000003ca1554 method=java.util.Map.computeIfAbsent(Ljava/lang/Object;Ljava/util/function/Function;)Ljava/lang/Object; @ 7
Event: 100.707 Thread 0x000000001db00800 Uncommon trap: reason=predicate action=maybe_recompile pc=0x0000000005066010 method=java.util.TreeMap.put(Ljava/lang/Object;Ljava/lang/Object;)Ljava/lang/Object; @ 132
Event: 100.745 Thread 0x000000001c8f0800 Uncommon trap: reason=class_check action=maybe_recompile pc=0x0000000002ea13f0 method=java.util.zip.InflaterInputStream.read([BII)I @ 100
Event: 100.745 Thread 0x000000001c8f0800 Uncommon trap: reason=class_check action=maybe_recompile pc=0x0000000002ea13f0 method=java.util.zip.InflaterInputStream.read([BII)I @ 100
Event: 100.745 Thread 0x000000001c8f0800 Uncommon trap: reason=class_check action=maybe_recompile pc=0x0000000002ea13f0 method=java.util.zip.InflaterInputStream.read([BII)I @ 100
Event: 100.762 Thread 0x000000001c8f7000 Uncommon trap: reason=unstable_if action=reinterpret pc=0x0000000003d19890 method=java.util.concurrent.ConcurrentLinkedQueue.offer(Ljava/lang/Object;)Z @ 40
Event: 100.875 Thread 0x000000001c8f7000 Uncommon trap: reason=unloaded action=reinterpret pc=0x0000000004489a70 method=com.android.tools.r8.code.InstructionFactory.readSequenceFrom(Ljava/nio/ShortBuffer;IILcom/android/tools/r8/graph/OffsetToObjectMapping;)[Lcom/android/tools/r8/code/Instruction
Event: 100.931 Thread 0x000000001dafc800 Uncommon trap: reason=unstable_if action=reinterpret pc=0x0000000003b75e90 method=com.android.tools.r8.graph.w.i(Ljava/lang/String;)I @ 52
Event: 101.463 Thread 0x000000001c8f0800 Uncommon trap: reason=class_check action=maybe_recompile pc=0x0000000002ea13f0 method=java.util.zip.InflaterInputStream.read([BII)I @ 100
Event: 101.466 Thread 0x000000001c8f8000 Uncommon trap: reason=unloaded action=reinterpret pc=0x0000000005123b80 method=com.android.tools.r8.code.InstructionFactory.readSequenceFrom(Ljava/nio/ShortBuffer;IILcom/android/tools/r8/graph/OffsetToObjectMapping;)[Lcom/android/tools/r8/code/Instruction

Classes redefined (0 events):
No events

Internal exceptions (10 events):
Event: 93.938 Thread 0x0000000019766800 Exception <a 'java/lang/NoSuchMethodError': <clinit>> (0x00000000e1c01fa8) thrown at [D:\src\AOSP-openjdk-cygwin\jdk8u\hotspot\src\share\vm\prims\jni.cpp, line 1614]
Event: 94.411 Thread 0x000000001dafc800 Exception <a 'sun/nio/fs/WindowsException'> (0x00000000e3160450) thrown at [D:\src\AOSP-openjdk-cygwin\jdk8u\hotspot\src\share\vm\prims\jni.cpp, line 710]
Event: 94.411 Thread 0x000000001db00800 Exception <a 'sun/nio/fs/WindowsException'> (0x00000000e33f6be0) thrown at [D:\src\AOSP-openjdk-cygwin\jdk8u\hotspot\src\share\vm\prims\jni.cpp, line 710]
Event: 96.683 Thread 0x000000001db00800 Exception <a 'java/lang/NoSuchMethodError': java.lang.Object.lambda$identity$2(Ljava/lang/Object;)Ljava/lang/Object;> (0x00000000e4b57c98) thrown at [D:\src\AOSP-openjdk-cygwin\jdk8u\hotspot\src\share\vm\interpreter\linkResolver.cpp, line 620]
Event: 96.683 Thread 0x000000001dafc800 Exception <a 'java/lang/NoSuchMethodError': java.lang.Object.lambda$identity$2(Ljava/lang/Object;)Ljava/lang/Object;> (0x00000000e47e5a58) thrown at [D:\src\AOSP-openjdk-cygwin\jdk8u\hotspot\src\share\vm\interpreter\linkResolver.cpp, line 620]
Event: 98.815 Thread 0x000000001daff800 Exception <a 'sun/nio/fs/WindowsException'> (0x00000000e75a7638) thrown at [D:\src\AOSP-openjdk-cygwin\jdk8u\hotspot\src\share\vm\prims\jni.cpp, line 710]
Event: 100.302 Thread 0x000000001db00800 Exception <a 'java/lang/NoSuchMethodError': java.lang.Object.lambda$maxBy$1(Ljava/util/Comparator;Ljava/lang/Object;Ljava/lang/Object;)Ljava/lang/Object;> (0x00000000e00ad5d8) thrown at [D:\src\AOSP-openjdk-cygwin\jdk8u\hotspot\src\share\vm\interpreter\li
Event: 100.448 Thread 0x000000001c8f8000 Implicit null exception at 0x00000000041cbcef to 0x00000000041cbddd
Event: 100.448 Thread 0x000000001c8fb000 Implicit null exception at 0x00000000041cbcef to 0x00000000041cbddd
Event: 100.448 Thread 0x000000001c8f8800 Implicit null exception at 0x00000000041cbcef to 0x00000000041cbddd

Events (10 events):
Event: 101.834 Thread 0x0000000016220000 flushing nmethod 0x0000000004fde090
Event: 101.834 Thread 0x0000000016220000 flushing nmethod 0x0000000004fdf250
Event: 101.834 Thread 0x0000000016220000 flushing nmethod 0x0000000004fe0510
Event: 101.834 Thread 0x0000000016220000 flushing nmethod 0x000000000500c790
Event: 101.834 Thread 0x0000000016220000 flushing nmethod 0x0000000005059890
Event: 101.834 Thread 0x0000000016220000 flushing nmethod 0x000000000505fd90
Event: 101.834 Thread 0x0000000016220000 flushing nmethod 0x0000000005081c10
Event: 101.834 Thread 0x0000000016220000 flushing nmethod 0x0000000005083e90
Event: 101.834 Thread 0x0000000016220000 flushing nmethod 0x0000000005085910
Event: 101.834 Thread 0x0000000016220000 flushing nmethod 0x0000000005087e90


Dynamic libraries:
0x00007ff7c6c20000 - 0x00007ff7c6c51000 	C:\Program Files\Android\Android Studio\jre\bin\java.exe
0x00007ff80cb20000 - 0x00007ff80cce2000 	C:\Windows\SYSTEM32\ntdll.dll
0x00007ff80ca10000 - 0x00007ff80cabd000 	C:\Windows\system32\KERNEL32.DLL
0x00007ff80a010000 - 0x00007ff80a1ed000 	C:\Windows\system32\KERNELBASE.dll
0x00007ff80aac0000 - 0x00007ff80ab66000 	C:\Windows\system32\ADVAPI32.dll
0x00007ff80adc0000 - 0x00007ff80ae5d000 	C:\Windows\system32\msvcrt.dll
0x00007ff80cac0000 - 0x00007ff80cb1b000 	C:\Windows\system32\sechost.dll
0x00007ff80c880000 - 0x00007ff80c9a6000 	C:\Windows\system32\RPCRT4.dll
0x00007ff80a610000 - 0x00007ff80a75e000 	C:\Windows\system32\USER32.dll
0x00007ff80ac30000 - 0x00007ff80adb5000 	C:\Windows\system32\GDI32.dll
0x00007ffffb3f0000 - 0x00007ffffb664000 	C:\Windows\WinSxS\amd64_microsoft.windows.common-controls_6595b64144ccf1df_6.0.10240.16384_none_f41f7b285750ef43\COMCTL32.dll
0x00007ff80c9d0000 - 0x00007ff80ca06000 	C:\Windows\system32\IMM32.DLL
0x00007ff80a3a0000 - 0x00007ff80a4fc000 	C:\Windows\system32\MSCTF.dll
0x0000000066480000 - 0x0000000066552000 	C:\Program Files\Android\Android Studio\jre\jre\bin\msvcr100.dll
0x0000000066640000 - 0x0000000066e86000 	C:\Program Files\Android\Android Studio\jre\jre\bin\server\jvm.dll
0x00007ff80c9b0000 - 0x00007ff80c9b8000 	C:\Windows\system32\PSAPI.DLL
0x00007ffffd790000 - 0x00007ffffd79a000 	C:\Windows\SYSTEM32\VERSION.dll
0x00007ffff8460000 - 0x00007ffff8483000 	C:\Windows\SYSTEM32\WINMM.dll
0x00007fffff9f0000 - 0x00007fffff9f9000 	C:\Windows\SYSTEM32\WSOCK32.dll
0x00007ff80c810000 - 0x00007ff80c879000 	C:\Windows\system32\WS2_32.dll
0x00007ff80c470000 - 0x00007ff80c478000 	C:\Windows\system32\NSI.dll
0x00007ff802760000 - 0x00007ff80278c000 	C:\Windows\SYSTEM32\WINMMBASE.dll
0x00007ff809fc0000 - 0x00007ff80a004000 	C:\Windows\system32\cfgmgr32.dll
0x00007ff807ec0000 - 0x00007ff807ee7000 	C:\Windows\SYSTEM32\DEVOBJ.dll
0x00007ff804e10000 - 0x00007ff804e1f000 	C:\Program Files\Android\Android Studio\jre\jre\bin\verify.dll
0x00007ff8048f0000 - 0x00007ff804919000 	C:\Program Files\Android\Android Studio\jre\jre\bin\java.dll
0x00007ff804080000 - 0x00007ff804096000 	C:\Program Files\Android\Android Studio\jre\jre\bin\zip.dll
0x00007ff80af40000 - 0x00007ff80c465000 	C:\Windows\system32\SHELL32.dll
0x00007ff809990000 - 0x00007ff809fb8000 	C:\Windows\system32\windows.storage.dll
0x00007ff80a840000 - 0x00007ff80aabc000 	C:\Windows\system32\combase.dll
0x00007ff80abd0000 - 0x00007ff80ac21000 	C:\Windows\system32\shlwapi.dll
0x00007ff8095e0000 - 0x00007ff8095ef000 	C:\Windows\system32\kernel.appcore.dll
0x00007ff8095f0000 - 0x00007ff8096a3000 	C:\Windows\system32\shcore.dll
0x00007ff809550000 - 0x00007ff80959a000 	C:\Windows\system32\powrprof.dll
0x00007ff8095a0000 - 0x00007ff8095b3000 	C:\Windows\system32\profapi.dll
0x00007ffffe020000 - 0x00007ffffe03a000 	C:\Program Files\Android\Android Studio\jre\jre\bin\net.dll
0x00007ff808dc0000 - 0x00007ff808e1d000 	C:\Windows\system32\mswsock.dll
0x00007ffffcae0000 - 0x00007ffffcaf1000 	C:\Program Files\Android\Android Studio\jre\jre\bin\nio.dll
0x00007ffffdfd0000 - 0x00007ffffdff6000 	C:\Users\user\.gradle\native\29\windows-amd64\native-platform.dll
0x00007ff804db0000 - 0x00007ff804dbd000 	C:\Program Files\Android\Android Studio\jre\jre\bin\management.dll
0x00007ff808e20000 - 0x00007ff808e37000 	C:\Windows\SYSTEM32\CRYPTSP.dll
0x00007ff809090000 - 0x00007ff8090b8000 	C:\Windows\SYSTEM32\bcrypt.dll
0x00007ff808a70000 - 0x00007ff808aa3000 	C:\Windows\system32\rsaenh.dll
0x00007ff808b60000 - 0x00007ff808b7f000 	C:\Windows\SYSTEM32\USERENV.dll
0x00007ff8093a0000 - 0x00007ff80940b000 	C:\Windows\system32\bcryptprimitives.dll
0x00007ff808f70000 - 0x00007ff808f7b000 	C:\Windows\SYSTEM32\CRYPTBASE.dll
0x00007ff8076a0000 - 0x00007ff8076d8000 	C:\Windows\SYSTEM32\IPHLPAPI.DLL
0x00007ff807680000 - 0x00007ff80768b000 	C:\Windows\SYSTEM32\WINNSI.DLL
0x00007ff803f40000 - 0x00007ff803f56000 	C:\Windows\SYSTEM32\dhcpcsvc6.DLL
0x00007ff803f20000 - 0x00007ff803f3a000 	C:\Windows\SYSTEM32\dhcpcsvc.DLL

VM Arguments:
jvm_args: -Xmx1536m -Dfile.encoding=windows-1252 -Duser.country=US -Duser.language=en -Duser.variant 
java_command: org.gradle.launcher.daemon.bootstrap.GradleDaemon 5.4.1
java_class_path (initial): C:\Users\user\.gradle\wrapper\dists\gradle-5.4.1-all\3221gyojl5jsh0helicew7rwx\gradle-5.4.1\lib\gradle-launcher-5.4.1.jar
Launcher Type: SUN_STANDARD

Environment Variables:
JAVA_HOME=C:\Program Files\Java\jdk1.8.0_231
PATH=C:\Windows\system32;C:\Windows;C:\Windows\System32\Wbem;C:\Windows\System32\WindowsPowerShell\v1.0\;C:\Program Files\Java\jdk-11.0.2\bin;C:\Program Files\Java\jdk1.8.0_231\bin;C:\Users\user\AppData\Local\Programs\Python\Python38;C:\Program Files\Git\cmd;C:\Program Files\Java\jdk-11.0.2\bin;C:\Program Files\Java\jdk1.8.0_231\bin;%DASHLANE_DLL_DIR%
USERNAME=JUST
OS=Windows_NT
PROCESSOR_IDENTIFIER=Intel64 Family 6 Model 69 Stepping 1, GenuineIntel



---------------  S Y S T E M  ---------------

OS: Windows 10.0 , 64 bit Build 10240 (10.0.10240.16384)

CPU:total 4 (initial active 4) (2 cores per cpu, 2 threads per core) family 6 model 69 stepping 1, cmov, cx8, fxsr, mmx, sse, sse2, sse3, ssse3, sse4.1, sse4.2, popcnt, avx, avx2, aes, clmul, erms, lzcnt, ht, tsc, tscinvbit, bmi1, bmi2

Memory: 4k page, physical 3874620k(570148k free), swap 5275452k(5136k free)

vm_info: OpenJDK 64-Bit Server VM (25.202-b03) for windows-amd64 JRE (1.8.0_202-release-1483-b03), built by "builder" with MS VC++ 10.0 (VS2010)

time: Tue Apr 14 13:03:14 2020
timezone: E. Africa Standard Time
elapsed time: 101 seconds (0d 0h 1m 41s)

