#
# There is insufficient memory for the Java Runtime Environment to continue.
# Native memory allocation (malloc) failed to allocate 131088 bytes for Chunk::new
# Possible reasons:
#   The system is out of physical RAM or swap space
#   The process is running with CompressedOops enabled, and the Java Heap may be blocking the growth of the native heap
# Possible solutions:
#   Reduce memory load on the system
#   Increase physical memory or swap space
#   Check if swap backing store is full
#   Decrease Java heap size (-Xmx/-Xms)
#   Decrease number of Java threads
#   Decrease Java thread stack sizes (-Xss)
#   Set larger code cache with -XX:ReservedCodeCacheSize=
#   JVM is running with Unscaled Compressed Oops mode in which the Java heap is
#     placed in the first 4GB address space. The Java Heap base address is the
#     maximum limit for the native heap growth. Please use -XX:HeapBaseMinAddress
#     to set the Java Heap base and to place the Java Heap above 4GB virtual address.
# This output file may be truncated or incomplete.
#
#  Out of Memory Error (allocation.cpp:389), pid=2668, tid=0x0000000000001f00
#
# JRE version: OpenJDK Runtime Environment (8.0_202-b03) (build 1.8.0_202-release-1483-b03)
# Java VM: OpenJDK 64-Bit Server VM (25.202-b03 mixed mode windows-amd64 compressed oops)
# Failed to write core dump. Minidumps are not enabled by default on client versions of Windows
#

---------------  T H R E A D  ---------------

Current thread (0x000000001645b000):  JavaThread "C2 CompilerThread1" daemon [_thread_in_native, id=7936, stack(0x0000000017b90000,0x0000000017c90000)]

Stack: [0x0000000017b90000,0x0000000017c90000]
[error occurred during error reporting (printing stack bounds), id 0xc0000005]

Native frames: (J=compiled Java code, j=interpreted, Vv=VM code, C=native code)


Current CompileTask:
C2:7033760 27777 %     4       com.android.tools.r8.ir.regalloc.LinearScanRegisterAllocator::a @ 2036 (3743 bytes)


---------------  P R O C E S S  ---------------

Java Threads: ( => current thread )
  0x000000001b7b6000 JavaThread "Cache worker for Java compile cache (C:\Users\user\AndroidStudioProjects\SchoolManagement2\.gradle\5.4.1\javaCompile)" [_thread_blocked, id=4708, stack(0x0000000027840000,0x0000000027940000)]
  0x000000001b7b5800 JavaThread "Cache worker for Java compile cache (C:\Users\user\.gradle\caches\5.4.1\javaCompile)" [_thread_blocked, id=5504, stack(0x000000001ddc0000,0x000000001dec0000)]
  0x000000001b7b4000 JavaThread "stdout" [_thread_in_native, id=2764, stack(0x000000002aba0000,0x000000002aca0000)]
  0x000000001b7b7800 JavaThread "stdout" [_thread_in_native, id=7908, stack(0x000000002aaa0000,0x000000002aba0000)]
  0x000000001b7b9000 JavaThread "stdout" [_thread_in_native, id=1368, stack(0x000000002a9a0000,0x000000002aaa0000)]
  0x000000001b7b8800 JavaThread "stdout" [_thread_in_native, id=6388, stack(0x000000002a8a0000,0x000000002a9a0000)]
  0x000000001b7b3000 JavaThread "stderr" [_thread_in_native, id=332, stack(0x000000002a7a0000,0x000000002a8a0000)]
  0x0000000020524800 JavaThread "stderr" [_thread_in_native, id=5728, stack(0x000000002a6a0000,0x000000002a7a0000)]
  0x0000000018896000 JavaThread "stderr" [_thread_in_native, id=7156, stack(0x000000002a5a0000,0x000000002a6a0000)]
  0x0000000018895000 JavaThread "stderr" [_thread_in_native, id=7540, stack(0x000000002a4a0000,0x000000002a5a0000)]
  0x0000000018894800 JavaThread "pool-23-thread-1" [_thread_blocked, id=6960, stack(0x000000002a3a0000,0x000000002a4a0000)]
  0x000000001b728000 JavaThread "MarlinRenderer Disposer" daemon [_thread_blocked, id=4620, stack(0x000000002a030000,0x000000002a130000)]
  0x000000001b72c800 JavaThread "WorkerExecutor Queue Thread 5" [_thread_in_native, id=5516, stack(0x000000002a2a0000,0x000000002a3a0000)]
  0x000000001b72a000 JavaThread "Java2D Disposer" daemon [_thread_blocked, id=5400, stack(0x000000002a1a0000,0x000000002a2a0000)]
  0x000000001b720800 JavaThread "WorkerExecutor Queue Thread 4" [_thread_blocked, id=7132, stack(0x0000000029a30000,0x0000000029b30000)]
  0x000000001b727000 JavaThread "WorkerExecutor Queue Thread 3" [_thread_blocked, id=3032, stack(0x0000000029930000,0x0000000029a30000)]
  0x000000001b721000 JavaThread "WorkerExecutor Queue" [_thread_blocked, id=1088, stack(0x0000000029830000,0x0000000029930000)]
  0x000000001b71f800 JavaThread "Cache worker for execution history cache (C:\Users\user\AndroidStudioProjects\SchoolManagement2\.gradle\5.4.1\executionHistory)" [_thread_blocked, id=7508, stack(0x0000000029730000,0x0000000029830000)]
  0x000000001b724000 JavaThread "Execution worker for ':' Thread 3" [_thread_in_Java, id=5272, stack(0x0000000029180000,0x0000000029280000)]
  0x0000000020531800 JavaThread "Execution worker for ':' Thread 2" [_thread_blocked, id=3184, stack(0x0000000029080000,0x0000000029180000)]
  0x0000000020530800 JavaThread "Execution worker for ':'" [_thread_blocked, id=4948, stack(0x0000000027f40000,0x0000000028040000)]
  0x0000000020530000 JavaThread "Cache worker for file content cache (C:\Users\user\AndroidStudioProjects\SchoolManagement2\.gradle\5.4.1\fileContent)" [_thread_blocked, id=1204, stack(0x0000000027e40000,0x0000000027f40000)]
  0x0000000020528800 JavaThread "Cache worker for file content cache (C:\Users\user\.gradle\caches\5.4.1\fileContent)" [_thread_blocked, id=5804, stack(0x0000000027b40000,0x0000000027c40000)]
  0x000000002052e800 JavaThread "Cache worker for Build Output Cleanup Cache (C:\Users\user\AndroidStudioProjects\SchoolManagement2\.gradle\buildOutputCleanup)" [_thread_blocked, id=4180, stack(0x0000000027540000,0x0000000027640000)]
  0x0000000020527800 JavaThread "Build operations Thread 4" [_thread_blocked, id=4120, stack(0x0000000027240000,0x0000000027340000)]
  0x000000002052d800 JavaThread "Build operations Thread 3" [_thread_blocked, id=7440, stack(0x0000000025ed0000,0x0000000025fd0000)]
  0x0000000020526000 JavaThread "Build operations Thread 2" [_thread_blocked, id=6332, stack(0x00000000247d0000,0x00000000248d0000)]
  0x000000002052d000 JavaThread "Build operations" [_thread_blocked, id=3480, stack(0x0000000021fc0000,0x00000000220c0000)]
  0x000000002052b800 JavaThread "Cache worker for cache directory md-rule (C:\Users\user\.gradle\caches\5.4.1\md-rule)" [_thread_blocked, id=3812, stack(0x0000000021ec0000,0x0000000021fc0000)]
  0x000000002052a000 JavaThread "Cache worker for cache directory md-supplier (C:\Users\user\.gradle\caches\5.4.1\md-supplier)" [_thread_blocked, id=6012, stack(0x0000000021dc0000,0x0000000021ec0000)]
  0x0000000020525800 JavaThread "Cache worker for file hash cache (C:\Users\user\AndroidStudioProjects\SchoolManagement2\.gradle\5.4.1\fileHashes)" [_thread_blocked, id=7300, stack(0x0000000020cc0000,0x0000000020dc0000)]
  0x000000002052c000 JavaThread "Thread-199" [_thread_blocked, id=8188, stack(0x0000000020bc0000,0x0000000020cc0000)]
  0x0000000020522800 JavaThread "Asynchronous log dispatcher for DefaultDaemonConnection: socket connection from /127.0.0.1:50369 to /127.0.0.1:51304" [_thread_blocked, id=4980, stack(0x000000001dcc0000,0x000000001ddc0000)]
  0x0000000020524000 JavaThread "Daemon worker Thread 7" [_thread_in_Java, id=6312, stack(0x000000001c550000,0x000000001c650000)]
  0x0000000020527000 JavaThread "Cancel handler" [_thread_blocked, id=4268, stack(0x000000001ac80000,0x000000001ad80000)]
  0x0000000020523000 JavaThread "Handler for socket connection from /127.0.0.1:50369 to /127.0.0.1:51304" [_thread_in_native, id=5552, stack(0x000000001aa80000,0x000000001ab80000)]
  0x0000000020529000 JavaThread "Daemon Thread 7" [_thread_blocked, id=5040, stack(0x0000000000f70000,0x0000000001070000)]
  0x000000001b71f000 JavaThread "Memory manager" [_thread_blocked, id=1700, stack(0x000000001ab80000,0x000000001ac80000)]
  0x000000001b722800 JavaThread "Cache worker for execution history cache (C:\Users\user\.gradle\caches\5.4.1\executionHistory)" [_thread_in_native, id=5376, stack(0x000000001f690000,0x000000001f790000)]
  0x0000000018893800 JavaThread "Cache worker for journal cache (C:\Users\user\.gradle\caches\journal-1)" [_thread_blocked, id=3572, stack(0x000000001af80000,0x000000001b080000)]
  0x0000000018896800 JavaThread "File lock request listener" [_thread_in_native, id=8152, stack(0x000000001ae80000,0x000000001af80000)]
  0x0000000018015800 JavaThread "Cache worker for file hash cache (C:\Users\user\.gradle\caches\5.4.1\fileHashes)" [_thread_blocked, id=4860, stack(0x000000001ad80000,0x000000001ae80000)]
  0x0000000019625000 JavaThread "Daemon periodic checks" [_thread_blocked, id=1520, stack(0x000000001a380000,0x000000001a480000)]
  0x0000000019621000 JavaThread "Incoming local TCP Connector on port 50369" [_thread_in_native, id=5644, stack(0x000000001a1a0000,0x000000001a2a0000)]
  0x0000000019362800 JavaThread "Daemon health stats" [_thread_blocked, id=2600, stack(0x0000000019b60000,0x0000000019c60000)]
  0x0000000017dc8800 JavaThread "Service Thread" daemon [_thread_blocked, id=2376, stack(0x0000000018190000,0x0000000018290000)]
  0x0000000016461800 JavaThread "C1 CompilerThread2" daemon [_thread_in_native, id=4972, stack(0x0000000017c90000,0x0000000017d90000)]
=>0x000000001645b000 JavaThread "C2 CompilerThread1" daemon [_thread_in_native, id=7936, stack(0x0000000017b90000,0x0000000017c90000)]
  0x0000000016467000 JavaThread "C2 CompilerThread0" daemon [_thread_in_native, id=8080, stack(0x0000000017a90000,0x0000000017b90000)]
  0x0000000016465800 JavaThread "Attach Listener" daemon [_thread_blocked, id=7788, stack(0x0000000017990000,0x0000000017a90000)]
  0x0000000016464000 JavaThread "Signal Dispatcher" daemon [_thread_blocked, id=2876, stack(0x0000000017890000,0x0000000017990000)]
  0x0000000002aeb000 JavaThread "Finalizer" daemon [_thread_blocked, id=2448, stack(0x00000000176b0000,0x00000000177b0000)]
  0x0000000016449000 JavaThread "Reference Handler" daemon [_thread_blocked, id=112, stack(0x00000000175b0000,0x00000000176b0000)]
  0x00000000010bd800 JavaThread "main" [_thread_blocked, id=5808, stack(0x00000000028f0000,0x00000000029f0000)]

Other Threads:
  0x0000000016426000 VMThread [stack: 0x00000000174b0000,0x00000000175b0000] [id=3040]
  0x00000000164b9000 WatcherThread [stack: 0x0000000018290000,0x0000000018390000] [id=3276]

VM state:not at safepoint (normal execution)

VM Mutex/Monitor currently owned by a thread: None

OutOfMemory and StackOverflow Exception counts:
OutOfMemoryError java_heap_errors=1

heap address: 0x00000000a0000000, size: 1536 MB, Compressed Oops mode: 32-bit
Narrow klass base: 0x0000000000000000, Narrow klass shift: 3
Compressed class space size: 1073741824 Address: 0x0000000100000000

Heap:
 PSYoungGen      total 355328K, used 205436K [0x00000000e0000000, 0x00000000f8f80000, 0x0000000100000000)
  eden space 330240K, 58% used [0x00000000e0000000,0x00000000ebb8a268,0x00000000f4280000)
  from space 25088K, 53% used [0x00000000f6600000,0x00000000f7315030,0x00000000f7e80000)
  to   space 17408K, 0% used [0x00000000f7e80000,0x00000000f7e80000,0x00000000f8f80000)
 ParOldGen       total 199168K, used 118924K [0x00000000a0000000, 0x00000000ac280000, 0x00000000e0000000)
  object space 199168K, 59% used [0x00000000a0000000,0x00000000a7423210,0x00000000ac280000)
 Metaspace       used 123091K, capacity 129494K, committed 130452K, reserved 1163264K
  class space    used 15219K, capacity 16374K, committed 16828K, reserved 1048576K

Card table byte_map: [0x0000000011eb0000,0x00000000121c0000] byte_map_base: 0x00000000119b0000

Marking Bits: (ParMarkBitMap*) 0x00000000669c9f30
 Begin Bits: [0x00000000127c0000, 0x0000000013fc0000)
 End Bits:   [0x0000000013fc0000, 0x00000000157c0000)

Polling page: 0x0000000000ba0000

CodeCache: size=245760Kb used=80856Kb max_used=80856Kb free=164903Kb
 bounds [0x0000000002af0000, 0x0000000007a70000, 0x0000000011af0000]
 total_blobs=23398 nmethods=22382 adapters=927
 compilation: enabled

Compilation events (10 events):
Event: 7030.919 Thread 0x0000000016461800 nmethod 28273 0x0000000004cafad0 code [0x0000000004cafe60, 0x0000000004cb0dd8]
Event: 7030.919 Thread 0x0000000016461800 28274       2       com.android.tools.r8.n.a.a.a.g.b1::g (151 bytes)
Event: 7030.920 Thread 0x0000000016461800 nmethod 28274 0x0000000003dcf450 code [0x0000000003dcf620, 0x0000000003dcfaa8]
Event: 7030.959 Thread 0x0000000016461800 28275       2       com.android.tools.r8.t.a.a.G.t::a (78 bytes)
Event: 7030.960 Thread 0x0000000016461800 nmethod 28275 0x0000000004caf210 code [0x0000000004caf3c0, 0x0000000004caf878]
Event: 7030.982 Thread 0x0000000016461800 28277       3       com.android.tools.r8.ir.code.IRCode::u (233 bytes)
Event: 7030.998 Thread 0x0000000016461800 nmethod 28277 0x0000000004cac990 code [0x0000000004cacd20, 0x0000000004cae368]
Event: 7030.998 Thread 0x0000000016461800 28279 %     3       com.android.tools.r8.ir.optimize.CodeRewriter::a @ 19 (651 bytes)
Event: 7031.006 Thread 0x0000000016461800 nmethod 28279% 0x0000000005be5c10 code [0x0000000005be65c0, 0x0000000005bece98]
Event: 7031.007 Thread 0x0000000016461800 28278       3       com.android.tools.r8.ir.optimize.CodeRewriter::k (1621 bytes)

GC Heap History (10 events):
Event: 7006.889 GC heap before
{Heap before GC invocations=38 (full 5):
 PSYoungGen      total 384000K, used 377344K [0x00000000e0000000, 0x00000000fb300000, 0x0000000100000000)
  eden space 377344K, 100% used [0x00000000e0000000,0x00000000f7080000,0x00000000f7080000)
  from space 6656K, 0% used [0x00000000fac80000,0x00000000fac80000,0x00000000fb300000)
  to   space 31744K, 0% used [0x00000000f7500000,0x00000000f7500000,0x00000000f9400000)
 ParOldGen       total 133632K, used 68668K [0x00000000a0000000, 0x00000000a8280000, 0x00000000e0000000)
  object space 133632K, 51% used [0x00000000a0000000,0x00000000a430f0e8,0x00000000a8280000)
 Metaspace       used 113452K, capacity 118996K, committed 120596K, reserved 1155072K
  class space    used 13946K, capacity 15009K, committed 15420K, reserved 1048576K
Event: 7006.942 GC heap after
Heap after GC invocations=38 (full 5):
 PSYoungGen      total 375296K, used 14184K [0x00000000e0000000, 0x00000000fad00000, 0x0000000100000000)
  eden space 360960K, 0% used [0x00000000e0000000,0x00000000e0000000,0x00000000f6080000)
  from space 14336K, 98% used [0x00000000f7500000,0x00000000f82da370,0x00000000f8300000)
  to   space 30720K, 0% used [0x00000000f8f00000,0x00000000f8f00000,0x00000000fad00000)
 ParOldGen       total 133632K, used 68676K [0x00000000a0000000, 0x00000000a8280000, 0x00000000e0000000)
  object space 133632K, 51% used [0x00000000a0000000,0x00000000a43110e8,0x00000000a8280000)
 Metaspace       used 113452K, capacity 118996K, committed 120596K, reserved 1155072K
  class space    used 13946K, capacity 15009K, committed 15420K, reserved 1048576K
}
Event: 7018.492 GC heap before
{Heap before GC invocations=39 (full 5):
 PSYoungGen      total 375296K, used 375144K [0x00000000e0000000, 0x00000000fad00000, 0x0000000100000000)
  eden space 360960K, 100% used [0x00000000e0000000,0x00000000f6080000,0x00000000f6080000)
  from space 14336K, 98% used [0x00000000f7500000,0x00000000f82da370,0x00000000f8300000)
  to   space 30720K, 0% used [0x00000000f8f00000,0x00000000f8f00000,0x00000000fad00000)
 ParOldGen       total 133632K, used 68679K [0x00000000a0000000, 0x00000000a8280000, 0x00000000e0000000)
  object space 133632K, 51% used [0x00000000a0000000,0x00000000a4311ff0,0x00000000a8280000)
 Metaspace       used 114780K, capacity 120450K, committed 122004K, reserved 1155072K
  class space    used 14145K, capacity 15210K, committed 15548K, reserved 1048576K
Event: 7018.565 GC heap after
Heap after GC invocations=39 (full 5):
 PSYoungGen      total 365568K, used 19994K [0x00000000e0000000, 0x00000000fa300000, 0x0000000100000000)
  eden space 345088K, 0% used [0x00000000e0000000,0x00000000e0000000,0x00000000f5100000)
  from space 20480K, 97% used [0x00000000f8f00000,0x00000000fa286ba0,0x00000000fa300000)
  to   space 31232K, 0% used [0x00000000f6600000,0x00000000f6600000,0x00000000f8480000)
 ParOldGen       total 133632K, used 68695K [0x00000000a0000000, 0x00000000a8280000, 0x00000000e0000000)
  object space 133632K, 51% used [0x00000000a0000000,0x00000000a4315ff0,0x00000000a8280000)
 Metaspace       used 114780K, capacity 120450K, committed 122004K, reserved 1155072K
  class space    used 14145K, capacity 15210K, committed 15548K, reserved 1048576K
}
Event: 7027.007 GC heap before
{Heap before GC invocations=40 (full 5):
 PSYoungGen      total 365568K, used 365082K [0x00000000e0000000, 0x00000000fa300000, 0x0000000100000000)
  eden space 345088K, 100% used [0x00000000e0000000,0x00000000f5100000,0x00000000f5100000)
  from space 20480K, 97% used [0x00000000f8f00000,0x00000000fa286ba0,0x00000000fa300000)
  to   space 31232K, 0% used [0x00000000f6600000,0x00000000f6600000,0x00000000f8480000)
 ParOldGen       total 133632K, used 68695K [0x00000000a0000000, 0x00000000a8280000, 0x00000000e0000000)
  object space 133632K, 51% used [0x00000000a0000000,0x00000000a4315ff0,0x00000000a8280000)
 Metaspace       used 122924K, capacity 129686K, committed 130196K, reserved 1163264K
  class space    used 15268K, capacity 16490K, committed 16828K, reserved 1048576K
Event: 7027.098 GC heap after
Heap after GC invocations=40 (full 5):
 PSYoungGen      total 355328K, used 24865K [0x00000000e0000000, 0x00000000f8f80000, 0x0000000100000000)
  eden space 330240K, 0% used [0x00000000e0000000,0x00000000e0000000,0x00000000f4280000)
  from space 25088K, 99% used [0x00000000f6600000,0x00000000f7e48460,0x00000000f7e80000)
  to   space 17408K, 0% used [0x00000000f7e80000,0x00000000f7e80000,0x00000000f8f80000)
 ParOldGen       total 133632K, used 80537K [0x00000000a0000000, 0x00000000a8280000, 0x00000000e0000000)
  object space 133632K, 60% used [0x00000000a0000000,0x00000000a4ea64f8,0x00000000a8280000)
 Metaspace       used 122924K, capacity 129686K, committed 130196K, reserved 1163264K
  class space    used 15268K, capacity 16490K, committed 16828K, reserved 1048576K
}
Event: 7028.464 GC heap before
{Heap before GC invocations=41 (full 5):
 PSYoungGen      total 355328K, used 355105K [0x00000000e0000000, 0x00000000f8f80000, 0x0000000100000000)
  eden space 330240K, 100% used [0x00000000e0000000,0x00000000f4280000,0x00000000f4280000)
  from space 25088K, 99% used [0x00000000f6600000,0x00000000f7e48460,0x00000000f7e80000)
  to   space 17408K, 0% used [0x00000000f7e80000,0x00000000f7e80000,0x00000000f8f80000)
 ParOldGen       total 133632K, used 80537K [0x00000000a0000000, 0x00000000a8280000, 0x00000000e0000000)
  object space 133632K, 60% used [0x00000000a0000000,0x00000000a4ea64f8,0x00000000a8280000)
 Metaspace       used 123090K, capacity 129850K, committed 130452K, reserved 1163264K
  class space    used 15279K, capacity 16496K, committed 16828K, reserved 1048576K
Event: 7028.556 GC heap after
Heap after GC invocations=41 (full 5):
 PSYoungGen      total 347648K, used 17381K [0x00000000e0000000, 0x00000000f8f80000, 0x0000000100000000)
  eden space 330240K, 0% used [0x00000000e0000000,0x00000000e0000000,0x00000000f4280000)
  from space 17408K, 99% used [0x00000000f7e80000,0x00000000f8f79750,0x00000000f8f80000)
  to   space 25088K, 0% used [0x00000000f6600000,0x00000000f6600000,0x00000000f7e80000)
 ParOldGen       total 133632K, used 110226K [0x00000000a0000000, 0x00000000a8280000, 0x00000000e0000000)
  object space 133632K, 82% used [0x00000000a0000000,0x00000000a6ba48d0,0x00000000a8280000)
 Metaspace       used 123090K, capacity 129850K, committed 130452K, reserved 1163264K
  class space    used 15279K, capacity 16496K, committed 16828K, reserved 1048576K
}
Event: 7028.575 GC heap before
{Heap before GC invocations=42 (full 6):
 PSYoungGen      total 347648K, used 17381K [0x00000000e0000000, 0x00000000f8f80000, 0x0000000100000000)
  eden space 330240K, 0% used [0x00000000e0000000,0x00000000e0000000,0x00000000f4280000)
  from space 17408K, 99% used [0x00000000f7e80000,0x00000000f8f79750,0x00000000f8f80000)
  to   space 25088K, 0% used [0x00000000f6600000,0x00000000f6600000,0x00000000f7e80000)
 ParOldGen       total 133632K, used 110226K [0x00000000a0000000, 0x00000000a8280000, 0x00000000e0000000)
  object space 133632K, 82% used [0x00000000a0000000,0x00000000a6ba48d0,0x00000000a8280000)
 Metaspace       used 123090K, capacity 129850K, committed 130452K, reserved 1163264K
  class space    used 15279K, capacity 16496K, committed 16828K, reserved 1048576K
Event: 7029.559 GC heap after
Heap after GC invocations=42 (full 6):
 PSYoungGen      total 347648K, used 0K [0x00000000e0000000, 0x00000000f8f80000, 0x0000000100000000)
  eden space 330240K, 0% used [0x00000000e0000000,0x00000000e0000000,0x00000000f4280000)
  from space 17408K, 0% used [0x00000000f7e80000,0x00000000f7e80000,0x00000000f8f80000)
  to   space 25088K, 0% used [0x00000000f6600000,0x00000000f6600000,0x00000000f7e80000)
 ParOldGen       total 199168K, used 118916K [0x00000000a0000000, 0x00000000ac280000, 0x00000000e0000000)
  object space 199168K, 59% used [0x00000000a0000000,0x00000000a7421210,0x00000000ac280000)
 Metaspace       used 122866K, capacity 129226K, committed 130452K, reserved 1163264K
  class space    used 15202K, capacity 16360K, committed 16828K, reserved 1048576K
}

Deoptimization events (10 events):
Event: 7027.692 Thread 0x0000000020524000 Uncommon trap: reason=unstable_if action=reinterpret pc=0x0000000006f238e8 method=com.android.tools.r8.t.a.a.f.a(II[C)Ljava/lang/String; @ 32
Event: 7027.763 Thread 0x000000001b724000 Uncommon trap: reason=unstable_if action=reinterpret pc=0x00000000078d065c method=com.android.tools.r8.ir.analysis.type.TypeLatticeElement.l()Z @ 32
Event: 7027.778 Thread 0x0000000020524000 Uncommon trap: reason=unstable_if action=reinterpret pc=0x0000000006150134 method=java.util.concurrent.ConcurrentHashMap.computeIfAbsent(Ljava/lang/Object;Ljava/util/function/Function;)Ljava/lang/Object; @ 281
Event: 7028.115 Thread 0x000000001b724000 Uncommon trap: reason=unstable_if action=reinterpret pc=0x000000000797ca1c method=com.android.tools.r8.ir.conversion.N.c(Lcom/android/tools/r8/t/a/a/G/a;)[I @ 25
Event: 7029.688 Thread 0x0000000020531800 Uncommon trap: reason=unstable_if action=reinterpret pc=0x0000000002d23fd0 method=java.util.HashMap.getNode(ILjava/lang/Object;)Ljava/util/HashMap$Node; @ 84
Event: 7029.688 Thread 0x0000000020531800 Uncommon trap: reason=unstable_if action=reinterpret pc=0x000000000334ab6c method=java.util.HashMap.getNode(ILjava/lang/Object;)Ljava/util/HashMap$Node; @ 84
Event: 7029.689 Thread 0x0000000020531800 Uncommon trap: reason=unstable_if action=reinterpret pc=0x000000000331be9c method=java.util.HashMap.getNode(ILjava/lang/Object;)Ljava/util/HashMap$Node; @ 84
Event: 7030.082 Thread 0x000000001b724000 Uncommon trap: reason=unstable_if action=reinterpret pc=0x0000000007a10034 method=com.android.tools.r8.ir.optimize.z.a(Lcom/android/tools/r8/ir/code/Instruction;)Z @ 146
Event: 7030.093 Thread 0x000000001b724000 Uncommon trap: reason=unstable_if action=reinterpret pc=0x00000000062cd52c method=com.android.tools.r8.n.a.a.a.g.B0.a(ILjava/lang/Object;)Ljava/lang/Object; @ 95
Event: 7030.824 Thread 0x0000000020531800 Uncommon trap: reason=unstable_if action=reinterpret pc=0x00000000075b71cc method=com.android.tools.r8.ir.code.Position.equals(Ljava/lang/Object;)Z @ 27

Classes redefined (0 events):
No events

Internal exceptions (10 events):
Event: 7025.888 Thread 0x0000000020524000 Exception <a 'sun/nio/fs/WindowsException'> (0x00000000ec754b50) thrown at [D:\src\AOSP-openjdk-cygwin\jdk8u\hotspot\src\share\vm\prims\jni.cpp, line 710]
Event: 7026.410 Thread 0x0000000020524000 Exception <a 'sun/nio/fs/WindowsException'> (0x00000000ec7a7ad0) thrown at [D:\src\AOSP-openjdk-cygwin\jdk8u\hotspot\src\share\vm\prims\jni.cpp, line 710]
Event: 7026.817 Thread 0x000000001b72c800 Implicit null exception at 0x0000000006d4612a to 0x0000000006d46179
Event: 7026.817 Thread 0x000000001b72c800 Implicit null exception at 0x0000000003be84b0 to 0x0000000003be84c0
Event: 7026.985 Thread 0x0000000020524000 Exception <a 'sun/nio/fs/WindowsException'> (0x00000000f3822d30) thrown at [D:\src\AOSP-openjdk-cygwin\jdk8u\hotspot\src\share\vm\prims\jni.cpp, line 710]
Event: 7027.685 Thread 0x0000000020524000 Exception <a 'sun/nio/fs/WindowsException'> (0x00000000e8b2ff38) thrown at [D:\src\AOSP-openjdk-cygwin\jdk8u\hotspot\src\share\vm\prims\jni.cpp, line 710]
Event: 7030.046 Thread 0x0000000020531800 Exception <a 'sun/nio/fs/WindowsException'> (0x00000000e5608330) thrown at [D:\src\AOSP-openjdk-cygwin\jdk8u\hotspot\src\share\vm\prims\jni.cpp, line 710]
Event: 7030.257 Thread 0x000000001b724000 Exception <a 'sun/nio/fs/WindowsException'> (0x00000000e711a5a0) thrown at [D:\src\AOSP-openjdk-cygwin\jdk8u\hotspot\src\share\vm\prims\jni.cpp, line 710]
Event: 7030.381 Thread 0x0000000020531800 Exception <a 'sun/nio/fs/WindowsException'> (0x00000000e7dc8130) thrown at [D:\src\AOSP-openjdk-cygwin\jdk8u\hotspot\src\share\vm\prims\jni.cpp, line 710]
Event: 7030.458 Thread 0x000000001b724000 Exception <a 'sun/nio/fs/WindowsException'> (0x00000000e954a248) thrown at [D:\src\AOSP-openjdk-cygwin\jdk8u\hotspot\src\share\vm\prims\jni.cpp, line 710]

Events (10 events):
Event: 7031.098 loading class com/android/tools/r8/n/a/a/a/g/H
Event: 7031.098 loading class com/android/tools/r8/n/a/a/a/g/H done
Event: 7031.099 loading class com/android/tools/r8/n/a/a/a/g/D
Event: 7031.099 loading class com/android/tools/r8/n/a/a/a/g/D done
Event: 7031.099 loading class com/android/tools/r8/n/a/a/a/g/I
Event: 7031.099 loading class com/android/tools/r8/n/a/a/a/g/I done
Event: 7031.100 loading class com/android/tools/r8/n/a/a/a/g/G
Event: 7031.100 loading class com/android/tools/r8/n/a/a/a/g/G done
Event: 7031.101 loading class com/android/tools/r8/n/a/a/a/g/z
Event: 7031.101 loading class com/android/tools/r8/n/a/a/a/g/z done


Dynamic libraries:
0x00007ff6222c0000 - 0x00007ff6222f1000 	C:\Program Files\Android\Android Studio\jre\bin\java.exe
0x00007ff80cb20000 - 0x00007ff80cce2000 	C:\Windows\SYSTEM32\ntdll.dll
0x00007ff80ca10000 - 0x00007ff80cabd000 	C:\Windows\system32\KERNEL32.DLL
0x00007ff80a010000 - 0x00007ff80a1ed000 	C:\Windows\system32\KERNELBASE.dll
0x00007ff80aac0000 - 0x00007ff80ab66000 	C:\Windows\system32\ADVAPI32.dll
0x00007ff80adc0000 - 0x00007ff80ae5d000 	C:\Windows\system32\msvcrt.dll
0x00007ff80cac0000 - 0x00007ff80cb1b000 	C:\Windows\system32\sechost.dll
0x00007ff80c880000 - 0x00007ff80c9a6000 	C:\Windows\system32\RPCRT4.dll
0x00007ff80a610000 - 0x00007ff80a75e000 	C:\Windows\system32\USER32.dll
0x00007ff80ac30000 - 0x00007ff80adb5000 	C:\Windows\system32\GDI32.dll
0x00007ffffb3f0000 - 0x00007ffffb664000 	C:\Windows\WinSxS\amd64_microsoft.windows.common-controls_6595b64144ccf1df_6.0.10240.16384_none_f41f7b285750ef43\COMCTL32.dll
0x00007ff80c9d0000 - 0x00007ff80ca06000 	C:\Windows\system32\IMM32.DLL
0x00007ff80a3a0000 - 0x00007ff80a4fc000 	C:\Windows\system32\MSCTF.dll
0x0000000066040000 - 0x0000000066112000 	C:\Program Files\Android\Android Studio\jre\jre\bin\msvcr100.dll
0x0000000066200000 - 0x0000000066a46000 	C:\Program Files\Android\Android Studio\jre\jre\bin\server\jvm.dll
0x00007ff80c9b0000 - 0x00007ff80c9b8000 	C:\Windows\system32\PSAPI.DLL
0x00007ffff8460000 - 0x00007ffff8483000 	C:\Windows\SYSTEM32\WINMM.dll
0x00007ffffd790000 - 0x00007ffffd79a000 	C:\Windows\SYSTEM32\VERSION.dll
0x00007fffff9f0000 - 0x00007fffff9f9000 	C:\Windows\SYSTEM32\WSOCK32.dll
0x00007ff80c810000 - 0x00007ff80c879000 	C:\Windows\system32\WS2_32.dll
0x00007ff80c470000 - 0x00007ff80c478000 	C:\Windows\system32\NSI.dll
0x00007ff802760000 - 0x00007ff80278c000 	C:\Windows\SYSTEM32\WINMMBASE.dll
0x00007ff809fc0000 - 0x00007ff80a004000 	C:\Windows\system32\cfgmgr32.dll
0x00007ff807ec0000 - 0x00007ff807ee7000 	C:\Windows\SYSTEM32\DEVOBJ.dll
0x00007ffff9780000 - 0x00007ffff978f000 	C:\Program Files\Android\Android Studio\jre\jre\bin\verify.dll
0x00007fffe63f0000 - 0x00007fffe6419000 	C:\Program Files\Android\Android Studio\jre\jre\bin\java.dll
0x00007fffe79a0000 - 0x00007fffe79b6000 	C:\Program Files\Android\Android Studio\jre\jre\bin\zip.dll
0x00007ff80af40000 - 0x00007ff80c465000 	C:\Windows\system32\SHELL32.dll
0x00007ff809990000 - 0x00007ff809fb8000 	C:\Windows\system32\windows.storage.dll
0x00007ff80a840000 - 0x00007ff80aabc000 	C:\Windows\system32\combase.dll
0x00007ff80abd0000 - 0x00007ff80ac21000 	C:\Windows\system32\shlwapi.dll
0x00007ff8095e0000 - 0x00007ff8095ef000 	C:\Windows\system32\kernel.appcore.dll
0x00007ff8095f0000 - 0x00007ff8096a3000 	C:\Windows\system32\shcore.dll
0x00007ff809550000 - 0x00007ff80959a000 	C:\Windows\system32\powrprof.dll
0x00007ff8095a0000 - 0x00007ff8095b3000 	C:\Windows\system32\profapi.dll
0x00007ffff62e0000 - 0x00007ffff62fa000 	C:\Program Files\Android\Android Studio\jre\jre\bin\net.dll
0x00007ff808dc0000 - 0x00007ff808e1d000 	C:\Windows\system32\mswsock.dll
0x00007fffe6320000 - 0x00007fffe6331000 	C:\Program Files\Android\Android Studio\jre\jre\bin\nio.dll
0x00007ffffcaa0000 - 0x00007ffffcac6000 	C:\Users\user\.gradle\native\29\windows-amd64\native-platform.dll
0x00007ffff7530000 - 0x00007ffff753d000 	C:\Program Files\Android\Android Studio\jre\jre\bin\management.dll
0x00007ff808e20000 - 0x00007ff808e37000 	C:\Windows\SYSTEM32\CRYPTSP.dll
0x00007ff809090000 - 0x00007ff8090b8000 	C:\Windows\SYSTEM32\bcrypt.dll
0x00007ff808a70000 - 0x00007ff808aa3000 	C:\Windows\system32\rsaenh.dll
0x00007ff808b60000 - 0x00007ff808b7f000 	C:\Windows\SYSTEM32\USERENV.dll
0x00007ff8093a0000 - 0x00007ff80940b000 	C:\Windows\system32\bcryptprimitives.dll
0x00007ff808f70000 - 0x00007ff808f7b000 	C:\Windows\SYSTEM32\CRYPTBASE.dll
0x00007ff8076a0000 - 0x00007ff8076d8000 	C:\Windows\SYSTEM32\IPHLPAPI.DLL
0x00007ff807680000 - 0x00007ff80768b000 	C:\Windows\SYSTEM32\WINNSI.DLL
0x00007ff803f40000 - 0x00007ff803f56000 	C:\Windows\SYSTEM32\dhcpcsvc6.DLL
0x00007ff803f20000 - 0x00007ff803f3a000 	C:\Windows\SYSTEM32\dhcpcsvc.DLL
0x00007fffe6130000 - 0x00007fffe6154000 	C:\Program Files\Android\Android Studio\jre\jre\bin\sunec.dll
0x00007ff808bc0000 - 0x00007ff808c68000 	C:\Windows\SYSTEM32\DNSAPI.dll
0x00007ff800160000 - 0x00007ff80016a000 	C:\Windows\System32\rasadhlp.dll
0x00007ff803f70000 - 0x00007ff803fd8000 	C:\Windows\System32\fwpuclnt.dll
0x00007ffffa640000 - 0x00007ffffa64b000 	C:\Program Files\Android\Android Studio\jre\jre\bin\sunmscapi.dll
0x00007ff809760000 - 0x00007ff809921000 	C:\Windows\system32\CRYPT32.dll
0x00007ff8095c0000 - 0x00007ff8095d1000 	C:\Windows\system32\MSASN1.dll
0x00007fffdc9c0000 - 0x00007fffdcb5c000 	C:\Program Files\Android\Android Studio\jre\jre\bin\awt.dll
0x00007ff80ae60000 - 0x00007ff80af1e000 	C:\Windows\system32\OLEAUT32.dll
0x00007ff807160000 - 0x00007ff807182000 	C:\Windows\SYSTEM32\dwmapi.dll
0x00007ff800630000 - 0x00007ff800b75000 	C:\Windows\SYSTEM32\d2d1.dll
0x00007ff807ca0000 - 0x00007ff807d18000 	C:\Windows\system32\apphelp.dll
0x00007ff807e20000 - 0x00007ff807eb6000 	C:\Windows\system32\uxtheme.dll

VM Arguments:
jvm_args: -Xmx1536m -Dfile.encoding=windows-1252 -Duser.country=US -Duser.language=en -Duser.variant 
java_command: org.gradle.launcher.daemon.bootstrap.GradleDaemon 5.4.1
java_class_path (initial): C:\Users\user\.gradle\wrapper\dists\gradle-5.4.1-all\3221gyojl5jsh0helicew7rwx\gradle-5.4.1\lib\gradle-launcher-5.4.1.jar
Launcher Type: SUN_STANDARD

Environment Variables:
JAVA_HOME=C:\Program Files\Java\jdk1.8.0_231
PATH=C:\Windows\system32;C:\Windows;C:\Windows\System32\Wbem;C:\Windows\System32\WindowsPowerShell\v1.0\;C:\Program Files\Java\jdk-11.0.2\bin;C:\Program Files\Java\jdk1.8.0_231\bin;C:\Program Files\Git\cmd;C:\Users\user\AppData\Local\Programs\Python\Python38;C:\Users\user\AppData\Roaming\Dashlane\6.2007.0.32704\bin\Firefox_Extension\{442718d9-475e-452a-b3e1-fb1ee16b8e9f}\components;C:\Users\user\AppData\Roaming\Dashlane\6.2007.0.32704\ucrt;C:\Users\user\AppData\Roaming\Dashlane\6.2007.0.32704\bin\Qt;C:\Users\user\AppData\Roaming\Dashlane\6.2007.0.32704\bin\Ssl
USERNAME=JUST
OS=Windows_NT
PROCESSOR_IDENTIFIER=Intel64 Family 6 Model 69 Stepping 1, GenuineIntel



---------------  S Y S T E M  ---------------

OS: Windows 10.0 , 64 bit Build 10240 (10.0.10240.16384)

CPU:total 4 (initial active 4) (2 cores per cpu, 2 threads per core) family 6 model 69 stepping 1, cmov, cx8, fxsr, mmx, sse, sse2, sse3, ssse3, sse4.1, sse4.2, popcnt, avx, avx2, aes, clmul, erms, lzcnt, ht, tsc, tscinvbit, bmi1, bmi2

Memory: 4k page, physical 3874620k(96000k free), swap 5275452k(1436k free)

vm_info: OpenJDK 64-Bit Server VM (25.202-b03) for windows-amd64 JRE (1.8.0_202-release-1483-b03), built by "builder" with MS VC++ 10.0 (VS2010)

time: Sun Apr 12 10:05:44 2020
timezone: E. Africa Standard Time
elapsed time: 7031 seconds (0d 1h 57m 11s)

