#
# There is insufficient memory for the Java Runtime Environment to continue.
# Native memory allocation (malloc) failed to allocate 32744 bytes for ChunkPool::allocate
# Possible reasons:
#   The system is out of physical RAM or swap space
#   The process is running with CompressedOops enabled, and the Java Heap may be blocking the growth of the native heap
# Possible solutions:
#   Reduce memory load on the system
#   Increase physical memory or swap space
#   Check if swap backing store is full
#   Decrease Java heap size (-Xmx/-Xms)
#   Decrease number of Java threads
#   Decrease Java thread stack sizes (-Xss)
#   Set larger code cache with -XX:ReservedCodeCacheSize=
#   JVM is running with Unscaled Compressed Oops mode in which the Java heap is
#     placed in the first 4GB address space. The Java Heap base address is the
#     maximum limit for the native heap growth. Please use -XX:HeapBaseMinAddress
#     to set the Java Heap base and to place the Java Heap above 4GB virtual address.
# This output file may be truncated or incomplete.
#
#  Out of Memory Error (allocation.cpp:272), pid=2972, tid=0x00000000000015e4
#
# JRE version: Java(TM) SE Runtime Environment (8.0_231-b11) (build 1.8.0_231-b11)
# Java VM: Java HotSpot(TM) 64-Bit Server VM (25.231-b11 mixed mode windows-amd64 compressed oops)
# Failed to write core dump. Minidumps are not enabled by default on client versions of Windows
#

---------------  T H R E A D  ---------------

Current thread (0x0000000015dba800):  JavaThread "C2 CompilerThread0" daemon [_thread_in_native, id=5604, stack(0x00000000173f0000,0x00000000174f0000)]

Stack: [0x00000000173f0000,0x00000000174f0000]
[error occurred during error reporting (printing stack bounds), id 0xc0000005]

Native frames: (J=compiled Java code, j=interpreted, Vv=VM code, C=native code)


Current CompileTask:
C2: 372397 13143       4       org.objectweb.asm.ClassReader::accept (1273 bytes)


---------------  P R O C E S S  ---------------

Java Threads: ( => current thread )
  0x000000001d120800 JavaThread "Memory manager" [_thread_blocked, id=1036, stack(0x000000001a4e0000,0x000000001a5e0000)]
  0x000000001d119000 JavaThread "Cache worker for Build Output Cleanup Cache (C:\Users\user\AndroidStudioProjects\SchoolManagement2\.gradle\buildOutputCleanup)" [_thread_blocked, id=2956, stack(0x00000000008d0000,0x00000000009d0000)]
  0x000000001d11b800 JavaThread "Build operations Thread 4" [_thread_blocked, id=4224, stack(0x0000000021210000,0x0000000021310000)]
  0x000000001d11d800 JavaThread "Build operations Thread 3" [_thread_blocked, id=2540, stack(0x0000000021110000,0x0000000021210000)]
  0x000000001d11f000 JavaThread "Build operations Thread 2" [_thread_blocked, id=4332, stack(0x0000000020910000,0x0000000020a10000)]
  0x000000001d11d000 JavaThread "Build operations" [_thread_blocked, id=5492, stack(0x000000001f5c0000,0x000000001f6c0000)]
  0x0000000019157800 JavaThread "Cache worker for execution history cache (C:\caches\6.1.1\executionHistory)" [_thread_blocked, id=3348, stack(0x000000001e6c0000,0x000000001e7c0000)]
  0x0000000019153000 JavaThread "Cache worker for cache directory md-rule (C:\caches\6.1.1\md-rule)" [_thread_blocked, id=2076, stack(0x000000001e5c0000,0x000000001e6c0000)]
  0x0000000019158000 JavaThread "Cache worker for cache directory md-supplier (C:\caches\6.1.1\md-supplier)" [_thread_blocked, id=6240, stack(0x000000001e4c0000,0x000000001e5c0000)]
  0x0000000019152000 JavaThread "Cache worker for file hash cache (C:\Users\user\AndroidStudioProjects\SchoolManagement2\.gradle\6.1.1\fileHashes)" [_thread_blocked, id=336, stack(0x000000001cf80000,0x000000001d080000)]
  0x0000000019151800 JavaThread "Cache worker for checksums cache (C:\Users\user\AndroidStudioProjects\SchoolManagement2\.gradle\checksums)" [_thread_blocked, id=6936, stack(0x000000001ce80000,0x000000001cf80000)]
  0x0000000019153800 JavaThread "Cache worker for file hash cache (C:\caches\6.1.1\fileHashes)" [_thread_blocked, id=340, stack(0x000000001bab0000,0x000000001bbb0000)]
  0x0000000019156800 JavaThread "File lock request listener" [_thread_in_native, id=4572, stack(0x000000001b9b0000,0x000000001bab0000)]
  0x0000000019156000 JavaThread "Cache worker for journal cache (C:\caches\journal-1)" [_thread_blocked, id=5356, stack(0x000000001b8b0000,0x000000001b9b0000)]
  0x00000000183cb000 JavaThread "Thread-9" [_thread_blocked, id=4492, stack(0x000000001a5e0000,0x000000001a6e0000)]
  0x000000001886c000 JavaThread "Asynchronous log dispatcher for DefaultDaemonConnection: socket connection from /127.0.0.1:56656 to /127.0.0.1:56657" [_thread_blocked, id=1956, stack(0x000000001a3e0000,0x000000001a4e0000)]
  0x0000000018228000 JavaThread "Daemon worker" [_thread_in_native, id=5172, stack(0x000000001a2e0000,0x000000001a3e0000)]
  0x0000000018227000 JavaThread "Cancel handler" [_thread_blocked, id=7044, stack(0x000000001a1e0000,0x000000001a2e0000)]
  0x000000001840b000 JavaThread "Handler for socket connection from /127.0.0.1:56656 to /127.0.0.1:56657" [_thread_in_native, id=1168, stack(0x0000000019ee0000,0x0000000019fe0000)]
  0x00000000185e5000 JavaThread "Daemon" [_thread_blocked, id=3208, stack(0x0000000019de0000,0x0000000019ee0000)]
  0x000000001837e800 JavaThread "Daemon periodic checks" [_thread_blocked, id=3492, stack(0x0000000019ce0000,0x0000000019de0000)]
  0x0000000018b61800 JavaThread "Incoming local TCP Connector on port 56656" [_thread_in_native, id=6640, stack(0x0000000019b00000,0x0000000019c00000)]
  0x0000000018ff8800 JavaThread "Daemon health stats" [_thread_blocked, id=5516, stack(0x00000000194c0000,0x00000000195c0000)]
  0x0000000017720800 JavaThread "Service Thread" daemon [_thread_blocked, id=2380, stack(0x0000000017af0000,0x0000000017bf0000)]
  0x0000000015db3800 JavaThread "C1 CompilerThread2" daemon [_thread_blocked, id=6620, stack(0x00000000175f0000,0x00000000176f0000)]
  0x0000000015db0800 JavaThread "C2 CompilerThread1" daemon [_thread_in_native, id=6700, stack(0x00000000174f0000,0x00000000175f0000)]
=>0x0000000015dba800 JavaThread "C2 CompilerThread0" daemon [_thread_in_native, id=5604, stack(0x00000000173f0000,0x00000000174f0000)]
  0x0000000015db9000 JavaThread "Attach Listener" daemon [_thread_blocked, id=5312, stack(0x00000000172f0000,0x00000000173f0000)]
  0x0000000015db8000 JavaThread "Signal Dispatcher" daemon [_thread_blocked, id=6888, stack(0x00000000171f0000,0x00000000172f0000)]
  0x000000000243b800 JavaThread "Finalizer" daemon [_thread_blocked, id=3576, stack(0x0000000017010000,0x0000000017110000)]
  0x0000000015d9a000 JavaThread "Reference Handler" daemon [_thread_blocked, id=5640, stack(0x0000000016f10000,0x0000000017010000)]
  0x000000000233d800 JavaThread "main" [_thread_blocked, id=5936, stack(0x0000000002200000,0x0000000002300000)]

Other Threads:
  0x0000000015d78000 VMThread [stack: 0x0000000016e10000,0x0000000016f10000] [id=6492]
  0x000000001773b000 WatcherThread [stack: 0x0000000017bf0000,0x0000000017cf0000] [id=5864]

VM state:not at safepoint (normal execution)

VM Mutex/Monitor currently owned by a thread: None

heap address: 0x00000000a0000000, size: 1536 MB, Compressed Oops mode: 32-bit
Narrow klass base: 0x0000000000000000, Narrow klass shift: 3
Compressed class space size: 1073741824 Address: 0x0000000100000000

Heap:
 PSYoungGen      total 251392K, used 135519K [0x00000000e0000000, 0x00000000f1e00000, 0x0000000100000000)
  eden space 236032K, 56% used [0x00000000e0000000,0x00000000e81ae9e0,0x00000000ee680000)
  from space 15360K, 17% used [0x00000000ee680000,0x00000000ee9295e0,0x00000000ef580000)
  to   space 15360K, 0% used [0x00000000f0f00000,0x00000000f0f00000,0x00000000f1e00000)
 ParOldGen       total 72704K, used 54811K [0x00000000a0000000, 0x00000000a4700000, 0x00000000e0000000)
  object space 72704K, 75% used [0x00000000a0000000,0x00000000a3586e88,0x00000000a4700000)
 Metaspace       used 80913K, capacity 84206K, committed 84440K, reserved 1122304K
  class space    used 10796K, capacity 11455K, committed 11520K, reserved 1048576K

Card table byte_map: [0x0000000011800000,0x0000000011b10000] byte_map_base: 0x0000000011300000

Marking Bits: (ParMarkBitMap*) 0x0000000072e56d90
 Begin Bits: [0x0000000012110000, 0x0000000013910000)
 End Bits:   [0x0000000013910000, 0x0000000015110000)

Polling page: 0x0000000000a70000

CodeCache: size=245760Kb used=37832Kb max_used=37832Kb free=207927Kb
 bounds [0x0000000002440000, 0x0000000004970000, 0x0000000011440000]
 total_blobs=12060 nmethods=11172 adapters=797
 compilation: enabled

Compilation events (10 events):
Event: 371.927 Thread 0x0000000015db3800 13195       2       org.objectweb.asm.tree.MethodNode::visitFieldInsn (20 bytes)
Event: 371.928 Thread 0x0000000015db3800 nmethod 13195 0x0000000004962a90 code [0x0000000004962c00, 0x0000000004962e48]
Event: 371.928 Thread 0x0000000015db3800 13196       2       org.objectweb.asm.tree.FieldInsnNode::<init> (22 bytes)
Event: 371.928 Thread 0x0000000015db3800 nmethod 13196 0x0000000004962f50 code [0x00000000049630a0, 0x0000000004963230]
Event: 371.940 Thread 0x0000000015db3800 13198       2       org.objectweb.asm.Type::equals (110 bytes)
Event: 371.941 Thread 0x0000000015db3800 nmethod 13198 0x00000000049632d0 code [0x0000000004963440, 0x0000000004963750]
Event: 371.954 Thread 0x0000000015db3800 13199       2       org.objectweb.asm.tree.FieldNode::visitAnnotation (78 bytes)
Event: 371.954 Thread 0x0000000015db3800 nmethod 13199 0x0000000004963990 code [0x0000000004963b40, 0x0000000004964018]
Event: 372.021 Thread 0x0000000015db3800 13203       1       org.objectweb.asm.tree.AnnotationNode::visitEnd (1 bytes)
Event: 372.022 Thread 0x0000000015db3800 nmethod 13203 0x0000000004964290 code [0x00000000049643e0, 0x00000000049644f0]

GC Heap History (10 events):
Event: 299.065 GC heap before
{Heap before GC invocations=32 (full 3):
 PSYoungGen      total 187392K, used 184808K [0x00000000e0000000, 0x00000000ec700000, 0x0000000100000000)
  eden space 174080K, 100% used [0x00000000e0000000,0x00000000eaa00000,0x00000000eaa00000)
  from space 13312K, 80% used [0x00000000eba00000,0x00000000ec47a250,0x00000000ec700000)
  to   space 14848K, 0% used [0x00000000eaa00000,0x00000000eaa00000,0x00000000eb880000)
 ParOldGen       total 72704K, used 37145K [0x00000000a0000000, 0x00000000a4700000, 0x00000000e0000000)
  object space 72704K, 51% used [0x00000000a0000000,0x00000000a2446618,0x00000000a4700000)
 Metaspace       used 79257K, capacity 82466K, committed 82520K, reserved 1120256K
  class space    used 10701K, capacity 11353K, committed 11392K, reserved 1048576K
Event: 299.105 GC heap after
Heap after GC invocations=32 (full 3):
 PSYoungGen      total 188928K, used 13128K [0x00000000e0000000, 0x00000000ee880000, 0x0000000100000000)
  eden space 174080K, 0% used [0x00000000e0000000,0x00000000e0000000,0x00000000eaa00000)
  from space 14848K, 88% used [0x00000000eaa00000,0x00000000eb6d22a0,0x00000000eb880000)
  to   space 16896K, 0% used [0x00000000ed800000,0x00000000ed800000,0x00000000ee880000)
 ParOldGen       total 72704K, used 43319K [0x00000000a0000000, 0x00000000a4700000, 0x00000000e0000000)
  object space 72704K, 59% used [0x00000000a0000000,0x00000000a2a4df00,0x00000000a4700000)
 Metaspace       used 79257K, capacity 82466K, committed 82520K, reserved 1120256K
  class space    used 10701K, capacity 11353K, committed 11392K, reserved 1048576K
}
Event: 301.207 GC heap before
{Heap before GC invocations=33 (full 3):
 PSYoungGen      total 188928K, used 187208K [0x00000000e0000000, 0x00000000ee880000, 0x0000000100000000)
  eden space 174080K, 100% used [0x00000000e0000000,0x00000000eaa00000,0x00000000eaa00000)
  from space 14848K, 88% used [0x00000000eaa00000,0x00000000eb6d22a0,0x00000000eb880000)
  to   space 16896K, 0% used [0x00000000ed800000,0x00000000ed800000,0x00000000ee880000)
 ParOldGen       total 72704K, used 43319K [0x00000000a0000000, 0x00000000a4700000, 0x00000000e0000000)
  object space 72704K, 59% used [0x00000000a0000000,0x00000000a2a4df00,0x00000000a4700000)
 Metaspace       used 79435K, capacity 82672K, committed 82776K, reserved 1120256K
  class space    used 10702K, capacity 11354K, committed 11392K, reserved 1048576K
Event: 301.234 GC heap after
Heap after GC invocations=33 (full 3):
 PSYoungGen      total 221184K, used 2848K [0x00000000e0000000, 0x00000000ee800000, 0x0000000100000000)
  eden space 204800K, 0% used [0x00000000e0000000,0x00000000e0000000,0x00000000ec800000)
  from space 16384K, 17% used [0x00000000ed800000,0x00000000edac81e0,0x00000000ee800000)
  to   space 16384K, 0% used [0x00000000ec800000,0x00000000ec800000,0x00000000ed800000)
 ParOldGen       total 72704K, used 52640K [0x00000000a0000000, 0x00000000a4700000, 0x00000000e0000000)
  object space 72704K, 72% used [0x00000000a0000000,0x00000000a33680f0,0x00000000a4700000)
 Metaspace       used 79435K, capacity 82672K, committed 82776K, reserved 1120256K
  class space    used 10702K, capacity 11354K, committed 11392K, reserved 1048576K
}
Event: 302.079 GC heap before
{Heap before GC invocations=34 (full 3):
 PSYoungGen      total 221184K, used 207648K [0x00000000e0000000, 0x00000000ee800000, 0x0000000100000000)
  eden space 204800K, 100% used [0x00000000e0000000,0x00000000ec800000,0x00000000ec800000)
  from space 16384K, 17% used [0x00000000ed800000,0x00000000edac81e0,0x00000000ee800000)
  to   space 16384K, 0% used [0x00000000ec800000,0x00000000ec800000,0x00000000ed800000)
 ParOldGen       total 72704K, used 52640K [0x00000000a0000000, 0x00000000a4700000, 0x00000000e0000000)
  object space 72704K, 72% used [0x00000000a0000000,0x00000000a33680f0,0x00000000a4700000)
 Metaspace       used 79481K, capacity 82762K, committed 83032K, reserved 1120256K
  class space    used 10704K, capacity 11357K, committed 11392K, reserved 1048576K
Event: 302.087 GC heap after
Heap after GC invocations=34 (full 3):
 PSYoungGen      total 221184K, used 5103K [0x00000000e0000000, 0x00000000f0900000, 0x0000000100000000)
  eden space 204800K, 0% used [0x00000000e0000000,0x00000000e0000000,0x00000000ec800000)
  from space 16384K, 31% used [0x00000000ec800000,0x00000000eccfbd30,0x00000000ed800000)
  to   space 15872K, 0% used [0x00000000ef980000,0x00000000ef980000,0x00000000f0900000)
 ParOldGen       total 72704K, used 53347K [0x00000000a0000000, 0x00000000a4700000, 0x00000000e0000000)
  object space 72704K, 73% used [0x00000000a0000000,0x00000000a3418e18,0x00000000a4700000)
 Metaspace       used 79481K, capacity 82762K, committed 83032K, reserved 1120256K
  class space    used 10704K, capacity 11357K, committed 11392K, reserved 1048576K
}
Event: 309.125 GC heap before
{Heap before GC invocations=35 (full 3):
 PSYoungGen      total 221184K, used 209903K [0x00000000e0000000, 0x00000000f0900000, 0x0000000100000000)
  eden space 204800K, 100% used [0x00000000e0000000,0x00000000ec800000,0x00000000ec800000)
  from space 16384K, 31% used [0x00000000ec800000,0x00000000eccfbd30,0x00000000ed800000)
  to   space 15872K, 0% used [0x00000000ef980000,0x00000000ef980000,0x00000000f0900000)
 ParOldGen       total 72704K, used 53347K [0x00000000a0000000, 0x00000000a4700000, 0x00000000e0000000)
  object space 72704K, 73% used [0x00000000a0000000,0x00000000a3418e18,0x00000000a4700000)
 Metaspace       used 79643K, capacity 82924K, committed 83032K, reserved 1120256K
  class space    used 10704K, capacity 11358K, committed 11392K, reserved 1048576K
Event: 309.133 GC heap after
Heap after GC invocations=35 (full 3):
 PSYoungGen      total 247296K, used 2020K [0x00000000e0000000, 0x00000000f0480000, 0x0000000100000000)
  eden space 236032K, 0% used [0x00000000e0000000,0x00000000e0000000,0x00000000ee680000)
  from space 11264K, 17% used [0x00000000ef980000,0x00000000efb79178,0x00000000f0480000)
  to   space 15360K, 0% used [0x00000000ee680000,0x00000000ee680000,0x00000000ef580000)
 ParOldGen       total 72704K, used 53491K [0x00000000a0000000, 0x00000000a4700000, 0x00000000e0000000)
  object space 72704K, 73% used [0x00000000a0000000,0x00000000a343ce18,0x00000000a4700000)
 Metaspace       used 79643K, capacity 82924K, committed 83032K, reserved 1120256K
  class space    used 10704K, capacity 11358K, committed 11392K, reserved 1048576K
}
Event: 366.054 GC heap before
{Heap before GC invocations=36 (full 3):
 PSYoungGen      total 247296K, used 238052K [0x00000000e0000000, 0x00000000f0480000, 0x0000000100000000)
  eden space 236032K, 100% used [0x00000000e0000000,0x00000000ee680000,0x00000000ee680000)
  from space 11264K, 17% used [0x00000000ef980000,0x00000000efb79178,0x00000000f0480000)
  to   space 15360K, 0% used [0x00000000ee680000,0x00000000ee680000,0x00000000ef580000)
 ParOldGen       total 72704K, used 53491K [0x00000000a0000000, 0x00000000a4700000, 0x00000000e0000000)
  object space 72704K, 73% used [0x00000000a0000000,0x00000000a343ce18,0x00000000a4700000)
 Metaspace       used 80105K, capacity 83404K, committed 83544K, reserved 1122304K
  class space    used 10732K, capacity 11368K, committed 11392K, reserved 1048576K
Event: 366.073 GC heap after
Heap after GC invocations=36 (full 3):
 PSYoungGen      total 251392K, used 2725K [0x00000000e0000000, 0x00000000f1e00000, 0x0000000100000000)
  eden space 236032K, 0% used [0x00000000e0000000,0x00000000e0000000,0x00000000ee680000)
  from space 15360K, 17% used [0x00000000ee680000,0x00000000ee9295e0,0x00000000ef580000)
  to   space 15360K, 0% used [0x00000000f0f00000,0x00000000f0f00000,0x00000000f1e00000)
 ParOldGen       total 72704K, used 54811K [0x00000000a0000000, 0x00000000a4700000, 0x00000000e0000000)
  object space 72704K, 75% used [0x00000000a0000000,0x00000000a3586e88,0x00000000a4700000)
 Metaspace       used 80105K, capacity 83404K, committed 83544K, reserved 1122304K
  class space    used 10732K, capacity 11368K, committed 11392K, reserved 1048576K
}

Deoptimization events (10 events):
Event: 371.681 Thread 0x0000000018228000 Uncommon trap: reason=class_check action=maybe_recompile pc=0x00000000044ad430 method=org.objectweb.asm.ClassReader.readCode(Lorg/objectweb/asm/MethodVisitor;Lorg/objectweb/asm/Context;I)V @ 1486
Event: 371.681 Thread 0x0000000018228000 Uncommon trap: reason=class_check action=maybe_recompile pc=0x00000000044ad430 method=org.objectweb.asm.ClassReader.readCode(Lorg/objectweb/asm/MethodVisitor;Lorg/objectweb/asm/Context;I)V @ 1486
Event: 371.681 Thread 0x0000000018228000 Uncommon trap: reason=class_check action=maybe_recompile pc=0x0000000003f9cd6c method=org.objectweb.asm.ClassReader.readAnnotationValues(I[CZLorg/objectweb/asm/AnnotationVisitor;)I @ 70
Event: 371.681 Thread 0x0000000018228000 Uncommon trap: reason=class_check action=maybe_recompile pc=0x0000000003f9cd6c method=org.objectweb.asm.ClassReader.readAnnotationValues(I[CZLorg/objectweb/asm/AnnotationVisitor;)I @ 70
Event: 371.681 Thread 0x0000000018228000 Uncommon trap: reason=class_check action=maybe_recompile pc=0x0000000003f9cd6c method=org.objectweb.asm.ClassReader.readAnnotationValues(I[CZLorg/objectweb/asm/AnnotationVisitor;)I @ 70
Event: 371.681 Thread 0x0000000018228000 Uncommon trap: reason=class_check action=maybe_recompile pc=0x0000000003f9cd6c method=org.objectweb.asm.ClassReader.readAnnotationValues(I[CZLorg/objectweb/asm/AnnotationVisitor;)I @ 70
Event: 371.682 Thread 0x0000000018228000 Uncommon trap: reason=unstable_if action=reinterpret pc=0x0000000004681368 method=org.objectweb.asm.MethodWriter.visitTypeInsn(ILjava/lang/String;)V @ 26
Event: 371.683 Thread 0x0000000018228000 Uncommon trap: reason=class_check action=maybe_recompile pc=0x00000000046c1ec4 method=org.objectweb.asm.ClassReader.accept(Lorg/objectweb/asm/ClassVisitor;[Lorg/objectweb/asm/Attribute;I)V @ 757
Event: 371.683 Thread 0x0000000018228000 Uncommon trap: reason=class_check action=maybe_recompile pc=0x00000000046c1ec4 method=org.objectweb.asm.ClassReader.accept(Lorg/objectweb/asm/ClassVisitor;[Lorg/objectweb/asm/Attribute;I)V @ 757
Event: 371.763 Thread 0x0000000018228000 Uncommon trap: reason=predicate action=maybe_recompile pc=0x000000000494c724 method=org.objectweb.asm.ClassReader.readField(Lorg/objectweb/asm/ClassVisitor;Lorg/objectweb/asm/Context;I)I @ 387

Classes redefined (0 events):
No events

Internal exceptions (10 events):
Event: 308.190 Thread 0x000000001d11d800 Exception <a 'sun/nio/fs/WindowsException'> (0x00000000ebdd1790) thrown at [C:\re\workspace\8-2-build-windows-amd64-cygwin\jdk8u231\13620\hotspot\src\share\vm\prims\jni.cpp, line 710]
Event: 308.190 Thread 0x000000001d11d800 Exception <a 'sun/nio/fs/WindowsException'> (0x00000000ebdd2928) thrown at [C:\re\workspace\8-2-build-windows-amd64-cygwin\jdk8u231\13620\hotspot\src\share\vm\prims\jni.cpp, line 710]
Event: 309.311 Thread 0x0000000018228000 Exception <a 'java/lang/NoSuchMethodError': java.lang.Object.lambda$flatMap$0(Ljava/lang/Throwable;)Lorg/gradle/api/internal/artifacts/transform/CacheableInvocation;> (0x00000000e3af88e0) thrown at [C:\re\workspace\8-2-build-windows-amd64-cygwin\jdk8u231\
Event: 330.134 Thread 0x000000001d11f000 Implicit null exception at 0x0000000003d23c00 to 0x0000000003d2428d
Event: 330.402 Thread 0x000000001d11d800 Implicit null exception at 0x00000000047d7a63 to 0x00000000047d7d49
Event: 330.432 Thread 0x000000001d11b800 Implicit null exception at 0x000000000304d9f5 to 0x000000000304e2b9
Event: 360.835 Thread 0x0000000018228000 Exception <a 'java/net/SocketTimeoutException': Read timed out> (0x00000000ed3263c0) thrown at [C:\re\workspace\8-2-build-windows-amd64-cygwin\jdk8u231\13620\hotspot\src\share\vm\prims\jni.cpp, line 736]
Event: 367.397 Thread 0x0000000018228000 Exception <a 'java/net/SocketTimeoutException': Read timed out> (0x00000000e0233e68) thrown at [C:\re\workspace\8-2-build-windows-amd64-cygwin\jdk8u231\13620\hotspot\src\share\vm\prims\jni.cpp, line 736]
Event: 369.054 Thread 0x0000000018228000 Exception <a 'java/net/SocketTimeoutException': Read timed out> (0x00000000e045f2b0) thrown at [C:\re\workspace\8-2-build-windows-amd64-cygwin\jdk8u231\13620\hotspot\src\share\vm\prims\jni.cpp, line 736]
Event: 371.298 Thread 0x0000000018228000 Exception <a 'java/lang/NoSuchMethodError': java.lang.Object.lambda$negate$1(Ljava/lang/Object;)Z> (0x00000000e2365e20) thrown at [C:\re\workspace\8-2-build-windows-amd64-cygwin\jdk8u231\13620\hotspot\src\share\vm\interpreter\linkResolver.cpp, line 620]

Events (10 events):
Event: 371.683 Thread 0x0000000018228000 DEOPT PACKING pc=0x00000000046c1ec4 sp=0x000000001a3d7790
Event: 371.683 Thread 0x0000000018228000 DEOPT UNPACKING pc=0x000000000248583b sp=0x000000001a3d77a0 mode 2
Event: 371.683 Thread 0x0000000018228000 Uncommon trap: trap_request=0xffffffde fr.pc=0x00000000046c1ec4
Event: 371.683 Thread 0x0000000018228000 DEOPT PACKING pc=0x00000000046c1ec4 sp=0x000000001a3d7790
Event: 371.683 Thread 0x0000000018228000 DEOPT UNPACKING pc=0x000000000248583b sp=0x000000001a3d77a0 mode 2
Event: 371.711 loading class org/objectweb/asm/Edge
Event: 371.711 loading class org/objectweb/asm/Edge done
Event: 371.763 Thread 0x0000000018228000 Uncommon trap: trap_request=0xffffff86 fr.pc=0x000000000494c724
Event: 371.763 Thread 0x0000000018228000 DEOPT PACKING pc=0x000000000494c724 sp=0x000000001a3d7740
Event: 371.763 Thread 0x0000000018228000 DEOPT UNPACKING pc=0x000000000248583b sp=0x000000001a3d76f0 mode 2


Dynamic libraries:
0x00007ff67d830000 - 0x00007ff67d867000 	C:\Program Files\Java\jdk1.8.0_231\bin\java.exe
0x00007ff802be0000 - 0x00007ff802da2000 	C:\Windows\SYSTEM32\ntdll.dll
0x00007ff800d20000 - 0x00007ff800dcd000 	C:\Windows\system32\KERNEL32.DLL
0x00007fffffe00000 - 0x00007ffffffdd000 	C:\Windows\system32\KERNELBASE.dll
0x00007ff800b20000 - 0x00007ff800bc6000 	C:\Windows\system32\ADVAPI32.dll
0x00007ff800990000 - 0x00007ff800a2d000 	C:\Windows\system32\msvcrt.dll
0x00007ff800dd0000 - 0x00007ff800e2b000 	C:\Windows\system32\sechost.dll
0x00007ff801230000 - 0x00007ff801356000 	C:\Windows\system32\RPCRT4.dll
0x00007ff800bd0000 - 0x00007ff800d1e000 	C:\Windows\system32\USER32.dll
0x00007ff800e30000 - 0x00007ff800fb3000 	C:\Windows\system32\GDI32.dll
0x00007ffff2280000 - 0x00007ffff24f4000 	C:\Windows\WinSxS\amd64_microsoft.windows.common-controls_6595b64144ccf1df_6.0.10240.17184_none_f41d7a705752bce6\COMCTL32.dll
0x00007ff800310000 - 0x00007ff800346000 	C:\Windows\system32\IMM32.DLL
0x00007ff800830000 - 0x00007ff80098c000 	C:\Windows\system32\MSCTF.dll
0x0000000072ee0000 - 0x0000000072fb2000 	C:\Program Files\Java\jdk1.8.0_231\jre\bin\msvcr100.dll
0x0000000072630000 - 0x0000000072ed6000 	C:\Program Files\Java\jdk1.8.0_231\jre\bin\server\jvm.dll
0x00007ff800b10000 - 0x00007ff800b18000 	C:\Windows\system32\PSAPI.DLL
0x00007fffdf640000 - 0x00007fffdf649000 	C:\Windows\SYSTEM32\WSOCK32.dll
0x00007ffff3610000 - 0x00007ffff361a000 	C:\Windows\SYSTEM32\VERSION.dll
0x00007ffffd150000 - 0x00007ffffd173000 	C:\Windows\SYSTEM32\WINMM.dll
0x00007ff8011c0000 - 0x00007ff801229000 	C:\Windows\system32\WS2_32.dll
0x00007ff800fc0000 - 0x00007ff800fc8000 	C:\Windows\system32\NSI.dll
0x00007ffffd110000 - 0x00007ffffd13c000 	C:\Windows\SYSTEM32\WINMMBASE.dll
0x00007ff800020000 - 0x00007ff800064000 	C:\Windows\system32\cfgmgr32.dll
0x00007ffffdf60000 - 0x00007ffffdf87000 	C:\Windows\SYSTEM32\DEVOBJ.dll
0x00007ffff9960000 - 0x00007ffff996f000 	C:\Program Files\Java\jdk1.8.0_231\jre\bin\verify.dll
0x00007fffe8760000 - 0x00007fffe8789000 	C:\Program Files\Java\jdk1.8.0_231\jre\bin\java.dll
0x00007ffff6e60000 - 0x00007ffff6e76000 	C:\Program Files\Java\jdk1.8.0_231\jre\bin\zip.dll
0x00007ff8015e0000 - 0x00007ff802b03000 	C:\Windows\system32\SHELL32.dll
0x00007fffff710000 - 0x00007fffffd39000 	C:\Windows\system32\windows.storage.dll
0x00007ff801360000 - 0x00007ff8015dc000 	C:\Windows\system32\combase.dll
0x00007ff800680000 - 0x00007ff8006d1000 	C:\Windows\system32\shlwapi.dll
0x00007fffff600000 - 0x00007fffff60f000 	C:\Windows\system32\kernel.appcore.dll
0x00007fffffd40000 - 0x00007fffffdf3000 	C:\Windows\system32\shcore.dll
0x00007fffff610000 - 0x00007fffff65a000 	C:\Windows\system32\powrprof.dll
0x00007ff800000000 - 0x00007ff800013000 	C:\Windows\system32\profapi.dll
0x00007ffff56c0000 - 0x00007ffff56da000 	C:\Program Files\Java\jdk1.8.0_231\jre\bin\net.dll
0x00007ffffee40000 - 0x00007ffffee9d000 	C:\Windows\system32\mswsock.dll
0x00007ffff2ba0000 - 0x00007ffff2bb2000 	C:\Program Files\Java\jdk1.8.0_231\jre\bin\nio.dll
0x00007fffece50000 - 0x00007fffece76000 	C:\native\31\windows-amd64\native-platform.dll
0x00007ffff8460000 - 0x00007ffff846d000 	C:\Program Files\Java\jdk1.8.0_231\jre\bin\management.dll
0x00007ffffeea0000 - 0x00007ffffeeb7000 	C:\Windows\SYSTEM32\CRYPTSP.dll
0x00007fffff120000 - 0x00007fffff148000 	C:\Windows\SYSTEM32\bcrypt.dll
0x00007ffffea70000 - 0x00007ffffeaa3000 	C:\Windows\system32\rsaenh.dll
0x00007ffffeb60000 - 0x00007ffffeb7f000 	C:\Windows\SYSTEM32\USERENV.dll
0x00007fffff430000 - 0x00007fffff49b000 	C:\Windows\system32\bcryptprimitives.dll
0x00007fffff020000 - 0x00007fffff02b000 	C:\Windows\SYSTEM32\CRYPTBASE.dll
0x00007ffffd000000 - 0x00007ffffd038000 	C:\Windows\SYSTEM32\IPHLPAPI.DLL
0x00007ffffcfb0000 - 0x00007ffffcfbb000 	C:\Windows\SYSTEM32\WINNSI.DLL
0x00007ffffbcf0000 - 0x00007ffffbd06000 	C:\Windows\SYSTEM32\dhcpcsvc6.DLL
0x00007ffffa960000 - 0x00007ffffa97a000 	C:\Windows\SYSTEM32\dhcpcsvc.DLL
0x00007ffff7aa0000 - 0x00007ffff7ac4000 	C:\Program Files\Java\jdk1.8.0_231\jre\bin\sunec.dll
0x00007ffffeb80000 - 0x00007ffffec28000 	C:\Windows\SYSTEM32\DNSAPI.dll
0x00007ffff4a70000 - 0x00007ffff4a7a000 	C:\Windows\System32\rasadhlp.dll
0x00007ffff8a70000 - 0x00007ffff8ad8000 	C:\Windows\System32\fwpuclnt.dll
0x00007ffffccc0000 - 0x00007ffffcccb000 	C:\Program Files\Java\jdk1.8.0_231\jre\bin\sunmscapi.dll
0x00007ff8000d0000 - 0x00007ff800291000 	C:\Windows\system32\CRYPT32.dll
0x00007fffff5e0000 - 0x00007fffff5f1000 	C:\Windows\system32\MSASN1.dll

VM Arguments:
jvm_args: -Xmx1536m -Dfile.encoding=windows-1252 -Duser.country=US -Duser.language=en -Duser.variant 
java_command: org.gradle.launcher.daemon.bootstrap.GradleDaemon 6.1.1
java_class_path (initial): C:\wrapper\dists\gradle-6.1.1-all\cfmwm155h49vnt3hynmlrsdst\gradle-6.1.1\lib\gradle-launcher-6.1.1.jar
Launcher Type: SUN_STANDARD

Environment Variables:
JAVA_HOME=C:\Program Files\Java\jdk1.8.0_231
PATH=C:\Windows\system32;C:\Windows;C:\Windows\System32\Wbem;C:\Windows\System32\WindowsPowerShell\v1.0\;C:\Program Files\Java\jdk-11.0.2\bin;C:\Program Files\Java\jdk1.8.0_231\bin;C:\Users\user\AppData\Local\Programs\Python\Python38;C:\Program Files\Git\cmd;C:\Program Files\Java\jdk-11.0.2\bin;C:\Program Files\Java\jdk1.8.0_231\bin;%DASHLANE_DLL_DIR%
USERNAME=JUST
OS=Windows_NT
PROCESSOR_IDENTIFIER=Intel64 Family 6 Model 69 Stepping 1, GenuineIntel



---------------  S Y S T E M  ---------------

OS: Windows 10.0 , 64 bit Build 10240 (10.0.10240.17113)

CPU:total 4 (initial active 4) (2 cores per cpu, 2 threads per core) family 6 model 69 stepping 1, cmov, cx8, fxsr, mmx, sse, sse2, sse3, ssse3, sse4.1, sse4.2, popcnt, avx, avx2, aes, clmul, erms, lzcnt, ht, tsc, tscinvbit, bmi1, bmi2

Memory: 4k page, physical 3874620k(628532k free), swap 5275452k(2300k free)

vm_info: Java HotSpot(TM) 64-Bit Server VM (25.231-b11) for windows-amd64 JRE (1.8.0_231-b11), built on Oct  5 2019 03:11:30 by "java_re" with MS VC++ 10.0 (VS2010)

time: Thu Oct 22 10:32:00 2020
timezone: E. Africa Standard Time
elapsed time: 372 seconds (0d 0h 6m 12s)

