#
# There is insufficient memory for the Java Runtime Environment to continue.
# Native memory allocation (malloc) failed to allocate 771376 bytes for Chunk::new
# Possible reasons:
#   The system is out of physical RAM or swap space
#   The process is running with CompressedOops enabled, and the Java Heap may be blocking the growth of the native heap
# Possible solutions:
#   Reduce memory load on the system
#   Increase physical memory or swap space
#   Check if swap backing store is full
#   Decrease Java heap size (-Xmx/-Xms)
#   Decrease number of Java threads
#   Decrease Java thread stack sizes (-Xss)
#   Set larger code cache with -XX:ReservedCodeCacheSize=
#   JVM is running with Unscaled Compressed Oops mode in which the Java heap is
#     placed in the first 4GB address space. The Java Heap base address is the
#     maximum limit for the native heap growth. Please use -XX:HeapBaseMinAddress
#     to set the Java Heap base and to place the Java Heap above 4GB virtual address.
# This output file may be truncated or incomplete.
#
#  Out of Memory Error (allocation.cpp:389), pid=2884, tid=0x0000000000001560
#
# JRE version: Java(TM) SE Runtime Environment (8.0_231-b11) (build 1.8.0_231-b11)
# Java VM: Java HotSpot(TM) 64-Bit Server VM (25.231-b11 mixed mode windows-amd64 compressed oops)
# Failed to write core dump. Minidumps are not enabled by default on client versions of Windows
#

---------------  T H R E A D  ---------------

Current thread (0x00000000162dd800):  JavaThread "C2 CompilerThread0" daemon [_thread_in_native, id=5472, stack(0x0000000017920000,0x0000000017a20000)]

Stack: [0x0000000017920000,0x0000000017a20000]
[error occurred during error reporting (printing stack bounds), id 0xc0000005]

Native frames: (J=compiled Java code, j=interpreted, Vv=VM code, C=native code)


Current CompileTask:
C2: 312611 24551       4       org.gradle.api.internal.artifacts.transform.AttributeMatchingVariantSelector::doSelect (422 bytes)


---------------  P R O C E S S  ---------------

Java Threads: ( => current thread )
  0x000000001fe39800 JavaThread "Execution worker for ':' Thread 3" [_thread_in_native, id=2320, stack(0x0000000023ce0000,0x0000000023de0000)]
  0x000000001fe37800 JavaThread "Execution worker for ':' Thread 2" [_thread_in_native, id=3896, stack(0x00000000237e0000,0x00000000238e0000)]
  0x0000000026129800 JavaThread "Execution worker for ':'" [_thread_in_native, id=5460, stack(0x00000000236e0000,0x00000000237e0000)]
  0x000000002612b000 JavaThread "Cache worker for file content cache (C:\Users\user\AndroidStudioProjects\SchoolManagement2\.gradle\6.1.1\fileContent)" [_thread_blocked, id=3224, stack(0x00000000235e0000,0x00000000236e0000)]
  0x0000000026127000 JavaThread "Cache worker for Build Output Cleanup Cache (C:\Users\user\AndroidStudioProjects\SchoolManagement2\.gradle\buildOutputCleanup)" [_thread_blocked, id=532, stack(0x0000000022110000,0x0000000022210000)]
  0x000000002612c800 JavaThread "Build operations Thread 4" [_thread_blocked, id=6152, stack(0x0000000021410000,0x0000000021510000)]
  0x000000002612d000 JavaThread "Build operations Thread 3" [_thread_blocked, id=3124, stack(0x0000000020d10000,0x0000000020e10000)]
  0x000000002612b800 JavaThread "Build operations Thread 2" [_thread_blocked, id=5360, stack(0x0000000020c10000,0x0000000020d10000)]
  0x0000000026128800 JavaThread "Build operations" [_thread_blocked, id=4736, stack(0x000000001f8d0000,0x000000001f9d0000)]
  0x0000000026128000 JavaThread "Cache worker for cache directory md-rule (C:\caches\6.1.1\md-rule)" [_thread_blocked, id=6828, stack(0x000000001f7d0000,0x000000001f8d0000)]
  0x000000002611f800 JavaThread "Cache worker for cache directory md-supplier (C:\caches\6.1.1\md-supplier)" [_thread_blocked, id=6752, stack(0x000000001db60000,0x000000001dc60000)]
  0x0000000026126800 JavaThread "Cache worker for file hash cache (C:\Users\user\AndroidStudioProjects\SchoolManagement2\.gradle\6.1.1\fileHashes)" [_thread_blocked, id=3564, stack(0x000000001d3b0000,0x000000001d4b0000)]
  0x0000000026124000 JavaThread "Cache worker for checksums cache (C:\Users\user\AndroidStudioProjects\SchoolManagement2\.gradle\checksums)" [_thread_blocked, id=2260, stack(0x000000001d2b0000,0x000000001d3b0000)]
  0x0000000026123800 JavaThread "Thread-67" [_thread_blocked, id=336, stack(0x000000001d1b0000,0x000000001d2b0000)]
  0x000000002611f000 JavaThread "Stdin handler" [_thread_blocked, id=4564, stack(0x000000001ab10000,0x000000001ac10000)]
  0x0000000026122800 JavaThread "Asynchronous log dispatcher for DefaultDaemonConnection: socket connection from /127.0.0.1:57133 to /127.0.0.1:57190" [_thread_blocked, id=416, stack(0x000000001a810000,0x000000001a910000)]
  0x0000000026125000 JavaThread "Daemon worker Thread 2" [_thread_in_native, id=3532, stack(0x000000001a710000,0x000000001a810000)]
  0x0000000026120800 JavaThread "Cancel handler" [_thread_blocked, id=2132, stack(0x000000001a410000,0x000000001a510000)]
  0x0000000026121000 JavaThread "Handler for socket connection from /127.0.0.1:57133 to /127.0.0.1:57190" [_thread_in_native, id=4296, stack(0x000000001a310000,0x000000001a410000)]
  0x0000000026122000 JavaThread "Daemon Thread 2" [_thread_blocked, id=5392, stack(0x0000000000a50000,0x0000000000b50000)]
  0x000000001eb14800 JavaThread "Cache worker for Java compile cache (C:\caches\6.1.1\javaCompile)" [_thread_blocked, id=5976, stack(0x00000000247e0000,0x00000000248e0000)]
  0x000000001eb16000 JavaThread "Cache worker for file content cache (C:\caches\6.1.1\fileContent)" [_thread_blocked, id=3144, stack(0x0000000022010000,0x0000000022110000)]
  0x000000001eb12000 JavaThread "Memory manager" [_thread_blocked, id=4908, stack(0x0000000021f10000,0x0000000022010000)]
  0x00000000190c4000 JavaThread "Cache worker for execution history cache (C:\caches\6.1.1\executionHistory)" [_thread_blocked, id=3648, stack(0x000000001dc60000,0x000000001dd60000)]
  0x00000000190c1800 JavaThread "Cache worker for file hash cache (C:\caches\6.1.1\fileHashes)" [_thread_blocked, id=5884, stack(0x000000001bfe0000,0x000000001c0e0000)]
  0x00000000190be000 JavaThread "File lock request listener" [_thread_in_native, id=1636, stack(0x000000001bee0000,0x000000001bfe0000)]
  0x00000000190bf800 JavaThread "Cache worker for journal cache (C:\caches\journal-1)" [_thread_blocked, id=432, stack(0x000000001bde0000,0x000000001bee0000)]
  0x0000000017f9b000 JavaThread "Daemon periodic checks" [_thread_blocked, id=3420, stack(0x000000001a210000,0x000000001a310000)]
  0x0000000019711800 JavaThread "Incoming local TCP Connector on port 57133" [_thread_in_native, id=4576, stack(0x000000001a030000,0x000000001a130000)]
  0x0000000017f79000 JavaThread "Daemon health stats" [_thread_blocked, id=5796, stack(0x00000000199f0000,0x0000000019af0000)]
  0x000000001633d800 JavaThread "Service Thread" daemon [_thread_blocked, id=224, stack(0x0000000018020000,0x0000000018120000)]
  0x00000000162eb800 JavaThread "C1 CompilerThread2" daemon [_thread_blocked, id=3452, stack(0x0000000017b20000,0x0000000017c20000)]
  0x00000000162e3800 JavaThread "C2 CompilerThread1" daemon [_thread_blocked, id=4960, stack(0x0000000017a20000,0x0000000017b20000)]
=>0x00000000162dd800 JavaThread "C2 CompilerThread0" daemon [_thread_in_native, id=5472, stack(0x0000000017920000,0x0000000017a20000)]
  0x00000000162dc000 JavaThread "Attach Listener" daemon [_thread_blocked, id=4756, stack(0x0000000017820000,0x0000000017920000)]
  0x00000000162da800 JavaThread "Signal Dispatcher" daemon [_thread_blocked, id=3140, stack(0x0000000017720000,0x0000000017820000)]
  0x00000000028cc000 JavaThread "Finalizer" daemon [_thread_blocked, id=2056, stack(0x0000000017540000,0x0000000017640000)]
  0x00000000028c3000 JavaThread "Reference Handler" daemon [_thread_blocked, id=1092, stack(0x0000000017440000,0x0000000017540000)]
  0x000000000296d800 JavaThread "main" [_thread_blocked, id=3548, stack(0x0000000002650000,0x0000000002750000)]

Other Threads:
  0x00000000162a8000 VMThread [stack: 0x0000000017340000,0x0000000017440000] [id=6660]
  0x000000001633e800 WatcherThread [stack: 0x0000000018120000,0x0000000018220000] [id=2060]

VM state:not at safepoint (normal execution)

VM Mutex/Monitor currently owned by a thread: None

heap address: 0x00000000a0000000, size: 1536 MB, Compressed Oops mode: 32-bit
Narrow klass base: 0x0000000000000000, Narrow klass shift: 3
Compressed class space size: 1073741824 Address: 0x0000000100000000

Heap:
 PSYoungGen      total 477696K, used 211416K [0x00000000e0000000, 0x0000000100000000, 0x0000000100000000)
  eden space 437248K, 43% used [0x00000000e0000000,0x00000000eb9af3e8,0x00000000fab00000)
  from space 40448K, 52% used [0x00000000fab00000,0x00000000fbfc6fe0,0x00000000fd280000)
  to   space 39424K, 0% used [0x00000000fd980000,0x00000000fd980000,0x0000000100000000)
 ParOldGen       total 268288K, used 221394K [0x00000000a0000000, 0x00000000b0600000, 0x00000000e0000000)
  object space 268288K, 82% used [0x00000000a0000000,0x00000000ad834958,0x00000000b0600000)
 Metaspace       used 97945K, capacity 102572K, committed 102784K, reserved 1138688K
  class space    used 12793K, capacity 13676K, committed 13696K, reserved 1048576K

Card table byte_map: [0x0000000011d30000,0x0000000012040000] byte_map_base: 0x0000000011830000

Marking Bits: (ParMarkBitMap*) 0x0000000072e56d90
 Begin Bits: [0x0000000012640000, 0x0000000013e40000)
 End Bits:   [0x0000000013e40000, 0x0000000015640000)

Polling page: 0x0000000002750000

CodeCache: size=245760Kb used=67763Kb max_used=69090Kb free=177996Kb
 bounds [0x0000000002970000, 0x0000000006d40000, 0x0000000011970000]
 total_blobs=20050 nmethods=19161 adapters=796
 compilation: enabled

Compilation events (10 events):
Event: 312.140 Thread 0x00000000162e3800 nmethod 24548 0x0000000003395550 code [0x0000000003395680, 0x00000000033956d8]
Event: 312.140 Thread 0x00000000162e3800 24558       4       org.gradle.execution.plan.DefaultExecutionPlan::nodeSatisfiesTaskFilter (26 bytes)
Event: 312.140 Thread 0x00000000162e3800 nmethod 24558 0x0000000005b3fe10 code [0x0000000005b3ff60, 0x0000000005b40018]
Event: 312.140 Thread 0x00000000162e3800 24576       4       java.util.LinkedList::removeFirst (23 bytes)
Event: 312.141 Thread 0x00000000162e3800 nmethod 24576 0x0000000005802090 code [0x00000000058021c0, 0x0000000005802278]
Event: 312.141 Thread 0x00000000162e3800 24563       4       org.gradle.api.internal.artifacts.ivyservice.resolveengine.artifact.ArtifactBackedResolvedVariant::getAttributes (5 bytes)
Event: 312.142 Thread 0x00000000162e3800 nmethod 24563 0x0000000005731fd0 code [0x0000000005732100, 0x0000000005732158]
Event: 312.142 Thread 0x00000000162e3800 24580       4       java.util.TreeMap$NavigableSubMap$SubMapIterator::hasNext (27 bytes)
Event: 312.142 Thread 0x00000000162e3800 nmethod 24580 0x0000000005887810 code [0x0000000005887940, 0x00000000058879d8]
Event: 312.142 Thread 0x00000000162e3800 24588   !   4       sun.nio.fs.WindowsFileAttributes::get (236 bytes)

GC Heap History (10 events):
Event: 190.881 GC heap before
{Heap before GC invocations=73 (full 8):
 PSYoungGen      total 470016K, used 444868K [0x00000000e0000000, 0x00000000ffa00000, 0x0000000100000000)
  eden space 429056K, 100% used [0x00000000e0000000,0x00000000fa300000,0x00000000fa300000)
  from space 40960K, 38% used [0x00000000fd200000,0x00000000fe1711e0,0x00000000ffa00000)
  to   space 44544K, 0% used [0x00000000fa300000,0x00000000fa300000,0x00000000fce80000)
 ParOldGen       total 226304K, used 160184K [0x00000000a0000000, 0x00000000add00000, 0x00000000e0000000)
  object space 226304K, 70% used [0x00000000a0000000,0x00000000a9c6e368,0x00000000add00000)
 Metaspace       used 93965K, capacity 98246K, committed 98304K, reserved 1134592K
  class space    used 12203K, capacity 13009K, committed 13056K, reserved 1048576K
Event: 190.910 GC heap after
Heap after GC invocations=73 (full 8):
 PSYoungGen      total 473600K, used 13824K [0x00000000e0000000, 0x00000000fff80000, 0x0000000100000000)
  eden space 429056K, 0% used [0x00000000e0000000,0x00000000e0000000,0x00000000fa300000)
  from space 44544K, 31% used [0x00000000fa300000,0x00000000fb080050,0x00000000fce80000)
  to   space 42496K, 0% used [0x00000000fd600000,0x00000000fd600000,0x00000000fff80000)
 ParOldGen       total 226304K, used 163923K [0x00000000a0000000, 0x00000000add00000, 0x00000000e0000000)
  object space 226304K, 72% used [0x00000000a0000000,0x00000000aa014fa8,0x00000000add00000)
 Metaspace       used 93965K, capacity 98246K, committed 98304K, reserved 1134592K
  class space    used 12203K, capacity 13009K, committed 13056K, reserved 1048576K
}
Event: 192.869 GC heap before
{Heap before GC invocations=74 (full 8):
 PSYoungGen      total 473600K, used 442880K [0x00000000e0000000, 0x00000000fff80000, 0x0000000100000000)
  eden space 429056K, 100% used [0x00000000e0000000,0x00000000fa300000,0x00000000fa300000)
  from space 44544K, 31% used [0x00000000fa300000,0x00000000fb080050,0x00000000fce80000)
  to   space 42496K, 0% used [0x00000000fd600000,0x00000000fd600000,0x00000000fff80000)
 ParOldGen       total 226304K, used 163923K [0x00000000a0000000, 0x00000000add00000, 0x00000000e0000000)
  object space 226304K, 72% used [0x00000000a0000000,0x00000000aa014fa8,0x00000000add00000)
 Metaspace       used 94014K, capacity 98246K, committed 98304K, reserved 1134592K
  class space    used 12206K, capacity 13009K, committed 13056K, reserved 1048576K
Event: 192.899 GC heap after
Heap after GC invocations=74 (full 8):
 PSYoungGen      total 474112K, used 16312K [0x00000000e0000000, 0x00000000ffa00000, 0x0000000100000000)
  eden space 437248K, 0% used [0x00000000e0000000,0x00000000e0000000,0x00000000fab00000)
  from space 36864K, 44% used [0x00000000fd600000,0x00000000fe5ee298,0x00000000ffa00000)
  to   space 40448K, 0% used [0x00000000fab00000,0x00000000fab00000,0x00000000fd280000)
 ParOldGen       total 226304K, used 163931K [0x00000000a0000000, 0x00000000add00000, 0x00000000e0000000)
  object space 226304K, 72% used [0x00000000a0000000,0x00000000aa016fa8,0x00000000add00000)
 Metaspace       used 94014K, capacity 98246K, committed 98304K, reserved 1134592K
  class space    used 12206K, capacity 13009K, committed 13056K, reserved 1048576K
}
Event: 196.059 GC heap before
{Heap before GC invocations=75 (full 8):
 PSYoungGen      total 474112K, used 453560K [0x00000000e0000000, 0x00000000ffa00000, 0x0000000100000000)
  eden space 437248K, 100% used [0x00000000e0000000,0x00000000fab00000,0x00000000fab00000)
  from space 36864K, 44% used [0x00000000fd600000,0x00000000fe5ee298,0x00000000ffa00000)
  to   space 40448K, 0% used [0x00000000fab00000,0x00000000fab00000,0x00000000fd280000)
 ParOldGen       total 226304K, used 163931K [0x00000000a0000000, 0x00000000add00000, 0x00000000e0000000)
  object space 226304K, 72% used [0x00000000a0000000,0x00000000aa016fa8,0x00000000add00000)
 Metaspace       used 94122K, capacity 98404K, committed 98560K, reserved 1134592K
  class space    used 12207K, capacity 13010K, committed 13056K, reserved 1048576K
Event: 196.447 GC heap after
Heap after GC invocations=75 (full 8):
 PSYoungGen      total 474112K, used 453560K [0x00000000e0000000, 0x00000000ffa00000, 0x0000000100000000)
  eden space 437248K, 100% used [0x00000000e0000000,0x00000000fab00000,0x00000000fab00000)
  from space 36864K, 44% used [0x00000000fd600000,0x00000000fe5ee298,0x00000000ffa00000)
  to   space 40448K, 99% used [0x00000000fab00000,0x00000000fd27a120,0x00000000fd280000)
 ParOldGen       total 268288K, used 268280K [0x00000000a0000000, 0x00000000b0600000, 0x00000000e0000000)
  object space 268288K, 99% used [0x00000000a0000000,0x00000000b05fe0e8,0x00000000b0600000)
 Metaspace       used 94122K, capacity 98404K, committed 98560K, reserved 1134592K
  class space    used 12207K, capacity 13010K, committed 13056K, reserved 1048576K
}
Event: 196.447 GC heap before
{Heap before GC invocations=76 (full 9):
 PSYoungGen      total 474112K, used 453560K [0x00000000e0000000, 0x00000000ffa00000, 0x0000000100000000)
  eden space 437248K, 100% used [0x00000000e0000000,0x00000000fab00000,0x00000000fab00000)
  from space 36864K, 44% used [0x00000000fd600000,0x00000000fe5ee298,0x00000000ffa00000)
  to   space 40448K, 99% used [0x00000000fab00000,0x00000000fd27a120,0x00000000fd280000)
 ParOldGen       total 268288K, used 268280K [0x00000000a0000000, 0x00000000b0600000, 0x00000000e0000000)
  object space 268288K, 99% used [0x00000000a0000000,0x00000000b05fe0e8,0x00000000b0600000)
 Metaspace       used 94122K, capacity 98404K, committed 98560K, reserved 1134592K
  class space    used 12207K, capacity 13010K, committed 13056K, reserved 1048576K
Event: 197.690 GC heap after
Heap after GC invocations=76 (full 9):
 PSYoungGen      total 474112K, used 0K [0x00000000e0000000, 0x00000000ffa00000, 0x0000000100000000)
  eden space 437248K, 0% used [0x00000000e0000000,0x00000000e0000000,0x00000000fab00000)
  from space 36864K, 0% used [0x00000000fd600000,0x00000000fd600000,0x00000000ffa00000)
  to   space 40448K, 0% used [0x00000000fab00000,0x00000000fab00000,0x00000000fd280000)
 ParOldGen       total 268288K, used 221386K [0x00000000a0000000, 0x00000000b0600000, 0x00000000e0000000)
  object space 268288K, 82% used [0x00000000a0000000,0x00000000ad832958,0x00000000b0600000)
 Metaspace       used 94121K, capacity 98398K, committed 98560K, reserved 1134592K
  class space    used 12206K, capacity 13009K, committed 13056K, reserved 1048576K
}
Event: 200.451 GC heap before
{Heap before GC invocations=77 (full 9):
 PSYoungGen      total 474112K, used 437248K [0x00000000e0000000, 0x00000000ffa00000, 0x0000000100000000)
  eden space 437248K, 100% used [0x00000000e0000000,0x00000000fab00000,0x00000000fab00000)
  from space 36864K, 0% used [0x00000000fd600000,0x00000000fd600000,0x00000000ffa00000)
  to   space 40448K, 0% used [0x00000000fab00000,0x00000000fab00000,0x00000000fd280000)
 ParOldGen       total 268288K, used 221386K [0x00000000a0000000, 0x00000000b0600000, 0x00000000e0000000)
  object space 268288K, 82% used [0x00000000a0000000,0x00000000ad832958,0x00000000b0600000)
 Metaspace       used 94157K, capacity 98468K, committed 98560K, reserved 1134592K
  class space    used 12207K, capacity 13010K, committed 13056K, reserved 1048576K
Event: 200.498 GC heap after
Heap after GC invocations=77 (full 9):
 PSYoungGen      total 477696K, used 21275K [0x00000000e0000000, 0x0000000100000000, 0x0000000100000000)
  eden space 437248K, 0% used [0x00000000e0000000,0x00000000e0000000,0x00000000fab00000)
  from space 40448K, 52% used [0x00000000fab00000,0x00000000fbfc6fe0,0x00000000fd280000)
  to   space 39424K, 0% used [0x00000000fd980000,0x00000000fd980000,0x0000000100000000)
 ParOldGen       total 268288K, used 221394K [0x00000000a0000000, 0x00000000b0600000, 0x00000000e0000000)
  object space 268288K, 82% used [0x00000000a0000000,0x00000000ad834958,0x00000000b0600000)
 Metaspace       used 94157K, capacity 98468K, committed 98560K, reserved 1134592K
  class space    used 12207K, capacity 13010K, committed 13056K, reserved 1048576K
}

Deoptimization events (10 events):
Event: 309.324 Thread 0x0000000026121000 Uncommon trap: reason=unstable_if action=reinterpret pc=0x0000000004a4afb8 method=java.io.ObjectInputStream$BlockDataInputStream.read([BIIZ)I @ 83
Event: 309.351 Thread 0x0000000026125000 Uncommon trap: reason=unstable_if action=reinterpret pc=0x00000000058ed340 method=org.gradle.tooling.internal.provider.runner.SubtreeFilteringBuildOperationListener.started(Lorg/gradle/internal/operations/BuildOperationDescriptor;Lorg/gradle/internal/oper
Event: 309.351 Thread 0x0000000026125000 Uncommon trap: reason=array_check action=maybe_recompile pc=0x000000000549af60 method=com.google.common.collect.ImmutableSet.construct(I[Ljava/lang/Object;)Lcom/google/common/collect/ImmutableSet; @ 122
Event: 309.353 Thread 0x0000000026125000 Uncommon trap: reason=array_check action=maybe_recompile pc=0x000000000549af60 method=com.google.common.collect.ImmutableSet.construct(I[Ljava/lang/Object;)Lcom/google/common/collect/ImmutableSet; @ 122
Event: 309.353 Thread 0x0000000026125000 Uncommon trap: reason=array_check action=maybe_recompile pc=0x000000000549af60 method=com.google.common.collect.ImmutableSet.construct(I[Ljava/lang/Object;)Lcom/google/common/collect/ImmutableSet; @ 122
Event: 309.353 Thread 0x0000000026125000 Uncommon trap: reason=array_check action=maybe_recompile pc=0x000000000549af60 method=com.google.common.collect.ImmutableSet.construct(I[Ljava/lang/Object;)Lcom/google/common/collect/ImmutableSet; @ 122
Event: 309.354 Thread 0x0000000026125000 Uncommon trap: reason=class_check action=maybe_recompile pc=0x00000000045f0728 method=org.gradle.internal.work.DefaultWorkerLeaseService$DefaultWorkerLease.acquireLock()Z @ 4
Event: 311.009 Thread 0x0000000026125000 Uncommon trap: reason=class_check action=maybe_recompile pc=0x0000000005b93b64 method=java.util.AbstractMap.isEmpty()Z @ 1
Event: 311.011 Thread 0x0000000026125000 Uncommon trap: reason=class_check action=maybe_recompile pc=0x0000000005b93b64 method=java.util.AbstractMap.isEmpty()Z @ 1
Event: 311.524 Thread 0x0000000026125000 Uncommon trap: reason=bimorphic action=maybe_recompile pc=0x00000000067f9664 method=java.util.Collection.removeIf(Ljava/util/function/Predicate;)Z @ 8

Classes redefined (0 events):
No events

Internal exceptions (10 events):
Event: 193.953 Thread 0x000000001eb16800 Implicit null exception at 0x0000000004c28aad to 0x0000000004c29d15
Event: 200.147 Thread 0x000000001eb19000 Exception <a 'sun/nio/fs/WindowsException'> (0x00000000fa035088) thrown at [C:\re\workspace\8-2-build-windows-amd64-cygwin\jdk8u231\13620\hotspot\src\share\vm\prims\jni.cpp, line 710]
Event: 200.499 Thread 0x00000000190be800 Exception <a 'sun/nio/fs/WindowsException'> (0x00000000e0000910) thrown at [C:\re\workspace\8-2-build-windows-amd64-cygwin\jdk8u231\13620\hotspot\src\share\vm\prims\jni.cpp, line 710]
Event: 208.779 Thread 0x000000001fe40000 Exception <a 'java/lang/NoSuchMethodError': <clinit>> (0x00000000e0de37e0) thrown at [C:\re\workspace\8-2-build-windows-amd64-cygwin\jdk8u231\13620\hotspot\src\share\vm\prims\jni.cpp, line 1614]
Event: 208.779 Thread 0x000000001fe40000 Exception <a 'java/lang/NoSuchMethodError': <clinit>> (0x00000000e0de8068) thrown at [C:\re\workspace\8-2-build-windows-amd64-cygwin\jdk8u231\13620\hotspot\src\share\vm\prims\jni.cpp, line 1614]
Event: 209.424 Thread 0x000000001eb1d000 Exception <a 'sun/nio/fs/WindowsException'> (0x00000000e1332338) thrown at [C:\re\workspace\8-2-build-windows-amd64-cygwin\jdk8u231\13620\hotspot\src\share\vm\prims\jni.cpp, line 710]
Event: 209.424 Thread 0x000000001eb1d000 Exception <a 'sun/nio/fs/WindowsException'> (0x00000000e1332c00) thrown at [C:\re\workspace\8-2-build-windows-amd64-cygwin\jdk8u231\13620\hotspot\src\share\vm\prims\jni.cpp, line 710]
Event: 209.438 Thread 0x000000001eb1d000 Exception <a 'java/lang/NoSuchMethodError': java.lang.Object.lambda$static$0(Lcom/android/apksig/util/RunnablesProvider;)V> (0x00000000e1394b08) thrown at [C:\re\workspace\8-2-build-windows-amd64-cygwin\jdk8u231\13620\hotspot\src\share\vm\interpreter\link
Event: 213.482 Thread 0x0000000018a3c800 Exception <a 'sun/nio/fs/WindowsException'> (0x00000000e74b5070) thrown at [C:\re\workspace\8-2-build-windows-amd64-cygwin\jdk8u231\13620\hotspot\src\share\vm\prims\jni.cpp, line 710]
Event: 213.813 Thread 0x0000000018b03000 Implicit null exception at 0x00000000035f3c55 to 0x00000000035f40dd

Events (10 events):
Event: 311.996 Thread 0x0000000026125000 DEOPT UNPACKING pc=0x00000000029b7890 sp=0x000000001a80c200 mode 0
Event: 312.002 Thread 0x0000000026129800 Thread added: 0x0000000026129800
Event: 312.002 Thread 0x000000001fe37800 Thread added: 0x000000001fe37800
Event: 312.002 Thread 0x000000001fe39800 Thread added: 0x000000001fe39800
Event: 312.091 Executing VM operation: RevokeBias
Event: 312.092 Executing VM operation: RevokeBias done
Event: 312.093 Executing VM operation: RevokeBias
Event: 312.093 Executing VM operation: RevokeBias done
Event: 312.093 Executing VM operation: RevokeBias
Event: 312.094 Executing VM operation: RevokeBias done


Dynamic libraries:
0x00007ff67d830000 - 0x00007ff67d867000 	C:\Program Files\Java\jdk1.8.0_231\bin\java.exe
0x00007ff802be0000 - 0x00007ff802da2000 	C:\Windows\SYSTEM32\ntdll.dll
0x00007ff800d20000 - 0x00007ff800dcd000 	C:\Windows\system32\KERNEL32.DLL
0x00007fffffe00000 - 0x00007ffffffdd000 	C:\Windows\system32\KERNELBASE.dll
0x00007ff800b20000 - 0x00007ff800bc6000 	C:\Windows\system32\ADVAPI32.dll
0x00007ff800990000 - 0x00007ff800a2d000 	C:\Windows\system32\msvcrt.dll
0x00007ff800dd0000 - 0x00007ff800e2b000 	C:\Windows\system32\sechost.dll
0x00007ff801230000 - 0x00007ff801356000 	C:\Windows\system32\RPCRT4.dll
0x00007ff800bd0000 - 0x00007ff800d1e000 	C:\Windows\system32\USER32.dll
0x00007ff800e30000 - 0x00007ff800fb3000 	C:\Windows\system32\GDI32.dll
0x00007ffff2280000 - 0x00007ffff24f4000 	C:\Windows\WinSxS\amd64_microsoft.windows.common-controls_6595b64144ccf1df_6.0.10240.17184_none_f41d7a705752bce6\COMCTL32.dll
0x00007ff800310000 - 0x00007ff800346000 	C:\Windows\system32\IMM32.DLL
0x00007ff800830000 - 0x00007ff80098c000 	C:\Windows\system32\MSCTF.dll
0x0000000072ee0000 - 0x0000000072fb2000 	C:\Program Files\Java\jdk1.8.0_231\jre\bin\msvcr100.dll
0x0000000072630000 - 0x0000000072ed6000 	C:\Program Files\Java\jdk1.8.0_231\jre\bin\server\jvm.dll
0x00007ff800b10000 - 0x00007ff800b18000 	C:\Windows\system32\PSAPI.DLL
0x00007fffdf640000 - 0x00007fffdf649000 	C:\Windows\SYSTEM32\WSOCK32.dll
0x00007ffffd150000 - 0x00007ffffd173000 	C:\Windows\SYSTEM32\WINMM.dll
0x00007ffff3610000 - 0x00007ffff361a000 	C:\Windows\SYSTEM32\VERSION.dll
0x00007ff8011c0000 - 0x00007ff801229000 	C:\Windows\system32\WS2_32.dll
0x00007ff800fc0000 - 0x00007ff800fc8000 	C:\Windows\system32\NSI.dll
0x00007ffffd110000 - 0x00007ffffd13c000 	C:\Windows\SYSTEM32\WINMMBASE.dll
0x00007ff800020000 - 0x00007ff800064000 	C:\Windows\system32\cfgmgr32.dll
0x00007ffffdf60000 - 0x00007ffffdf87000 	C:\Windows\SYSTEM32\DEVOBJ.dll
0x00007ffff9960000 - 0x00007ffff996f000 	C:\Program Files\Java\jdk1.8.0_231\jre\bin\verify.dll
0x00007fffe8760000 - 0x00007fffe8789000 	C:\Program Files\Java\jdk1.8.0_231\jre\bin\java.dll
0x00007ffff6e60000 - 0x00007ffff6e76000 	C:\Program Files\Java\jdk1.8.0_231\jre\bin\zip.dll
0x00007ff8015e0000 - 0x00007ff802b03000 	C:\Windows\system32\SHELL32.dll
0x00007fffff710000 - 0x00007fffffd39000 	C:\Windows\system32\windows.storage.dll
0x00007ff801360000 - 0x00007ff8015dc000 	C:\Windows\system32\combase.dll
0x00007ff800680000 - 0x00007ff8006d1000 	C:\Windows\system32\shlwapi.dll
0x00007fffff600000 - 0x00007fffff60f000 	C:\Windows\system32\kernel.appcore.dll
0x00007fffffd40000 - 0x00007fffffdf3000 	C:\Windows\system32\shcore.dll
0x00007fffff610000 - 0x00007fffff65a000 	C:\Windows\system32\powrprof.dll
0x00007ff800000000 - 0x00007ff800013000 	C:\Windows\system32\profapi.dll
0x00007ffff56c0000 - 0x00007ffff56da000 	C:\Program Files\Java\jdk1.8.0_231\jre\bin\net.dll
0x00007ffffee40000 - 0x00007ffffee9d000 	C:\Windows\system32\mswsock.dll
0x00007ffff2ba0000 - 0x00007ffff2bb2000 	C:\Program Files\Java\jdk1.8.0_231\jre\bin\nio.dll
0x00007fffece50000 - 0x00007fffece76000 	C:\native\31\windows-amd64\native-platform.dll
0x00007ffff8460000 - 0x00007ffff846d000 	C:\Program Files\Java\jdk1.8.0_231\jre\bin\management.dll
0x00007ffffeea0000 - 0x00007ffffeeb7000 	C:\Windows\SYSTEM32\CRYPTSP.dll
0x00007fffff120000 - 0x00007fffff148000 	C:\Windows\SYSTEM32\bcrypt.dll
0x00007ffffea70000 - 0x00007ffffeaa3000 	C:\Windows\system32\rsaenh.dll
0x00007ffffeb60000 - 0x00007ffffeb7f000 	C:\Windows\SYSTEM32\USERENV.dll
0x00007fffff430000 - 0x00007fffff49b000 	C:\Windows\system32\bcryptprimitives.dll
0x00007fffff020000 - 0x00007fffff02b000 	C:\Windows\SYSTEM32\CRYPTBASE.dll
0x00007ffffd000000 - 0x00007ffffd038000 	C:\Windows\SYSTEM32\IPHLPAPI.DLL
0x00007ffffcfb0000 - 0x00007ffffcfbb000 	C:\Windows\SYSTEM32\WINNSI.DLL
0x00007ffffbcf0000 - 0x00007ffffbd06000 	C:\Windows\SYSTEM32\dhcpcsvc6.DLL
0x00007ffffa960000 - 0x00007ffffa97a000 	C:\Windows\SYSTEM32\dhcpcsvc.DLL

VM Arguments:
jvm_args: -Xmx1536m -Dfile.encoding=windows-1252 -Duser.country=US -Duser.language=en -Duser.variant 
java_command: org.gradle.launcher.daemon.bootstrap.GradleDaemon 6.1.1
java_class_path (initial): C:\wrapper\dists\gradle-6.1.1-all\cfmwm155h49vnt3hynmlrsdst\gradle-6.1.1\lib\gradle-launcher-6.1.1.jar
Launcher Type: SUN_STANDARD

Environment Variables:
JAVA_HOME=C:\Program Files\Java\jdk1.8.0_231
PATH=C:\Windows\system32;C:\Windows;C:\Windows\System32\Wbem;C:\Windows\System32\WindowsPowerShell\v1.0\;C:\Program Files\Java\jdk-11.0.2\bin;C:\Program Files\Java\jdk1.8.0_231\bin;C:\Users\user\AppData\Local\Programs\Python\Python38;C:\Program Files\Git\cmd;C:\Program Files\Java\jdk-11.0.2\bin;C:\Program Files\Java\jdk1.8.0_231\bin;%DASHLANE_DLL_DIR%
USERNAME=JUST
OS=Windows_NT
PROCESSOR_IDENTIFIER=Intel64 Family 6 Model 69 Stepping 1, GenuineIntel



---------------  S Y S T E M  ---------------

OS: Windows 10.0 , 64 bit Build 10240 (10.0.10240.17113)

CPU:total 4 (initial active 4) (2 cores per cpu, 2 threads per core) family 6 model 69 stepping 1, cmov, cx8, fxsr, mmx, sse, sse2, sse3, ssse3, sse4.1, sse4.2, popcnt, avx, avx2, aes, clmul, erms, lzcnt, ht, tsc, tscinvbit, bmi1, bmi2

Memory: 4k page, physical 3874620k(499648k free), swap 5275452k(2588k free)

vm_info: Java HotSpot(TM) 64-Bit Server VM (25.231-b11) for windows-amd64 JRE (1.8.0_231-b11), built on Oct  5 2019 03:11:30 by "java_re" with MS VC++ 10.0 (VS2010)

time: Thu Oct 22 11:28:55 2020
timezone: E. Africa Standard Time
elapsed time: 312 seconds (0d 0h 5m 12s)

