#
# There is insufficient memory for the Java Runtime Environment to continue.
# Native memory allocation (malloc) failed to allocate 1336816 bytes for Chunk::new
# Possible reasons:
#   The system is out of physical RAM or swap space
#   The process is running with CompressedOops enabled, and the Java Heap may be blocking the growth of the native heap
# Possible solutions:
#   Reduce memory load on the system
#   Increase physical memory or swap space
#   Check if swap backing store is full
#   Decrease Java heap size (-Xmx/-Xms)
#   Decrease number of Java threads
#   Decrease Java thread stack sizes (-Xss)
#   Set larger code cache with -XX:ReservedCodeCacheSize=
#   JVM is running with Unscaled Compressed Oops mode in which the Java heap is
#     placed in the first 4GB address space. The Java Heap base address is the
#     maximum limit for the native heap growth. Please use -XX:HeapBaseMinAddress
#     to set the Java Heap base and to place the Java Heap above 4GB virtual address.
# This output file may be truncated or incomplete.
#
#  Out of Memory Error (allocation.cpp:389), pid=4164, tid=0x000000000000185c
#
# JRE version: OpenJDK Runtime Environment (8.0_202-b03) (build 1.8.0_202-release-1483-b03)
# Java VM: OpenJDK 64-Bit Server VM (25.202-b03 mixed mode windows-amd64 compressed oops)
# Failed to write core dump. Minidumps are not enabled by default on client versions of Windows
#

---------------  T H R E A D  ---------------

Current thread (0x000000001694c000):  JavaThread "C2 CompilerThread0" daemon [_thread_in_native, id=6236, stack(0x0000000017f90000,0x0000000018090000)]

Stack: [0x0000000017f90000,0x0000000018090000]
[error occurred during error reporting (printing stack bounds), id 0xc0000005]

Native frames: (J=compiled Java code, j=interpreted, Vv=VM code, C=native code)


Current CompileTask:
C2:1044443 22126       4       com.android.utils.XmlUtils::append (639 bytes)


---------------  P R O C E S S  ---------------

Java Threads: ( => current thread )
  0x000000001f4a0000 JavaThread "stdout" [_thread_in_native, id=7224, stack(0x0000000027660000,0x0000000027760000)]
  0x000000001f4a2800 JavaThread "stderr" [_thread_in_native, id=4488, stack(0x0000000027560000,0x0000000027660000)]
  0x000000001f4a1800 JavaThread "stdout" [_thread_in_native, id=5336, stack(0x0000000027460000,0x0000000027560000)]
  0x000000001f4a7000 JavaThread "stderr" [_thread_in_native, id=6100, stack(0x00000000260b0000,0x00000000261b0000)]
  0x0000000019ad1800 JavaThread "WorkerExecutor Queue Thread 4" [_thread_blocked, id=6932, stack(0x0000000025fb0000,0x00000000260b0000)]
  0x0000000019acb800 JavaThread "pool-15-thread-1" [_thread_blocked, id=2780, stack(0x0000000025c50000,0x0000000025d50000)]
  0x000000001f693800 JavaThread "WorkerExecutor Queue Thread 3" [_thread_blocked, id=7340, stack(0x0000000025b50000,0x0000000025c50000)]
  0x000000001f693000 JavaThread "WorkerExecutor Queue Thread 2" [_thread_blocked, id=1740, stack(0x0000000025a50000,0x0000000025b50000)]
  0x000000001f694800 JavaThread "WorkerExecutor Queue" [_thread_blocked, id=3836, stack(0x0000000024540000,0x0000000024640000)]
  0x000000001f68a000 JavaThread "Cache worker for execution history cache (C:\Users\user\AndroidStudioProjects\SchoolManagement2\.gradle\5.4.1\executionHistory)" [_thread_blocked, id=4524, stack(0x0000000024340000,0x0000000024440000)]
  0x000000001f690800 JavaThread "Execution worker for ':' Thread 3" [_thread_in_native, id=4576, stack(0x0000000024040000,0x0000000024140000)]
  0x000000001f689000 JavaThread "Execution worker for ':' Thread 2" [_thread_blocked, id=2896, stack(0x0000000023f40000,0x0000000024040000)]
  0x000000001f690000 JavaThread "Execution worker for ':'" [_thread_in_native, id=3112, stack(0x0000000023c40000,0x0000000023d40000)]
  0x000000001f68f000 JavaThread "Cache worker for file content cache (C:\Users\user\AndroidStudioProjects\SchoolManagement2\.gradle\5.4.1\fileContent)" [_thread_blocked, id=5568, stack(0x0000000023540000,0x0000000023640000)]
  0x000000001f68e800 JavaThread "Cache worker for Build Output Cleanup Cache (C:\Users\user\AndroidStudioProjects\SchoolManagement2\.gradle\buildOutputCleanup)" [_thread_blocked, id=8072, stack(0x0000000022940000,0x0000000022a40000)]
  0x000000001f68d800 JavaThread "Build operations Thread 4" [_thread_blocked, id=6444, stack(0x0000000022240000,0x0000000022340000)]
  0x000000001f68d000 JavaThread "Build operations Thread 3" [_thread_blocked, id=5976, stack(0x0000000021110000,0x0000000021210000)]
  0x000000001f686000 JavaThread "Build operations Thread 2" [_thread_blocked, id=196, stack(0x0000000021010000,0x0000000021110000)]
  0x000000001f5c5800 JavaThread "Build operations" [_thread_blocked, id=7572, stack(0x0000000020f10000,0x0000000021010000)]
  0x000000001f5c4800 JavaThread "Cache worker for cache directory md-rule (C:\Users\user\.gradle\caches\5.4.1\md-rule)" [_thread_blocked, id=3276, stack(0x0000000020e10000,0x0000000020f10000)]
  0x000000001f5c4000 JavaThread "Cache worker for cache directory md-supplier (C:\Users\user\.gradle\caches\5.4.1\md-supplier)" [_thread_blocked, id=5740, stack(0x0000000020d10000,0x0000000020e10000)]
  0x000000001f5bc800 JavaThread "Cache worker for file hash cache (C:\Users\user\AndroidStudioProjects\SchoolManagement2\.gradle\5.4.1\fileHashes)" [_thread_blocked, id=7848, stack(0x000000001f150000,0x000000001f250000)]
  0x000000001f5c3000 JavaThread "Thread-161" [_thread_blocked, id=1700, stack(0x000000001c850000,0x000000001c950000)]
  0x000000001f5c1800 JavaThread "Stdin handler" [_thread_blocked, id=4464, stack(0x000000001b180000,0x000000001b280000)]
  0x000000001f5ba000 JavaThread "Asynchronous log dispatcher for DefaultDaemonConnection: socket connection from /127.0.0.1:52863 to /127.0.0.1:53373" [_thread_blocked, id=6800, stack(0x000000001af80000,0x000000001b080000)]
  0x000000001f5c1000 JavaThread "Cancel handler" [_thread_blocked, id=7024, stack(0x000000001ad80000,0x000000001ae80000)]
  0x000000001f5bf800 JavaThread "Handler for socket connection from /127.0.0.1:52863 to /127.0.0.1:53373" [_thread_in_native, id=3980, stack(0x000000001aa80000,0x000000001ab80000)]
  0x000000001f68a800 JavaThread "Daemon worker Thread 4" [_thread_blocked, id=1300, stack(0x000000001ae80000,0x000000001af80000)]
  0x000000001f68c000 JavaThread "Daemon Thread 4" [_thread_blocked, id=7556, stack(0x000000001a980000,0x000000001aa80000)]
  0x000000001f5c0000 JavaThread "Cache worker for Java compile cache (C:\Users\user\.gradle\caches\5.4.1\javaCompile)" [_thread_blocked, id=1164, stack(0x0000000024440000,0x0000000024540000)]
  0x000000001f5be000 JavaThread "Cache worker for file content cache (C:\Users\user\.gradle\caches\5.4.1\fileContent)" [_thread_blocked, id=6972, stack(0x0000000023440000,0x0000000023540000)]
  0x000000001f5b6000 JavaThread "Memory manager" [_thread_blocked, id=792, stack(0x000000001b080000,0x000000001b180000)]
  0x000000001f5b9000 JavaThread "Cache worker for execution history cache (C:\Users\user\.gradle\caches\5.4.1\executionHistory)" [_thread_blocked, id=6644, stack(0x0000000020910000,0x0000000020a10000)]
  0x0000000019ad2800 JavaThread "Cache worker for journal cache (C:\Users\user\.gradle\caches\journal-1)" [_thread_blocked, id=6656, stack(0x000000001b480000,0x000000001b580000)]
  0x0000000019ace000 JavaThread "File lock request listener" [_thread_in_native, id=3888, stack(0x000000001b380000,0x000000001b480000)]
  0x0000000019acd000 JavaThread "Cache worker for file hash cache (C:\Users\user\.gradle\caches\5.4.1\fileHashes)" [_thread_blocked, id=2092, stack(0x000000001b280000,0x000000001b380000)]
  0x0000000019618800 JavaThread "Daemon periodic checks" [_thread_blocked, id=3600, stack(0x000000001a880000,0x000000001a980000)]
  0x000000001696c000 JavaThread "Incoming local TCP Connector on port 52863" [_thread_in_native, id=5400, stack(0x000000001a6a0000,0x000000001a7a0000)]
  0x000000001864c800 JavaThread "Daemon health stats" [_thread_blocked, id=7736, stack(0x000000001a060000,0x000000001a160000)]
  0x00000000169ac800 JavaThread "Service Thread" daemon [_thread_blocked, id=4752, stack(0x0000000018690000,0x0000000018790000)]
  0x0000000016958800 JavaThread "C1 CompilerThread2" daemon [_thread_blocked, id=4208, stack(0x0000000018190000,0x0000000018290000)]
  0x0000000016951000 JavaThread "C2 CompilerThread1" daemon [_thread_in_native, id=5208, stack(0x0000000018090000,0x0000000018190000)]
=>0x000000001694c000 JavaThread "C2 CompilerThread0" daemon [_thread_in_native, id=6236, stack(0x0000000017f90000,0x0000000018090000)]
  0x000000001694a800 JavaThread "Attach Listener" daemon [_thread_blocked, id=7520, stack(0x0000000017e90000,0x0000000017f90000)]
  0x0000000016949000 JavaThread "Signal Dispatcher" daemon [_thread_blocked, id=4068, stack(0x0000000017d90000,0x0000000017e90000)]
  0x0000000002fdb000 JavaThread "Finalizer" daemon [_thread_blocked, id=5152, stack(0x0000000017bb0000,0x0000000017cb0000)]
  0x0000000016939000 JavaThread "Reference Handler" daemon [_thread_blocked, id=7636, stack(0x0000000017ab0000,0x0000000017bb0000)]
  0x00000000015cd800 JavaThread "main" [_thread_blocked, id=7472, stack(0x0000000002d00000,0x0000000002e00000)]

Other Threads:
  0x0000000016917000 VMThread [stack: 0x00000000179b0000,0x0000000017ab0000] [id=1908]
  0x00000000169ae000 WatcherThread [stack: 0x0000000018790000,0x0000000018890000] [id=3344]

VM state:not at safepoint (normal execution)

VM Mutex/Monitor currently owned by a thread: None

heap address: 0x00000000a0000000, size: 1536 MB, Compressed Oops mode: 32-bit
Narrow klass base: 0x0000000000000000, Narrow klass shift: 3
Compressed class space size: 1073741824 Address: 0x0000000100000000

Heap:
 PSYoungGen      total 370688K, used 251521K [0x00000000e0000000, 0x00000000f9980000, 0x0000000100000000)
  eden space 327168K, 73% used [0x00000000e0000000,0x00000000eea4c628,0x00000000f3f80000)
  from space 43520K, 26% used [0x00000000f3f80000,0x00000000f4ad3df0,0x00000000f6a00000)
  to   space 41984K, 0% used [0x00000000f7080000,0x00000000f7080000,0x00000000f9980000)
 ParOldGen       total 219136K, used 94806K [0x00000000a0000000, 0x00000000ad600000, 0x00000000e0000000)
  object space 219136K, 43% used [0x00000000a0000000,0x00000000a5c959f0,0x00000000ad600000)
 Metaspace       used 91183K, capacity 95422K, committed 95640K, reserved 1132544K
  class space    used 11624K, capacity 12445K, committed 12456K, reserved 1048576K

Card table byte_map: [0x00000000123a0000,0x00000000126b0000] byte_map_base: 0x0000000011ea0000

Marking Bits: (ParMarkBitMap*) 0x0000000066e09f30
 Begin Bits: [0x0000000012cb0000, 0x00000000144b0000)
 End Bits:   [0x00000000144b0000, 0x0000000015cb0000)

Polling page: 0x0000000001570000

CodeCache: size=245760Kb used=59707Kb max_used=59769Kb free=186052Kb
 bounds [0x0000000002fe0000, 0x0000000006a90000, 0x0000000011fe0000]
 total_blobs=18330 nmethods=17473 adapters=767
 compilation: enabled

Compilation events (10 events):
Event: 1043.790 Thread 0x0000000016958800 22245       2       org.gradle.execution.plan.DefaultExecutionPlan$8$1$1::accept (9 bytes)
Event: 1043.790 Thread 0x0000000016958800 nmethod 22245 0x0000000006a773d0 code [0x0000000006a77540, 0x0000000006a77708]
Event: 1043.790 Thread 0x0000000016958800 22246       2       org.gradle.execution.plan.DefaultExecutionPlan$8$1$1::accept (42 bytes)
Event: 1043.791 Thread 0x0000000016958800 nmethod 22246 0x0000000006a76e90 code [0x0000000006a77000, 0x0000000006a771f8]
Event: 1043.797 Thread 0x0000000016958800 22247       2       org.gradle.internal.resources.ExclusiveAccessResourceLock::acquireLock (8 bytes)
Event: 1043.797 Thread 0x0000000016958800 nmethod 22247 0x0000000006a76a90 code [0x0000000006a76c00, 0x0000000006a76d88]
Event: 1043.797 Thread 0x0000000016958800 22248       2       org.gradle.execution.plan.DefaultExecutionPlan::selectNext (222 bytes)
Event: 1043.799 Thread 0x0000000016958800 nmethod 22248 0x0000000006a8bbd0 code [0x0000000006a8bea0, 0x0000000006a8c7c8]
Event: 1043.911 Thread 0x0000000016958800 22250       2       org.gradle.internal.resources.ExclusiveAccessResourceLock::releaseLock (8 bytes)
Event: 1043.912 Thread 0x0000000016958800 nmethod 22250 0x0000000006a76690 code [0x0000000006a76800, 0x0000000006a76988]

GC Heap History (10 events):
Event: 323.239 GC heap before
{Heap before GC invocations=27 (full 6):
 PSYoungGen      total 342528K, used 342104K [0x00000000e0000000, 0x00000000f7d00000, 0x0000000100000000)
  eden space 320512K, 100% used [0x00000000e0000000,0x00000000f3900000,0x00000000f3900000)
  from space 22016K, 98% used [0x00000000f4f00000,0x00000000f64160d8,0x00000000f6480000)
  to   space 25088K, 0% used [0x00000000f6480000,0x00000000f6480000,0x00000000f7d00000)
 ParOldGen       total 244224K, used 200235K [0x00000000a0000000, 0x00000000aee80000, 0x00000000e0000000)
  object space 244224K, 81% used [0x00000000a0000000,0x00000000ac38aff8,0x00000000aee80000)
 Metaspace       used 86076K, capacity 89390K, committed 89496K, reserved 1126400K
  class space    used 11201K, capacity 11887K, committed 11944K, reserved 1048576K
Event: 323.304 GC heap after
Heap after GC invocations=27 (full 6):
 PSYoungGen      total 342528K, used 25057K [0x00000000e0000000, 0x00000000fa280000, 0x0000000100000000)
  eden space 317440K, 0% used [0x00000000e0000000,0x00000000e0000000,0x00000000f3600000)
  from space 25088K, 99% used [0x00000000f6480000,0x00000000f7cf84d0,0x00000000f7d00000)
  to   space 47616K, 0% used [0x00000000f3600000,0x00000000f3600000,0x00000000f6480000)
 ParOldGen       total 244224K, used 230146K [0x00000000a0000000, 0x00000000aee80000, 0x00000000e0000000)
  object space 244224K, 94% used [0x00000000a0000000,0x00000000ae0c0850,0x00000000aee80000)
 Metaspace       used 86076K, capacity 89390K, committed 89496K, reserved 1126400K
  class space    used 11201K, capacity 11887K, committed 11944K, reserved 1048576K
}
Event: 323.304 GC heap before
{Heap before GC invocations=28 (full 7):
 PSYoungGen      total 342528K, used 25057K [0x00000000e0000000, 0x00000000fa280000, 0x0000000100000000)
  eden space 317440K, 0% used [0x00000000e0000000,0x00000000e0000000,0x00000000f3600000)
  from space 25088K, 99% used [0x00000000f6480000,0x00000000f7cf84d0,0x00000000f7d00000)
  to   space 47616K, 0% used [0x00000000f3600000,0x00000000f3600000,0x00000000f6480000)
 ParOldGen       total 244224K, used 230146K [0x00000000a0000000, 0x00000000aee80000, 0x00000000e0000000)
  object space 244224K, 94% used [0x00000000a0000000,0x00000000ae0c0850,0x00000000aee80000)
 Metaspace       used 86076K, capacity 89390K, committed 89496K, reserved 1126400K
  class space    used 11201K, capacity 11887K, committed 11944K, reserved 1048576K
Event: 323.681 GC heap after
Heap after GC invocations=28 (full 7):
 PSYoungGen      total 342528K, used 0K [0x00000000e0000000, 0x00000000fa280000, 0x0000000100000000)
  eden space 317440K, 0% used [0x00000000e0000000,0x00000000e0000000,0x00000000f3600000)
  from space 25088K, 0% used [0x00000000f6480000,0x00000000f6480000,0x00000000f7d00000)
  to   space 47616K, 0% used [0x00000000f3600000,0x00000000f3600000,0x00000000f6480000)
 ParOldGen       total 219136K, used 94782K [0x00000000a0000000, 0x00000000ad600000, 0x00000000e0000000)
  object space 219136K, 43% used [0x00000000a0000000,0x00000000a5c8f9f0,0x00000000ad600000)
 Metaspace       used 86076K, capacity 89390K, committed 89496K, reserved 1126400K
  class space    used 11201K, capacity 11887K, committed 11944K, reserved 1048576K
}
Event: 645.304 GC heap before
{Heap before GC invocations=29 (full 7):
 PSYoungGen      total 342528K, used 317440K [0x00000000e0000000, 0x00000000fa280000, 0x0000000100000000)
  eden space 317440K, 100% used [0x00000000e0000000,0x00000000f3600000,0x00000000f3600000)
  from space 25088K, 0% used [0x00000000f6480000,0x00000000f6480000,0x00000000f7d00000)
  to   space 47616K, 0% used [0x00000000f3600000,0x00000000f3600000,0x00000000f6480000)
 ParOldGen       total 219136K, used 94782K [0x00000000a0000000, 0x00000000ad600000, 0x00000000e0000000)
  object space 219136K, 43% used [0x00000000a0000000,0x00000000a5c8f9f0,0x00000000ad600000)
 Metaspace       used 87767K, capacity 91242K, committed 91416K, reserved 1128448K
  class space    used 11311K, capacity 12023K, committed 12072K, reserved 1048576K
Event: 645.537 GC heap after
Heap after GC invocations=29 (full 7):
 PSYoungGen      total 365056K, used 18118K [0x00000000e0000000, 0x00000000f9a80000, 0x0000000100000000)
  eden space 317440K, 0% used [0x00000000e0000000,0x00000000e0000000,0x00000000f3600000)
  from space 47616K, 38% used [0x00000000f3600000,0x00000000f47b18a8,0x00000000f6480000)
  to   space 45056K, 0% used [0x00000000f6e80000,0x00000000f6e80000,0x00000000f9a80000)
 ParOldGen       total 219136K, used 94790K [0x00000000a0000000, 0x00000000ad600000, 0x00000000e0000000)
  object space 219136K, 43% used [0x00000000a0000000,0x00000000a5c919f0,0x00000000ad600000)
 Metaspace       used 87767K, capacity 91242K, committed 91416K, reserved 1128448K
  class space    used 11311K, capacity 12023K, committed 12072K, reserved 1048576K
}
Event: 862.938 GC heap before
{Heap before GC invocations=30 (full 7):
 PSYoungGen      total 365056K, used 335558K [0x00000000e0000000, 0x00000000f9a80000, 0x0000000100000000)
  eden space 317440K, 100% used [0x00000000e0000000,0x00000000f3600000,0x00000000f3600000)
  from space 47616K, 38% used [0x00000000f3600000,0x00000000f47b18a8,0x00000000f6480000)
  to   space 45056K, 0% used [0x00000000f6e80000,0x00000000f6e80000,0x00000000f9a80000)
 ParOldGen       total 219136K, used 94790K [0x00000000a0000000, 0x00000000ad600000, 0x00000000e0000000)
  object space 219136K, 43% used [0x00000000a0000000,0x00000000a5c919f0,0x00000000ad600000)
 Metaspace       used 89132K, capacity 92798K, committed 93080K, reserved 1130496K
  class space    used 11432K, capacity 12167K, committed 12200K, reserved 1048576K
Event: 863.050 GC heap after
Heap after GC invocations=30 (full 7):
 PSYoungGen      total 366080K, used 11156K [0x00000000e0000000, 0x00000000f9480000, 0x0000000100000000)
  eden space 327168K, 0% used [0x00000000e0000000,0x00000000e0000000,0x00000000f3f80000)
  from space 38912K, 28% used [0x00000000f6e80000,0x00000000f7965240,0x00000000f9480000)
  to   space 43520K, 0% used [0x00000000f3f80000,0x00000000f3f80000,0x00000000f6a00000)
 ParOldGen       total 219136K, used 94798K [0x00000000a0000000, 0x00000000ad600000, 0x00000000e0000000)
  object space 219136K, 43% used [0x00000000a0000000,0x00000000a5c939f0,0x00000000ad600000)
 Metaspace       used 89132K, capacity 92798K, committed 93080K, reserved 1130496K
  class space    used 11432K, capacity 12167K, committed 12200K, reserved 1048576K
}
Event: 1032.137 GC heap before
{Heap before GC invocations=31 (full 7):
 PSYoungGen      total 366080K, used 338324K [0x00000000e0000000, 0x00000000f9480000, 0x0000000100000000)
  eden space 327168K, 100% used [0x00000000e0000000,0x00000000f3f80000,0x00000000f3f80000)
  from space 38912K, 28% used [0x00000000f6e80000,0x00000000f7965240,0x00000000f9480000)
  to   space 43520K, 0% used [0x00000000f3f80000,0x00000000f3f80000,0x00000000f6a00000)
 ParOldGen       total 219136K, used 94798K [0x00000000a0000000, 0x00000000ad600000, 0x00000000e0000000)
  object space 219136K, 43% used [0x00000000a0000000,0x00000000a5c939f0,0x00000000ad600000)
 Metaspace       used 90641K, capacity 94710K, committed 94872K, reserved 1132544K
  class space    used 11592K, capacity 12411K, committed 12456K, reserved 1048576K
Event: 1032.184 GC heap after
Heap after GC invocations=31 (full 7):
 PSYoungGen      total 370688K, used 11599K [0x00000000e0000000, 0x00000000f9980000, 0x0000000100000000)
  eden space 327168K, 0% used [0x00000000e0000000,0x00000000e0000000,0x00000000f3f80000)
  from space 43520K, 26% used [0x00000000f3f80000,0x00000000f4ad3df0,0x00000000f6a00000)
  to   space 41984K, 0% used [0x00000000f7080000,0x00000000f7080000,0x00000000f9980000)
 ParOldGen       total 219136K, used 94806K [0x00000000a0000000, 0x00000000ad600000, 0x00000000e0000000)
  object space 219136K, 43% used [0x00000000a0000000,0x00000000a5c959f0,0x00000000ad600000)
 Metaspace       used 90641K, capacity 94710K, committed 94872K, reserved 1132544K
  class space    used 11592K, capacity 12411K, committed 12456K, reserved 1048576K
}

Deoptimization events (10 events):
Event: 1043.236 Thread 0x000000001f689000 Uncommon trap: reason=unstable_if action=reinterpret pc=0x000000000631f528 method=com.android.utils.XmlUtils.toXmlAttributeValue(Ljava/lang/String;)Ljava/lang/String; @ 27
Event: 1043.637 Thread 0x000000001f689000 Uncommon trap: reason=unstable_if action=reinterpret pc=0x00000000062cd888 method=sun.nio.cs.SingleByte$Encoder.encodeArrayLoop(Ljava/nio/CharBuffer;Ljava/nio/ByteBuffer;)Ljava/nio/charset/CoderResult; @ 70
Event: 1043.650 Thread 0x000000001f689000 Uncommon trap: reason=class_check action=maybe_recompile pc=0x000000000637a604 method=com.android.ide.common.resources.NodeUtils.duplicateNode(Lorg/w3c/dom/Document;Lorg/w3c/dom/Node;)Lorg/w3c/dom/Node; @ 1
Event: 1043.650 Thread 0x000000001f689000 Uncommon trap: reason=class_check action=maybe_recompile pc=0x000000000637a604 method=com.android.ide.common.resources.NodeUtils.duplicateNode(Lorg/w3c/dom/Document;Lorg/w3c/dom/Node;)Lorg/w3c/dom/Node; @ 1
Event: 1043.650 Thread 0x000000001f689000 Uncommon trap: reason=class_check action=maybe_recompile pc=0x000000000637a604 method=com.android.ide.common.resources.NodeUtils.duplicateNode(Lorg/w3c/dom/Document;Lorg/w3c/dom/Node;)Lorg/w3c/dom/Node; @ 1
Event: 1043.650 Thread 0x000000001f689000 Uncommon trap: reason=class_check action=maybe_recompile pc=0x000000000637a604 method=com.android.ide.common.resources.NodeUtils.duplicateNode(Lorg/w3c/dom/Document;Lorg/w3c/dom/Node;)Lorg/w3c/dom/Node; @ 1
Event: 1043.650 Thread 0x000000001f689000 Uncommon trap: reason=unstable_if action=reinterpret pc=0x0000000006940458 method=com.sun.org.apache.xerces.internal.dom.ParentNode.checkNormalizationAfterInsert(Lcom/sun/org/apache/xerces/internal/dom/ChildNode;)V @ 27
Event: 1043.650 Thread 0x000000001f689000 Uncommon trap: reason=unstable_if action=reinterpret pc=0x000000000682c36c method=com.sun.org.apache.xerces.internal.dom.ParentNode.checkNormalizationAfterInsert(Lcom/sun/org/apache/xerces/internal/dom/ChildNode;)V @ 27
Event: 1043.790 Thread 0x000000001f68a800 Uncommon trap: reason=unstable_if action=reinterpret pc=0x00000000067e2f24 method=org.gradle.execution.plan.DefaultExecutionPlan.selectNext(Lorg/gradle/internal/work/WorkerLeaseRegistry$WorkerLease;Lorg/gradle/internal/resources/ResourceLockState;)Lorg/gr
Event: 1043.797 Thread 0x000000001f690800 Uncommon trap: reason=unstable_if action=reinterpret pc=0x00000000067bbd04 method=org.gradle.execution.plan.DefaultExecutionPlan.selectNext(Lorg/gradle/internal/work/WorkerLeaseRegistry$WorkerLease;Lorg/gradle/internal/resources/ResourceLockState;)Lorg/gr

Classes redefined (0 events):
No events

Internal exceptions (10 events):
Event: 1034.908 Thread 0x000000001f690000 Exception <a 'java/lang/NoSuchMethodError': <clinit>> (0x00000000e1f10168) thrown at [D:\src\AOSP-openjdk-cygwin\jdk8u\hotspot\src\share\vm\prims\jni.cpp, line 1614]
Event: 1034.910 Thread 0x000000001f690000 Exception <a 'java/lang/NoSuchMethodError': <clinit>> (0x00000000e1f22750) thrown at [D:\src\AOSP-openjdk-cygwin\jdk8u\hotspot\src\share\vm\prims\jni.cpp, line 1614]
Event: 1035.501 Thread 0x000000001f690800 Exception <a 'sun/nio/fs/WindowsException'> (0x00000000e26d1dc8) thrown at [D:\src\AOSP-openjdk-cygwin\jdk8u\hotspot\src\share\vm\prims\jni.cpp, line 710]
Event: 1037.281 Thread 0x000000001f689000 Implicit null exception at 0x000000000664d517 to 0x000000000664dac9
Event: 1040.681 Thread 0x000000001f694800 Exception <a 'sun/nio/fs/WindowsException'> (0x00000000e64c4c00) thrown at [D:\src\AOSP-openjdk-cygwin\jdk8u\hotspot\src\share\vm\prims\jni.cpp, line 710]
Event: 1042.380 Thread 0x000000001f689000 Implicit null exception at 0x000000000612abd5 to 0x000000000612bfb5
Event: 1042.451 Thread 0x000000001f689000 Implicit null exception at 0x00000000061155f6 to 0x00000000061141f5
Event: 1043.216 Thread 0x000000001f689000 Implicit null exception at 0x000000000635ea7f to 0x0000000006365609
Event: 1043.909 Thread 0x000000001f693800 Exception <a 'java/io/IOException'> (0x00000000ed6fc2c0) thrown at [D:\src\AOSP-openjdk-cygwin\jdk8u\hotspot\src\share\vm\prims\jni.cpp, line 710]
Event: 1043.911 Thread 0x000000001f693000 Exception <a 'java/io/IOException'> (0x00000000ed0a2910) thrown at [D:\src\AOSP-openjdk-cygwin\jdk8u\hotspot\src\share\vm\prims\jni.cpp, line 710]

Events (10 events):
Event: 1043.909 Executing VM operation: RevokeBias done
Event: 1043.909 Thread 0x000000001f4a4800 Thread exited: 0x000000001f4a4800
Event: 1043.909 Thread 0x000000001f4a3000 Thread exited: 0x000000001f4a3000
Event: 1043.910 Executing VM operation: RevokeBias
Event: 1043.911 Executing VM operation: RevokeBias done
Event: 1043.911 Thread 0x000000001f4a4000 Thread exited: 0x000000001f4a4000
Event: 1043.918 Thread 0x000000001f4a3000 Thread added: 0x000000001f4a3000
Event: 1043.918 Thread 0x000000001f4a4000 Thread added: 0x000000001f4a4000
Event: 1043.920 Thread 0x000000001f4a4800 Thread added: 0x000000001f4a4800
Event: 1043.920 Thread 0x000000001f4a5800 Thread added: 0x000000001f4a5800


Dynamic libraries:
0x00007ff7c6c20000 - 0x00007ff7c6c51000 	C:\Program Files\Android\Android Studio\jre\bin\java.exe
0x00007ff80cb20000 - 0x00007ff80cce2000 	C:\Windows\SYSTEM32\ntdll.dll
0x00007ff80ca10000 - 0x00007ff80cabd000 	C:\Windows\system32\KERNEL32.DLL
0x00007ff80a010000 - 0x00007ff80a1ed000 	C:\Windows\system32\KERNELBASE.dll
0x00007ff80aac0000 - 0x00007ff80ab66000 	C:\Windows\system32\ADVAPI32.dll
0x00007ff80adc0000 - 0x00007ff80ae5d000 	C:\Windows\system32\msvcrt.dll
0x00007ff80cac0000 - 0x00007ff80cb1b000 	C:\Windows\system32\sechost.dll
0x00007ff80c880000 - 0x00007ff80c9a6000 	C:\Windows\system32\RPCRT4.dll
0x00007ff80a610000 - 0x00007ff80a75e000 	C:\Windows\system32\USER32.dll
0x00007ff80ac30000 - 0x00007ff80adb5000 	C:\Windows\system32\GDI32.dll
0x00007ffffb3f0000 - 0x00007ffffb664000 	C:\Windows\WinSxS\amd64_microsoft.windows.common-controls_6595b64144ccf1df_6.0.10240.16384_none_f41f7b285750ef43\COMCTL32.dll
0x00007ff80c9d0000 - 0x00007ff80ca06000 	C:\Windows\system32\IMM32.DLL
0x00007ff80a3a0000 - 0x00007ff80a4fc000 	C:\Windows\system32\MSCTF.dll
0x0000000066480000 - 0x0000000066552000 	C:\Program Files\Android\Android Studio\jre\jre\bin\msvcr100.dll
0x0000000066640000 - 0x0000000066e86000 	C:\Program Files\Android\Android Studio\jre\jre\bin\server\jvm.dll
0x00007ff80c9b0000 - 0x00007ff80c9b8000 	C:\Windows\system32\PSAPI.DLL
0x00007ffff8460000 - 0x00007ffff8483000 	C:\Windows\SYSTEM32\WINMM.dll
0x00007fffff9f0000 - 0x00007fffff9f9000 	C:\Windows\SYSTEM32\WSOCK32.dll
0x00007ffffd790000 - 0x00007ffffd79a000 	C:\Windows\SYSTEM32\VERSION.dll
0x00007ff80c810000 - 0x00007ff80c879000 	C:\Windows\system32\WS2_32.dll
0x00007ff80c470000 - 0x00007ff80c478000 	C:\Windows\system32\NSI.dll
0x00007ff802760000 - 0x00007ff80278c000 	C:\Windows\SYSTEM32\WINMMBASE.dll
0x00007ff809fc0000 - 0x00007ff80a004000 	C:\Windows\system32\cfgmgr32.dll
0x00007ff807ec0000 - 0x00007ff807ee7000 	C:\Windows\SYSTEM32\DEVOBJ.dll
0x00007ff804e10000 - 0x00007ff804e1f000 	C:\Program Files\Android\Android Studio\jre\jre\bin\verify.dll
0x00007ff8048f0000 - 0x00007ff804919000 	C:\Program Files\Android\Android Studio\jre\jre\bin\java.dll
0x00007ff804080000 - 0x00007ff804096000 	C:\Program Files\Android\Android Studio\jre\jre\bin\zip.dll
0x00007ff80af40000 - 0x00007ff80c465000 	C:\Windows\system32\SHELL32.dll
0x00007ff809990000 - 0x00007ff809fb8000 	C:\Windows\system32\windows.storage.dll
0x00007ff80a840000 - 0x00007ff80aabc000 	C:\Windows\system32\combase.dll
0x00007ff80abd0000 - 0x00007ff80ac21000 	C:\Windows\system32\shlwapi.dll
0x00007ff8095e0000 - 0x00007ff8095ef000 	C:\Windows\system32\kernel.appcore.dll
0x00007ff8095f0000 - 0x00007ff8096a3000 	C:\Windows\system32\shcore.dll
0x00007ff809550000 - 0x00007ff80959a000 	C:\Windows\system32\powrprof.dll
0x00007ff8095a0000 - 0x00007ff8095b3000 	C:\Windows\system32\profapi.dll
0x00007ffffe020000 - 0x00007ffffe03a000 	C:\Program Files\Android\Android Studio\jre\jre\bin\net.dll
0x00007ff808dc0000 - 0x00007ff808e1d000 	C:\Windows\system32\mswsock.dll
0x00007ffffcae0000 - 0x00007ffffcaf1000 	C:\Program Files\Android\Android Studio\jre\jre\bin\nio.dll
0x00007ffffdfd0000 - 0x00007ffffdff6000 	C:\Users\user\.gradle\native\29\windows-amd64\native-platform.dll
0x00007ff804db0000 - 0x00007ff804dbd000 	C:\Program Files\Android\Android Studio\jre\jre\bin\management.dll
0x00007ff808e20000 - 0x00007ff808e37000 	C:\Windows\SYSTEM32\CRYPTSP.dll
0x00007ff809090000 - 0x00007ff8090b8000 	C:\Windows\SYSTEM32\bcrypt.dll
0x00007ff808a70000 - 0x00007ff808aa3000 	C:\Windows\system32\rsaenh.dll
0x00007ff808b60000 - 0x00007ff808b7f000 	C:\Windows\SYSTEM32\USERENV.dll
0x00007ff8093a0000 - 0x00007ff80940b000 	C:\Windows\system32\bcryptprimitives.dll
0x00007ff808f70000 - 0x00007ff808f7b000 	C:\Windows\SYSTEM32\CRYPTBASE.dll
0x00007ff8076a0000 - 0x00007ff8076d8000 	C:\Windows\SYSTEM32\IPHLPAPI.DLL
0x00007ff807680000 - 0x00007ff80768b000 	C:\Windows\SYSTEM32\WINNSI.DLL
0x00007ff803f40000 - 0x00007ff803f56000 	C:\Windows\SYSTEM32\dhcpcsvc6.DLL
0x00007ff803f20000 - 0x00007ff803f3a000 	C:\Windows\SYSTEM32\dhcpcsvc.DLL

VM Arguments:
jvm_args: -Xmx1536m -Dfile.encoding=windows-1252 -Duser.country=US -Duser.language=en -Duser.variant 
java_command: org.gradle.launcher.daemon.bootstrap.GradleDaemon 5.4.1
java_class_path (initial): C:\Users\user\.gradle\wrapper\dists\gradle-5.4.1-all\3221gyojl5jsh0helicew7rwx\gradle-5.4.1\lib\gradle-launcher-5.4.1.jar
Launcher Type: SUN_STANDARD

Environment Variables:
JAVA_HOME=C:\Program Files\Java\jdk1.8.0_231
PATH=C:\Windows\system32;C:\Windows;C:\Windows\System32\Wbem;C:\Windows\System32\WindowsPowerShell\v1.0\;C:\Program Files\Java\jdk-11.0.2\bin;C:\Program Files\Java\jdk1.8.0_231\bin;C:\Users\user\AppData\Local\Programs\Python\Python38;C:\Program Files\Git\cmd;C:\Program Files\Java\jdk-11.0.2\bin;C:\Program Files\Java\jdk1.8.0_231\bin;%DASHLANE_DLL_DIR%
USERNAME=JUST
OS=Windows_NT
PROCESSOR_IDENTIFIER=Intel64 Family 6 Model 69 Stepping 1, GenuineIntel



---------------  S Y S T E M  ---------------

OS: Windows 10.0 , 64 bit Build 10240 (10.0.10240.16384)

CPU:total 4 (initial active 4) (2 cores per cpu, 2 threads per core) family 6 model 69 stepping 1, cmov, cx8, fxsr, mmx, sse, sse2, sse3, ssse3, sse4.1, sse4.2, popcnt, avx, avx2, aes, clmul, erms, lzcnt, ht, tsc, tscinvbit, bmi1, bmi2

Memory: 4k page, physical 3874620k(732432k free), swap 5275452k(8012k free)

vm_info: OpenJDK 64-Bit Server VM (25.202-b03) for windows-amd64 JRE (1.8.0_202-release-1483-b03), built by "builder" with MS VC++ 10.0 (VS2010)

time: Tue Apr 14 13:01:14 2020
timezone: E. Africa Standard Time
elapsed time: 1044 seconds (0d 0h 17m 24s)

