#
# There is insufficient memory for the Java Runtime Environment to continue.
# Native memory allocation (malloc) failed to allocate 1409536 bytes for Chunk::new
# Possible reasons:
#   The system is out of physical RAM or swap space
#   The process is running with CompressedOops enabled, and the Java Heap may be blocking the growth of the native heap
# Possible solutions:
#   Reduce memory load on the system
#   Increase physical memory or swap space
#   Check if swap backing store is full
#   Decrease Java heap size (-Xmx/-Xms)
#   Decrease number of Java threads
#   Decrease Java thread stack sizes (-Xss)
#   Set larger code cache with -XX:ReservedCodeCacheSize=
#   JVM is running with Unscaled Compressed Oops mode in which the Java heap is
#     placed in the first 4GB address space. The Java Heap base address is the
#     maximum limit for the native heap growth. Please use -XX:HeapBaseMinAddress
#     to set the Java Heap base and to place the Java Heap above 4GB virtual address.
# This output file may be truncated or incomplete.
#
#  Out of Memory Error (allocation.cpp:389), pid=4292, tid=0x0000000000001bac
#
# JRE version: Java(TM) SE Runtime Environment (8.0_231-b11) (build 1.8.0_231-b11)
# Java VM: Java HotSpot(TM) 64-Bit Server VM (25.231-b11 mixed mode windows-amd64 compressed oops)
# Failed to write core dump. Minidumps are not enabled by default on client versions of Windows
#

---------------  T H R E A D  ---------------

Current thread (0x0000000016973800):  JavaThread "C2 CompilerThread1" daemon [_thread_in_native, id=7084, stack(0x00000000180c0000,0x00000000181c0000)]

Stack: [0x00000000180c0000,0x00000000181c0000]
[error occurred during error reporting (printing stack bounds), id 0xc0000005]

Native frames: (J=compiled Java code, j=interpreted, Vv=VM code, C=native code)


Current CompileTask:
C2: 106477 15032       4       com.android.tools.r8.u.a.i.e::b (268 bytes)


---------------  P R O C E S S  ---------------

Java Threads: ( => current thread )
  0x000000001ab25800 JavaThread "stdout" [_thread_in_native, id=3680, stack(0x0000000024e40000,0x0000000024f40000)]
  0x000000001ab28800 JavaThread "stderr" [_thread_in_native, id=3608, stack(0x0000000024d40000,0x0000000024e40000)]
  0x0000000019a1b800 JavaThread "pool-2-thread-1" [_thread_blocked, id=2108, stack(0x0000000024c40000,0x0000000024d40000)]
  0x0000000019a18800 JavaThread "WorkerExecutor Queue" [_thread_blocked, id=6264, stack(0x0000000024a40000,0x0000000024b40000)]
  0x0000000019a1d000 JavaThread "Cache worker for execution history cache (C:\Users\user\AndroidStudioProjects\SchoolManagement2\.gradle\6.1.1\executionHistory)" [_thread_blocked, id=848, stack(0x0000000024340000,0x0000000024440000)]
  0x0000000019a18000 JavaThread "Execution worker for ':' Thread 3" [_thread_in_Java, id=4148, stack(0x0000000022bd0000,0x0000000022cd0000)]
  0x0000000019a1b000 JavaThread "Execution worker for ':' Thread 2" [_thread_in_Java, id=6540, stack(0x0000000022ad0000,0x0000000022bd0000)]
  0x0000000019a1c800 JavaThread "Execution worker for ':'" [_thread_in_Java, id=556, stack(0x00000000229d0000,0x0000000022ad0000)]
  0x0000000019a12000 JavaThread "Cache worker for file content cache (C:\Users\user\AndroidStudioProjects\SchoolManagement2\.gradle\6.1.1\fileContent)" [_thread_blocked, id=6304, stack(0x00000000226d0000,0x00000000227d0000)]
  0x0000000019a10800 JavaThread "Cache worker for file content cache (C:\caches\6.1.1\fileContent)" [_thread_blocked, id=4668, stack(0x00000000225d0000,0x00000000226d0000)]
  0x0000000019a17000 JavaThread "Memory manager" [_thread_blocked, id=1128, stack(0x00000000224d0000,0x00000000225d0000)]
  0x0000000019a11000 JavaThread "Cache worker for Build Output Cleanup Cache (C:\Users\user\AndroidStudioProjects\SchoolManagement2\.gradle\buildOutputCleanup)" [_thread_blocked, id=4120, stack(0x0000000020f60000,0x0000000021060000)]
  0x0000000019a0f800 JavaThread "Build operations Thread 4" [_thread_blocked, id=5836, stack(0x00000000215d0000,0x00000000216d0000)]
  0x0000000019a0f000 JavaThread "Build operations Thread 3" [_thread_blocked, id=4956, stack(0x00000000214d0000,0x00000000215d0000)]
  0x0000000019a15000 JavaThread "Build operations Thread 2" [_thread_blocked, id=1912, stack(0x00000000213d0000,0x00000000214d0000)]
  0x0000000019a14000 JavaThread "Build operations" [_thread_blocked, id=3700, stack(0x00000000212d0000,0x00000000213d0000)]
  0x000000001864d800 JavaThread "Cache worker for execution history cache (C:\caches\6.1.1\executionHistory)" [_thread_blocked, id=3860, stack(0x000000001e280000,0x000000001e380000)]
  0x0000000018653000 JavaThread "Cache worker for cache directory md-rule (C:\caches\6.1.1\md-rule)" [_thread_blocked, id=6396, stack(0x000000001e180000,0x000000001e280000)]
  0x0000000018654800 JavaThread "Cache worker for cache directory md-supplier (C:\caches\6.1.1\md-supplier)" [_thread_blocked, id=6344, stack(0x000000001e080000,0x000000001e180000)]
  0x0000000018650800 JavaThread "Cache worker for file hash cache (C:\Users\user\AndroidStudioProjects\SchoolManagement2\.gradle\6.1.1\fileHashes)" [_thread_blocked, id=3316, stack(0x000000001db80000,0x000000001dc80000)]
  0x0000000018651800 JavaThread "Cache worker for checksums cache (C:\Users\user\AndroidStudioProjects\SchoolManagement2\.gradle\checksums)" [_thread_blocked, id=4252, stack(0x000000001da80000,0x000000001db80000)]
  0x000000001864f000 JavaThread "Cache worker for file hash cache (C:\caches\6.1.1\fileHashes)" [_thread_blocked, id=5308, stack(0x000000001c6b0000,0x000000001c7b0000)]
  0x0000000018652000 JavaThread "File lock request listener" [_thread_in_native, id=1764, stack(0x000000001c5b0000,0x000000001c6b0000)]
  0x000000001864e000 JavaThread "Cache worker for journal cache (C:\caches\journal-1)" [_thread_blocked, id=2920, stack(0x000000001c4b0000,0x000000001c5b0000)]
  0x0000000018650000 JavaThread "Thread-9" [_thread_blocked, id=4628, stack(0x000000001c1b0000,0x000000001c2b0000)]
  0x000000001a34a000 JavaThread "Asynchronous log dispatcher for DefaultDaemonConnection: socket connection from /127.0.0.1:57195 to /127.0.0.1:57196" [_thread_blocked, id=4168, stack(0x000000001bfb0000,0x000000001c0b0000)]
  0x000000001a340800 JavaThread "Daemon worker" [_thread_in_Java, id=3352, stack(0x000000001beb0000,0x000000001bfb0000)]
  0x000000001a45a800 JavaThread "Cancel handler" [_thread_blocked, id=5388, stack(0x000000001bdb0000,0x000000001beb0000)]
  0x000000001941c000 JavaThread "Handler for socket connection from /127.0.0.1:57195 to /127.0.0.1:57196" [_thread_in_native, id=6960, stack(0x000000001bab0000,0x000000001bbb0000)]
  0x000000001a594800 JavaThread "Daemon" [_thread_blocked, id=220, stack(0x000000001b9b0000,0x000000001bab0000)]
  0x0000000019f09800 JavaThread "Daemon periodic checks" [_thread_blocked, id=1332, stack(0x000000001b8b0000,0x000000001b9b0000)]
  0x0000000019f08000 JavaThread "Incoming local TCP Connector on port 57195" [_thread_in_native, id=4316, stack(0x000000001b6d0000,0x000000001b7d0000)]
  0x0000000019469800 JavaThread "Daemon health stats" [_thread_blocked, id=4620, stack(0x000000001a090000,0x000000001a190000)]
  0x00000000182f8800 JavaThread "Service Thread" daemon [_thread_blocked, id=4632, stack(0x00000000186c0000,0x00000000187c0000)]
  0x000000001697a800 JavaThread "C1 CompilerThread2" daemon [_thread_blocked, id=4492, stack(0x00000000181c0000,0x00000000182c0000)]
=>0x0000000016973800 JavaThread "C2 CompilerThread1" daemon [_thread_in_native, id=7084, stack(0x00000000180c0000,0x00000000181c0000)]
  0x000000001696d800 JavaThread "C2 CompilerThread0" daemon [_thread_in_native, id=5692, stack(0x0000000017fc0000,0x00000000180c0000)]
  0x000000001696b800 JavaThread "Attach Listener" daemon [_thread_blocked, id=2164, stack(0x0000000017ec0000,0x0000000017fc0000)]
  0x000000001696a000 JavaThread "Signal Dispatcher" daemon [_thread_blocked, id=6040, stack(0x0000000017dc0000,0x0000000017ec0000)]
  0x0000000002ffb800 JavaThread "Finalizer" daemon [_thread_blocked, id=6924, stack(0x0000000017be0000,0x0000000017ce0000)]
  0x000000001695a000 JavaThread "Reference Handler" daemon [_thread_blocked, id=5036, stack(0x0000000017ae0000,0x0000000017be0000)]
  0x0000000002efd800 JavaThread "main" [_thread_blocked, id=3120, stack(0x0000000002d40000,0x0000000002e40000)]

Other Threads:
  0x0000000016938000 VMThread [stack: 0x00000000179e0000,0x0000000017ae0000] [id=4844]
  0x00000000182fb000 WatcherThread [stack: 0x00000000187c0000,0x00000000188c0000] [id=5928]

VM state:not at safepoint (normal execution)

VM Mutex/Monitor currently owned by a thread: None

heap address: 0x00000000a0000000, size: 1536 MB, Compressed Oops mode: 32-bit
Narrow klass base: 0x0000000000000000, Narrow klass shift: 3
Compressed class space size: 1073741824 Address: 0x0000000100000000

Heap:
 PSYoungGen      total 496128K, used 247608K [0x00000000e0000000, 0x0000000100000000, 0x0000000100000000)
  eden space 473088K, 48% used [0x00000000e0000000,0x00000000edf67ca0,0x00000000fce00000)
  from space 23040K, 81% used [0x00000000fe900000,0x00000000ffb66460,0x00000000fff80000)
  to   space 25600K, 0% used [0x00000000fce00000,0x00000000fce00000,0x00000000fe700000)
 ParOldGen       total 158208K, used 137241K [0x00000000a0000000, 0x00000000a9a80000, 0x00000000e0000000)
  object space 158208K, 86% used [0x00000000a0000000,0x00000000a86067a8,0x00000000a9a80000)
 Metaspace       used 78276K, capacity 81862K, committed 82816K, reserved 1120256K
  class space    used 10699K, capacity 11423K, committed 11648K, reserved 1048576K

Card table byte_map: [0x00000000123c0000,0x00000000126d0000] byte_map_base: 0x0000000011ec0000

Marking Bits: (ParMarkBitMap*) 0x0000000072e56d90
 Begin Bits: [0x0000000012cd0000, 0x00000000144d0000)
 End Bits:   [0x00000000144d0000, 0x0000000015cd0000)

Polling page: 0x0000000001530000

CodeCache: size=245760Kb used=47465Kb max_used=48134Kb free=198294Kb
 bounds [0x0000000003000000, 0x0000000005f90000, 0x0000000012000000]
 total_blobs=13727 nmethods=12887 adapters=749
 compilation: enabled

Compilation events (10 events):
Event: 106.106 Thread 0x000000001696d800 nmethod 15412% 0x0000000005f72dd0 code [0x0000000005f740c0, 0x0000000005f7ce18]
Event: 106.107 Thread 0x000000001696d800 15544       4       java.util.PriorityQueue::siftUpComparable (61 bytes)
Event: 106.117 Thread 0x000000001696d800 nmethod 15544 0x000000000332d710 code [0x000000000332d8a0, 0x000000000332dd58]
Event: 106.117 Thread 0x000000001696d800 15547       4       com.android.tools.r8.ir.optimize.l::m (763 bytes)
Event: 106.182 Thread 0x000000001697a800 15553 % !   3       java.util.concurrent.ConcurrentHashMap::computeIfAbsent @ 249 (493 bytes)
Event: 106.186 Thread 0x000000001697a800 nmethod 15553% 0x0000000004e4e710 code [0x0000000004e4ea60, 0x0000000004e510b8]
Event: 106.188 Thread 0x000000001697a800 15554   !   3       java.util.concurrent.ConcurrentHashMap::computeIfAbsent (493 bytes)
Event: 106.192 Thread 0x000000001697a800 nmethod 15554 0x0000000005bf6090 code [0x0000000005bf63c0, 0x0000000005bf85d8]
Event: 106.323 Thread 0x000000001697a800 15557   !   2       java.nio.file.Files::isDirectory (16 bytes)
Event: 106.324 Thread 0x000000001697a800 nmethod 15557 0x0000000004e9af90 code [0x0000000004e9b120, 0x0000000004e9b3a8]

GC Heap History (10 events):
Event: 99.218 GC heap before
{Heap before GC invocations=35 (full 5):
 PSYoungGen      total 498176K, used 479762K [0x00000000e0000000, 0x00000000fff00000, 0x0000000100000000)
  eden space 475136K, 100% used [0x00000000e0000000,0x00000000fd000000,0x00000000fd000000)
  from space 23040K, 20% used [0x00000000fd000000,0x00000000fd4848d0,0x00000000fe680000)
  to   space 23040K, 0% used [0x00000000fe880000,0x00000000fe880000,0x00000000fff00000)
 ParOldGen       total 158208K, used 122594K [0x00000000a0000000, 0x00000000a9a80000, 0x00000000e0000000)
  object space 158208K, 77% used [0x00000000a0000000,0x00000000a77b8b18,0x00000000a9a80000)
 Metaspace       used 78191K, capacity 81834K, committed 82816K, reserved 1120256K
  class space    used 10697K, capacity 11421K, committed 11648K, reserved 1048576K
Event: 99.234 GC heap after
Heap after GC invocations=35 (full 5):
 PSYoungGen      total 500224K, used 2944K [0x00000000e0000000, 0x0000000100000000, 0x0000000100000000)
  eden space 477184K, 0% used [0x00000000e0000000,0x00000000e0000000,0x00000000fd200000)
  from space 23040K, 12% used [0x00000000fe880000,0x00000000feb602d0,0x00000000fff00000)
  to   space 23040K, 0% used [0x00000000fd200000,0x00000000fd200000,0x00000000fe880000)
 ParOldGen       total 158208K, used 124298K [0x00000000a0000000, 0x00000000a9a80000, 0x00000000e0000000)
  object space 158208K, 78% used [0x00000000a0000000,0x00000000a7962990,0x00000000a9a80000)
 Metaspace       used 78191K, capacity 81834K, committed 82816K, reserved 1120256K
  class space    used 10697K, capacity 11421K, committed 11648K, reserved 1048576K
}
Event: 100.888 GC heap before
{Heap before GC invocations=36 (full 5):
 PSYoungGen      total 500224K, used 480128K [0x00000000e0000000, 0x0000000100000000, 0x0000000100000000)
  eden space 477184K, 100% used [0x00000000e0000000,0x00000000fd200000,0x00000000fd200000)
  from space 23040K, 12% used [0x00000000fe880000,0x00000000feb602d0,0x00000000fff00000)
  to   space 23040K, 0% used [0x00000000fd200000,0x00000000fd200000,0x00000000fe880000)
 ParOldGen       total 158208K, used 124298K [0x00000000a0000000, 0x00000000a9a80000, 0x00000000e0000000)
  object space 158208K, 78% used [0x00000000a0000000,0x00000000a7962990,0x00000000a9a80000)
 Metaspace       used 78202K, capacity 81834K, committed 82816K, reserved 1120256K
  class space    used 10697K, capacity 11421K, committed 11648K, reserved 1048576K
Event: 100.901 GC heap after
Heap after GC invocations=36 (full 5):
 PSYoungGen      total 500224K, used 2471K [0x00000000e0000000, 0x00000000fff00000, 0x0000000100000000)
  eden space 477184K, 0% used [0x00000000e0000000,0x00000000e0000000,0x00000000fd200000)
  from space 23040K, 10% used [0x00000000fd200000,0x00000000fd469c30,0x00000000fe880000)
  to   space 22528K, 0% used [0x00000000fe900000,0x00000000fe900000,0x00000000fff00000)
 ParOldGen       total 158208K, used 125517K [0x00000000a0000000, 0x00000000a9a80000, 0x00000000e0000000)
  object space 158208K, 79% used [0x00000000a0000000,0x00000000a7a937f8,0x00000000a9a80000)
 Metaspace       used 78202K, capacity 81834K, committed 82816K, reserved 1120256K
  class space    used 10697K, capacity 11421K, committed 11648K, reserved 1048576K
}
Event: 102.497 GC heap before
{Heap before GC invocations=37 (full 5):
 PSYoungGen      total 500224K, used 479655K [0x00000000e0000000, 0x00000000fff00000, 0x0000000100000000)
  eden space 477184K, 100% used [0x00000000e0000000,0x00000000fd200000,0x00000000fd200000)
  from space 23040K, 10% used [0x00000000fd200000,0x00000000fd469c30,0x00000000fe880000)
  to   space 22528K, 0% used [0x00000000fe900000,0x00000000fe900000,0x00000000fff00000)
 ParOldGen       total 158208K, used 125517K [0x00000000a0000000, 0x00000000a9a80000, 0x00000000e0000000)
  object space 158208K, 79% used [0x00000000a0000000,0x00000000a7a937f8,0x00000000a9a80000)
 Metaspace       used 78223K, capacity 81834K, committed 82816K, reserved 1120256K
  class space    used 10698K, capacity 11421K, committed 11648K, reserved 1048576K
Event: 102.539 GC heap after
Heap after GC invocations=37 (full 5):
 PSYoungGen      total 498688K, used 15258K [0x00000000e0000000, 0x0000000100000000, 0x0000000100000000)
  eden space 476160K, 0% used [0x00000000e0000000,0x00000000e0000000,0x00000000fd100000)
  from space 22528K, 67% used [0x00000000fe900000,0x00000000ff7e68e8,0x00000000fff00000)
  to   space 24064K, 0% used [0x00000000fd100000,0x00000000fd100000,0x00000000fe880000)
 ParOldGen       total 158208K, used 126975K [0x00000000a0000000, 0x00000000a9a80000, 0x00000000e0000000)
  object space 158208K, 80% used [0x00000000a0000000,0x00000000a7bffd38,0x00000000a9a80000)
 Metaspace       used 78223K, capacity 81834K, committed 82816K, reserved 1120256K
  class space    used 10698K, capacity 11421K, committed 11648K, reserved 1048576K
}
Event: 104.317 GC heap before
{Heap before GC invocations=38 (full 5):
 PSYoungGen      total 498688K, used 491418K [0x00000000e0000000, 0x0000000100000000, 0x0000000100000000)
  eden space 476160K, 100% used [0x00000000e0000000,0x00000000fd100000,0x00000000fd100000)
  from space 22528K, 67% used [0x00000000fe900000,0x00000000ff7e68e8,0x00000000fff00000)
  to   space 24064K, 0% used [0x00000000fd100000,0x00000000fd100000,0x00000000fe880000)
 ParOldGen       total 158208K, used 126975K [0x00000000a0000000, 0x00000000a9a80000, 0x00000000e0000000)
  object space 158208K, 80% used [0x00000000a0000000,0x00000000a7bffd38,0x00000000a9a80000)
 Metaspace       used 78263K, capacity 81856K, committed 82816K, reserved 1120256K
  class space    used 10698K, capacity 11422K, committed 11648K, reserved 1048576K
Event: 104.341 GC heap after
Heap after GC invocations=38 (full 5):
 PSYoungGen      total 500224K, used 4409K [0x00000000e0000000, 0x00000000fff80000, 0x0000000100000000)
  eden space 476160K, 0% used [0x00000000e0000000,0x00000000e0000000,0x00000000fd100000)
  from space 24064K, 18% used [0x00000000fd100000,0x00000000fd54e778,0x00000000fe880000)
  to   space 23040K, 0% used [0x00000000fe900000,0x00000000fe900000,0x00000000fff80000)
 ParOldGen       total 158208K, used 135545K [0x00000000a0000000, 0x00000000a9a80000, 0x00000000e0000000)
  object space 158208K, 85% used [0x00000000a0000000,0x00000000a845e6f8,0x00000000a9a80000)
 Metaspace       used 78263K, capacity 81856K, committed 82816K, reserved 1120256K
  class space    used 10698K, capacity 11422K, committed 11648K, reserved 1048576K
}
Event: 105.846 GC heap before
{Heap before GC invocations=39 (full 5):
 PSYoungGen      total 500224K, used 480569K [0x00000000e0000000, 0x00000000fff80000, 0x0000000100000000)
  eden space 476160K, 100% used [0x00000000e0000000,0x00000000fd100000,0x00000000fd100000)
  from space 24064K, 18% used [0x00000000fd100000,0x00000000fd54e778,0x00000000fe880000)
  to   space 23040K, 0% used [0x00000000fe900000,0x00000000fe900000,0x00000000fff80000)
 ParOldGen       total 158208K, used 135545K [0x00000000a0000000, 0x00000000a9a80000, 0x00000000e0000000)
  object space 158208K, 85% used [0x00000000a0000000,0x00000000a845e6f8,0x00000000a9a80000)
 Metaspace       used 78273K, capacity 81862K, committed 82816K, reserved 1120256K
  class space    used 10699K, capacity 11423K, committed 11648K, reserved 1048576K
Event: 105.880 GC heap after
Heap after GC invocations=39 (full 5):
 PSYoungGen      total 496128K, used 18841K [0x00000000e0000000, 0x0000000100000000, 0x0000000100000000)
  eden space 473088K, 0% used [0x00000000e0000000,0x00000000e0000000,0x00000000fce00000)
  from space 23040K, 81% used [0x00000000fe900000,0x00000000ffb66460,0x00000000fff80000)
  to   space 25600K, 0% used [0x00000000fce00000,0x00000000fce00000,0x00000000fe700000)
 ParOldGen       total 158208K, used 137241K [0x00000000a0000000, 0x00000000a9a80000, 0x00000000e0000000)
  object space 158208K, 86% used [0x00000000a0000000,0x00000000a86067a8,0x00000000a9a80000)
 Metaspace       used 78273K, capacity 81862K, committed 82816K, reserved 1120256K
  class space    used 10699K, capacity 11423K, committed 11648K, reserved 1048576K
}

Deoptimization events (10 events):
Event: 102.247 Thread 0x000000001a340800 Uncommon trap: reason=bimorphic action=maybe_recompile pc=0x0000000004d54400 method=com.android.tools.r8.graph.V.collectIndexedItems(Lcom/android/tools/r8/dex/v;)V @ 4
Event: 102.247 Thread 0x000000001a340800 Uncommon trap: reason=bimorphic action=maybe_recompile pc=0x0000000004d54400 method=com.android.tools.r8.graph.V.collectIndexedItems(Lcom/android/tools/r8/dex/v;)V @ 4
Event: 102.249 Thread 0x000000001a340800 Uncommon trap: reason=array_check action=maybe_recompile pc=0x0000000004d7ad18 method=java.util.TimSort.reverseRange([Ljava/lang/Object;II)V @ 20
Event: 102.249 Thread 0x000000001a340800 Uncommon trap: reason=array_check action=maybe_recompile pc=0x0000000004d7ad18 method=java.util.TimSort.reverseRange([Ljava/lang/Object;II)V @ 20
Event: 102.886 Thread 0x000000001a340800 Uncommon trap: reason=array_check action=maybe_recompile pc=0x0000000005375dac method=java.util.TimSort.reverseRange([Ljava/lang/Object;II)V @ 27
Event: 102.886 Thread 0x000000001a340800 Uncommon trap: reason=array_check action=maybe_recompile pc=0x0000000005375dac method=java.util.TimSort.reverseRange([Ljava/lang/Object;II)V @ 27
Event: 103.394 Thread 0x000000001a340800 Uncommon trap: reason=unstable_if action=reinterpret pc=0x0000000005e9c7c0 method=com.android.tools.r8.ir.regalloc.h.a(ILcom/android/tools/r8/ir/regalloc/h$a;)Z @ 73
Event: 104.748 Thread 0x000000001a340800 Uncommon trap: reason=class_check action=maybe_recompile pc=0x0000000005762dc0 method=com.android.tools.r8.ir.optimize.l.m(Lcom/android/tools/r8/u/b/W;)V @ 420
Event: 105.099 Thread 0x0000000019a1c800 Uncommon trap: reason=unstable_if action=reinterpret pc=0x0000000005ef6638 method=com.android.tools.r8.ir.optimize.l.a(Lcom/android/tools/r8/graph/f;Lcom/android/tools/r8/u/b/W;)V @ 161
Event: 105.921 Thread 0x0000000019a18000 Uncommon trap: reason=unstable_if action=reinterpret pc=0x0000000004ba4e74 method=java.util.concurrent.ConcurrentHashMap.computeIfAbsent(Ljava/lang/Object;Ljava/util/function/Function;)Ljava/lang/Object; @ 281

Classes redefined (0 events):
No events

Internal exceptions (10 events):
Event: 105.373 Thread 0x000000001a340800 Exception <a 'sun/nio/fs/WindowsException'> (0x00000000ea96ff28) thrown at [C:\re\workspace\8-2-build-windows-amd64-cygwin\jdk8u231\13620\hotspot\src\share\vm\prims\jni.cpp, line 710]
Event: 105.378 Thread 0x000000001a340800 Exception <a 'sun/nio/fs/WindowsException'> (0x00000000f4f0b368) thrown at [C:\re\workspace\8-2-build-windows-amd64-cygwin\jdk8u231\13620\hotspot\src\share\vm\prims\jni.cpp, line 710]
Event: 105.618 Thread 0x0000000019a1b000 Exception <a 'sun/nio/fs/WindowsException'> (0x00000000f7f15970) thrown at [C:\re\workspace\8-2-build-windows-amd64-cygwin\jdk8u231\13620\hotspot\src\share\vm\prims\jni.cpp, line 710]
Event: 105.655 Thread 0x000000001a340800 Exception <a 'sun/nio/fs/WindowsException'> (0x00000000f4f64258) thrown at [C:\re\workspace\8-2-build-windows-amd64-cygwin\jdk8u231\13620\hotspot\src\share\vm\prims\jni.cpp, line 710]
Event: 105.659 Thread 0x000000001a340800 Exception <a 'sun/nio/fs/WindowsException'> (0x00000000f4ff4008) thrown at [C:\re\workspace\8-2-build-windows-amd64-cygwin\jdk8u231\13620\hotspot\src\share\vm\prims\jni.cpp, line 710]
Event: 105.768 Thread 0x0000000019a18000 Exception <a 'sun/nio/fs/WindowsException'> (0x00000000fb387780) thrown at [C:\re\workspace\8-2-build-windows-amd64-cygwin\jdk8u231\13620\hotspot\src\share\vm\prims\jni.cpp, line 710]
Event: 105.932 Thread 0x0000000019a1b000 Exception <a 'sun/nio/fs/WindowsException'> (0x00000000e072a748) thrown at [C:\re\workspace\8-2-build-windows-amd64-cygwin\jdk8u231\13620\hotspot\src\share\vm\prims\jni.cpp, line 710]
Event: 105.977 Thread 0x0000000019a1c800 Exception <a 'sun/nio/fs/WindowsException'> (0x00000000e28ca9e0) thrown at [C:\re\workspace\8-2-build-windows-amd64-cygwin\jdk8u231\13620\hotspot\src\share\vm\prims\jni.cpp, line 710]
Event: 106.323 Thread 0x0000000019a1c800 Exception <a 'sun/nio/fs/WindowsException'> (0x00000000ea457078) thrown at [C:\re\workspace\8-2-build-windows-amd64-cygwin\jdk8u231\13620\hotspot\src\share\vm\prims\jni.cpp, line 710]
Event: 106.338 Thread 0x000000001a340800 Exception <a 'sun/nio/fs/WindowsException'> (0x00000000ea8b4ac0) thrown at [C:\re\workspace\8-2-build-windows-amd64-cygwin\jdk8u231\13620\hotspot\src\share\vm\prims\jni.cpp, line 710]

Events (10 events):
Event: 106.384 Thread 0x0000000019a1b000 DEOPT PACKING pc=0x000000000526f4e5 sp=0x0000000022bca1f0
Event: 106.384 Thread 0x0000000019a1b000 DEOPT UNPACKING pc=0x0000000003047890 sp=0x0000000022bca338 mode 0
Event: 106.385 Thread 0x0000000019a18000 DEOPT PACKING pc=0x0000000005302e03 sp=0x0000000022cca430
Event: 106.385 Thread 0x0000000019a18000 DEOPT UNPACKING pc=0x0000000003047890 sp=0x0000000022cca1a0 mode 0
Event: 106.437 Thread 0x0000000019a1c800 DEOPT PACKING pc=0x0000000005234b83 sp=0x0000000022ac9a20
Event: 106.437 Thread 0x0000000019a1c800 DEOPT UNPACKING pc=0x0000000003047890 sp=0x0000000022ac9a58 mode 0
Event: 106.439 Thread 0x0000000019a1b000 DEOPT PACKING pc=0x0000000004f3d14e sp=0x0000000022bc9e00
Event: 106.439 Thread 0x0000000019a1b000 DEOPT UNPACKING pc=0x0000000003047890 sp=0x0000000022bc9cc0 mode 0
Event: 106.440 Thread 0x0000000019a18000 DEOPT PACKING pc=0x000000000526f4c4 sp=0x0000000022cca050
Event: 106.440 Thread 0x0000000019a18000 DEOPT UNPACKING pc=0x0000000003047890 sp=0x0000000022cca190 mode 0


Dynamic libraries:
0x00007ff67d830000 - 0x00007ff67d867000 	C:\Program Files\Java\jdk1.8.0_231\bin\java.exe
0x00007ff802be0000 - 0x00007ff802da2000 	C:\Windows\SYSTEM32\ntdll.dll
0x00007ff800d20000 - 0x00007ff800dcd000 	C:\Windows\system32\KERNEL32.DLL
0x00007fffffe00000 - 0x00007ffffffdd000 	C:\Windows\system32\KERNELBASE.dll
0x00007ff800b20000 - 0x00007ff800bc6000 	C:\Windows\system32\ADVAPI32.dll
0x00007ff800990000 - 0x00007ff800a2d000 	C:\Windows\system32\msvcrt.dll
0x00007ff800dd0000 - 0x00007ff800e2b000 	C:\Windows\system32\sechost.dll
0x00007ff801230000 - 0x00007ff801356000 	C:\Windows\system32\RPCRT4.dll
0x00007ff800bd0000 - 0x00007ff800d1e000 	C:\Windows\system32\USER32.dll
0x00007ff800e30000 - 0x00007ff800fb3000 	C:\Windows\system32\GDI32.dll
0x00007ffff2280000 - 0x00007ffff24f4000 	C:\Windows\WinSxS\amd64_microsoft.windows.common-controls_6595b64144ccf1df_6.0.10240.17184_none_f41d7a705752bce6\COMCTL32.dll
0x00007ff800310000 - 0x00007ff800346000 	C:\Windows\system32\IMM32.DLL
0x00007ff800830000 - 0x00007ff80098c000 	C:\Windows\system32\MSCTF.dll
0x0000000072ee0000 - 0x0000000072fb2000 	C:\Program Files\Java\jdk1.8.0_231\jre\bin\msvcr100.dll
0x0000000072630000 - 0x0000000072ed6000 	C:\Program Files\Java\jdk1.8.0_231\jre\bin\server\jvm.dll
0x00007ff800b10000 - 0x00007ff800b18000 	C:\Windows\system32\PSAPI.DLL
0x00007fffdf640000 - 0x00007fffdf649000 	C:\Windows\SYSTEM32\WSOCK32.dll
0x00007ffffd150000 - 0x00007ffffd173000 	C:\Windows\SYSTEM32\WINMM.dll
0x00007ffff3610000 - 0x00007ffff361a000 	C:\Windows\SYSTEM32\VERSION.dll
0x00007ff8011c0000 - 0x00007ff801229000 	C:\Windows\system32\WS2_32.dll
0x00007ff800fc0000 - 0x00007ff800fc8000 	C:\Windows\system32\NSI.dll
0x00007ffffd110000 - 0x00007ffffd13c000 	C:\Windows\SYSTEM32\WINMMBASE.dll
0x00007ff800020000 - 0x00007ff800064000 	C:\Windows\system32\cfgmgr32.dll
0x00007ffffdf60000 - 0x00007ffffdf87000 	C:\Windows\SYSTEM32\DEVOBJ.dll
0x00007ffff9960000 - 0x00007ffff996f000 	C:\Program Files\Java\jdk1.8.0_231\jre\bin\verify.dll
0x00007fffe8760000 - 0x00007fffe8789000 	C:\Program Files\Java\jdk1.8.0_231\jre\bin\java.dll
0x00007ffff6e60000 - 0x00007ffff6e76000 	C:\Program Files\Java\jdk1.8.0_231\jre\bin\zip.dll
0x00007ff8015e0000 - 0x00007ff802b03000 	C:\Windows\system32\SHELL32.dll
0x00007fffff710000 - 0x00007fffffd39000 	C:\Windows\system32\windows.storage.dll
0x00007ff801360000 - 0x00007ff8015dc000 	C:\Windows\system32\combase.dll
0x00007ff800680000 - 0x00007ff8006d1000 	C:\Windows\system32\shlwapi.dll
0x00007fffff600000 - 0x00007fffff60f000 	C:\Windows\system32\kernel.appcore.dll
0x00007fffffd40000 - 0x00007fffffdf3000 	C:\Windows\system32\shcore.dll
0x00007fffff610000 - 0x00007fffff65a000 	C:\Windows\system32\powrprof.dll
0x00007ff800000000 - 0x00007ff800013000 	C:\Windows\system32\profapi.dll
0x00007ffff56c0000 - 0x00007ffff56da000 	C:\Program Files\Java\jdk1.8.0_231\jre\bin\net.dll
0x00007ffffee40000 - 0x00007ffffee9d000 	C:\Windows\system32\mswsock.dll
0x00007ffff2ba0000 - 0x00007ffff2bb2000 	C:\Program Files\Java\jdk1.8.0_231\jre\bin\nio.dll
0x00007fffece50000 - 0x00007fffece76000 	C:\native\31\windows-amd64\native-platform.dll
0x00007ffff8460000 - 0x00007ffff846d000 	C:\Program Files\Java\jdk1.8.0_231\jre\bin\management.dll
0x00007ffffeea0000 - 0x00007ffffeeb7000 	C:\Windows\SYSTEM32\CRYPTSP.dll
0x00007fffff120000 - 0x00007fffff148000 	C:\Windows\SYSTEM32\bcrypt.dll
0x00007ffffea70000 - 0x00007ffffeaa3000 	C:\Windows\system32\rsaenh.dll
0x00007ffffeb60000 - 0x00007ffffeb7f000 	C:\Windows\SYSTEM32\USERENV.dll
0x00007fffff430000 - 0x00007fffff49b000 	C:\Windows\system32\bcryptprimitives.dll
0x00007fffff020000 - 0x00007fffff02b000 	C:\Windows\SYSTEM32\CRYPTBASE.dll
0x00007ffffd000000 - 0x00007ffffd038000 	C:\Windows\SYSTEM32\IPHLPAPI.DLL
0x00007ffffcfb0000 - 0x00007ffffcfbb000 	C:\Windows\SYSTEM32\WINNSI.DLL
0x00007ffffbcf0000 - 0x00007ffffbd06000 	C:\Windows\SYSTEM32\dhcpcsvc6.DLL
0x00007ffffa960000 - 0x00007ffffa97a000 	C:\Windows\SYSTEM32\dhcpcsvc.DLL

VM Arguments:
jvm_args: -Xmx1536m -Dfile.encoding=windows-1252 -Duser.country=US -Duser.language=en -Duser.variant 
java_command: org.gradle.launcher.daemon.bootstrap.GradleDaemon 6.1.1
java_class_path (initial): C:\wrapper\dists\gradle-6.1.1-all\cfmwm155h49vnt3hynmlrsdst\gradle-6.1.1\lib\gradle-launcher-6.1.1.jar
Launcher Type: SUN_STANDARD

Environment Variables:
JAVA_HOME=C:\Program Files\Java\jdk1.8.0_231
PATH=C:\Windows\system32;C:\Windows;C:\Windows\System32\Wbem;C:\Windows\System32\WindowsPowerShell\v1.0\;C:\Program Files\Java\jdk-11.0.2\bin;C:\Program Files\Java\jdk1.8.0_231\bin;C:\Users\user\AppData\Local\Programs\Python\Python38;C:\Program Files\Git\cmd;C:\Program Files\Java\jdk-11.0.2\bin;C:\Program Files\Java\jdk1.8.0_231\bin;%DASHLANE_DLL_DIR%
USERNAME=JUST
OS=Windows_NT
PROCESSOR_IDENTIFIER=Intel64 Family 6 Model 69 Stepping 1, GenuineIntel



---------------  S Y S T E M  ---------------

OS: Windows 10.0 , 64 bit Build 10240 (10.0.10240.17113)

CPU:total 4 (initial active 4) (2 cores per cpu, 2 threads per core) family 6 model 69 stepping 1, cmov, cx8, fxsr, mmx, sse, sse2, sse3, ssse3, sse4.1, sse4.2, popcnt, avx, avx2, aes, clmul, erms, lzcnt, ht, tsc, tscinvbit, bmi1, bmi2

Memory: 4k page, physical 3874620k(255096k free), swap 5275452k(5460k free)

vm_info: Java HotSpot(TM) 64-Bit Server VM (25.231-b11) for windows-amd64 JRE (1.8.0_231-b11), built on Oct  5 2019 03:11:30 by "java_re" with MS VC++ 10.0 (VS2010)

time: Thu Oct 22 11:30:48 2020
timezone: E. Africa Standard Time
elapsed time: 106 seconds (0d 0h 1m 46s)

