JvmtiExport can_access_local_variables 0
JvmtiExport can_hotswap_or_post_breakpoint 0
JvmtiExport can_post_on_exceptions 0
# 190 ciObject found
ciMethod java/lang/Object <init> ()V 4097 1 5892896 0 -1
ciMethod java/lang/String charAt (I)C 4097 1 4212661 0 -1
ciMethod java/lang/String equals (Ljava/lang/Object;)Z 2073 12393 7811 0 -1
ciMethod java/lang/String substring (II)Ljava/lang/String; 2081 1 5400 0 -1
ciMethodData java/lang/Object <init> ()V 2 5892898 orig 264 8 206 190 102 0 0 0 0 128 4 136 21 0 0 0 0 32 1 0 0 0 0 0 0 0 0 0 0 0 0 0 0 0 0 0 0 0 0 0 0 0 0 0 0 0 0 0 0 0 0 0 0 0 0 0 0 0 0 0 0 0 0 0 0 0 0 0 0 0 0 0 0 0 0 0 0 0 0 0 0 77 68 79 32 101 120 116 114 97 32 100 97 116 97 32 108 111 99 107 0 0 0 0 0 0 0 0 0 0 0 0 0 0 0 0 0 0 0 0 0 0 0 0 0 0 0 0 0 0 0 0 0 0 0 0 0 0 0 0 0 0 0 0 0 0 0 0 0 0 0 0 0 0 0 0 0 0 0 0 0 0 0 0 0 0 0 0 0 0 0 0 0 0 0 0 0 0 0 0 0 0 0 0 0 1 0 0 0 0 0 0 0 1 0 0 0 0 0 0 0 1 0 0 0 0 0 0 0 0 0 0 0 0 0 0 0 0 2 0 0 17 73 207 2 1 0 0 0 0 0 0 0 0 0 0 0 2 0 0 0 0 0 3 0 1 0 0 0 0 0 0 0 255 255 255 255 0 0 0 0 0 0 0 0 data 0 oops 0
ciMethod java/lang/IllegalArgumentException <init> ()V 0 0 193 0 -1
ciMethodData java/lang/String charAt (I)C 2 4212661 orig 264 8 206 190 102 0 0 0 0 176 61 136 21 0 0 0 0 120 1 0 0 32 0 0 0 0 0 0 0 0 0 0 0 0 0 0 0 0 0 0 0 0 0 0 0 0 0 0 0 0 0 0 0 0 0 0 0 0 0 0 0 0 0 0 0 0 0 0 0 0 0 0 0 0 0 0 0 0 0 0 0 77 68 79 32 101 120 116 114 97 32 100 97 116 97 32 108 111 99 107 0 0 0 0 0 0 0 0 0 0 0 0 0 0 0 0 0 0 0 0 0 0 0 0 0 0 0 0 0 0 0 0 0 0 0 0 0 0 0 0 0 0 0 0 0 0 0 0 0 0 0 0 0 0 0 0 0 0 0 0 0 0 0 0 1 0 0 0 0 0 0 0 0 0 0 0 0 0 0 0 0 0 0 0 0 25 0 0 0 0 0 0 0 0 0 0 0 0 0 0 0 1 0 0 0 0 0 0 0 0 0 0 0 0 0 0 0 0 2 0 0 169 45 2 2 1 0 0 0 0 0 0 0 0 0 0 0 2 0 0 0 0 0 8 0 2 0 0 0 80 0 0 0 255 255 255 255 7 0 1 0 0 0 0 0 data 10 0x10007 0x0 0x40 0x4046c9 0xa0007 0x40492b 0x30 0x0 0x120002 0x0 oops 0
ciMethodData java/lang/String equals (Ljava/lang/Object;)Z 2 10042 orig 264 8 206 190 102 0 0 0 0 24 70 136 21 0 0 0 0 104 2 0 0 160 0 0 0 0 0 0 0 0 0 0 0 0 0 0 0 0 0 0 0 0 0 0 0 0 0 0 0 0 0 0 0 0 0 0 0 0 0 0 0 0 0 0 0 0 0 0 0 0 0 0 0 0 0 0 0 0 0 0 0 77 68 79 32 101 120 116 114 97 32 100 97 116 97 32 108 111 99 107 0 0 0 0 0 0 0 0 0 0 0 0 0 0 0 0 0 0 0 0 0 0 0 0 0 0 0 0 0 0 0 0 0 0 0 0 0 0 0 0 0 0 0 0 0 0 0 0 0 0 0 0 0 0 0 0 0 0 0 0 0 0 0 0 0 0 0 0 0 0 0 0 0 0 0 0 0 0 0 0 0 0 0 0 0 1 0 0 0 0 0 0 0 0 0 0 0 0 0 0 0 1 0 0 0 0 0 0 0 0 0 0 0 0 0 0 0 13 6 0 0 1 236 0 0 105 9 1 0 0 0 0 0 0 0 0 0 2 0 0 0 1 0 15 0 2 0 0 0 24 1 0 0 255 255 255 255 7 0 2 0 0 0 0 0 data 35 0x20007 0x1bf9 0x20 0x187 0x80104 0x0 0x27b9e00 0x1bf8 0x0 0x0 0xb0007 0x1 0xc8 0x1bf8 0xf0004 0x0 0x27b9e00 0x1bf8 0x0 0x0 0x1f0007 0x1985 0x78 0x273 0x350007 0x1ad 0x58 0x21f3 0x420007 0x212d 0x20 0xc6 0x4a0003 0x212d 0xffffffffffffffc0 oops 2 6 java/lang/String 16 java/lang/String
ciMethod java/lang/AssertionError <init> ()V 0 0 1 0 -1
ciMethodData java/lang/String substring (II)Ljava/lang/String; 2 5400 orig 264 8 206 190 102 0 0 0 0 184 92 136 21 0 0 0 0 40 2 0 0 208 0 0 0 0 0 0 0 0 0 0 0 0 0 0 0 0 0 0 0 0 0 0 0 0 0 0 0 0 0 0 0 0 0 0 0 0 0 0 0 0 0 0 0 0 0 0 0 0 0 0 0 0 0 0 0 0 0 0 0 77 68 79 32 101 120 116 114 97 32 100 97 116 97 32 108 111 99 107 0 0 0 0 0 0 0 0 0 0 0 0 0 0 0 0 0 0 0 0 0 0 0 0 0 0 0 0 0 0 0 0 0 0 0 0 0 0 0 0 0 0 0 0 0 0 0 0 0 0 0 0 0 0 0 0 0 0 0 0 0 0 0 0 0 0 0 0 0 0 0 0 0 0 0 0 0 0 0 0 0 0 0 0 0 25 0 0 0 0 0 0 0 0 0 0 0 0 0 0 0 0 0 0 0 0 0 0 0 0 0 0 0 0 0 0 0 4 1 0 0 161 160 0 0 1 0 0 0 0 0 0 0 0 0 0 0 2 0 0 0 0 0 15 0 2 0 0 0 248 0 0 0 255 255 255 255 7 0 1 0 0 0 0 0 data 31 0x10007 0x1414 0x30 0x0 0x90002 0x0 0x130007 0x1414 0x30 0x0 0x1b0002 0x0 0x240007 0x1414 0x30 0x0 0x2c0002 0x0 0x310007 0x6d0 0x58 0xd44 0x3a0007 0xb5b 0x38 0x1e9 0x3e0003 0x1e9 0x28 0x4b0002 0x122b oops 0
ciMethodData java/lang/IllegalArgumentException <init> ()V 1 193 orig 264 8 206 190 102 0 0 0 0 136 6 159 21 0 0 0 0 48 1 0 0 0 0 0 0 0 0 0 0 0 0 0 0 0 0 0 0 0 0 0 0 0 0 0 0 0 0 0 0 0 0 0 0 0 0 0 0 0 0 0 0 0 0 0 0 0 0 0 0 0 0 0 0 0 0 0 0 0 0 0 0 77 68 79 32 101 120 116 114 97 32 100 97 116 97 32 108 111 99 107 0 0 0 0 0 0 0 0 0 0 0 0 0 0 0 0 0 0 0 0 0 0 0 0 0 0 0 0 0 0 0 0 0 0 0 0 0 0 0 0 0 0 0 0 0 0 0 0 0 0 0 0 0 0 0 0 0 0 0 0 0 0 0 0 0 0 0 0 0 0 0 0 0 0 0 0 0 0 0 0 0 0 0 0 0 0 0 0 0 0 0 0 0 0 0 0 0 0 0 0 0 0 0 0 0 0 0 0 0 0 0 0 0 0 0 0 0 0 0 0 0 9 6 0 0 1 0 0 0 0 0 0 0 0 0 0 0 2 0 0 0 0 0 0 0 0 0 0 0 16 0 0 0 255 255 255 255 2 0 1 0 0 0 0 0 data 2 0x10002 0xc1 oops 0
ciMethod java/lang/StringIndexOutOfBoundsException <init> (I)V 0 0 1 0 -1
ciMethod com/android/tools/r8/t/a/a/f a (Lcom/android/tools/r8/t/a/a/u;Lcom/android/tools/r8/t/a/a/k;I)V 1 1 280 0 -1
ciMethod com/android/tools/r8/t/a/a/f b (I[Lcom/android/tools/r8/t/a/a/s;)Lcom/android/tools/r8/t/a/a/s; 841 1 105 0 -1
ciMethod com/android/tools/r8/t/a/a/f a (I[Lcom/android/tools/r8/t/a/a/s;)V 14921 1 1741 0 -1
ciMethod com/android/tools/r8/t/a/a/f b (Lcom/android/tools/r8/t/a/a/u;Lcom/android/tools/r8/t/a/a/k;IZ)[I 0 0 1 0 -1
ciMethod com/android/tools/r8/t/a/a/f a ([II)I 4481 1 560 0 -1
ciMethod com/android/tools/r8/t/a/a/f a (Lcom/android/tools/r8/t/a/a/k;I)I 0 0 1 0 -1
ciMethod com/android/tools/r8/t/a/a/f a (Lcom/android/tools/r8/t/a/a/a;IZ[C)I 0 0 275 0 -1
ciMethod com/android/tools/r8/t/a/a/f a (I[Ljava/lang/Object;I[C[Lcom/android/tools/r8/t/a/a/s;)I 0 0 1 0 -1
ciMethod com/android/tools/r8/t/a/a/f a ([Lcom/android/tools/r8/t/a/a/d;Ljava/lang/String;II[CI[Lcom/android/tools/r8/t/a/a/s;)Lcom/android/tools/r8/t/a/a/d; 0 0 1 0 -1
ciMethod com/android/tools/r8/t/a/a/f b (I)I 0 0 1 0 -1
ciMethod com/android/tools/r8/t/a/a/f f (I)I 2441 1 187993 0 -1
ciMethod com/android/tools/r8/t/a/a/f e (I)S 2625 1 909 0 -1
ciMethod com/android/tools/r8/t/a/a/f c (I)I 4097 1 28226 0 -1
ciMethod com/android/tools/r8/t/a/a/f e (I[C)Ljava/lang/String; 4097 1 77236 0 -1
ciMethod com/android/tools/r8/t/a/a/f f (I[C)Ljava/lang/String; 4097 1 31272 0 -1
ciMethod com/android/tools/r8/t/a/a/f a (I[C)Ljava/lang/String; 1201 1 6617 0 -1
ciMethod com/android/tools/r8/t/a/a/f b (I[C)Ljava/lang/Object; 4097 1 15779 0 -1
ciMethod com/android/tools/r8/t/a/a/u a (Lcom/android/tools/r8/t/a/a/d;)V 0 0 1 0 -1
ciMethod com/android/tools/r8/t/a/a/u a (II[Ljava/lang/Object;I[Ljava/lang/Object;)V 0 0 1 0 -1
ciMethod com/android/tools/r8/t/a/a/u a (I)V 0 0 1 0 -1
ciMethod com/android/tools/r8/t/a/a/u b (II)V 0 0 1 0 -1
ciMethod com/android/tools/r8/t/a/a/u d (II)V 0 0 1 0 -1
ciMethod com/android/tools/r8/t/a/a/u a (ILjava/lang/String;)V 0 0 1 0 -1
ciMethod com/android/tools/r8/t/a/a/u a (ILjava/lang/String;Ljava/lang/String;Ljava/lang/String;)V 0 0 1 0 -1
ciMethod com/android/tools/r8/t/a/a/u a (ILjava/lang/String;Ljava/lang/String;Ljava/lang/String;Z)V 0 0 1 0 -1
ciMethod com/android/tools/r8/t/a/a/u a (Ljava/lang/String;Ljava/lang/String;Lcom/android/tools/r8/t/a/a/q;[Ljava/lang/Object;)V 0 0 1 0 -1
ciMethod com/android/tools/r8/t/a/a/u a (ILcom/android/tools/r8/t/a/a/s;)V 0 0 1 0 -1
ciMethod com/android/tools/r8/t/a/a/u a (Lcom/android/tools/r8/t/a/a/s;)V 0 0 1 0 -1
ciMethod com/android/tools/r8/t/a/a/u a (Ljava/lang/Object;)V 0 0 1 0 -1
ciMethod com/android/tools/r8/t/a/a/u a (II)V 0 0 1 0 -1
ciMethod com/android/tools/r8/t/a/a/u a (IILcom/android/tools/r8/t/a/a/s;[Lcom/android/tools/r8/t/a/a/s;)V 0 0 1 0 -1
ciMethod com/android/tools/r8/t/a/a/u a (Lcom/android/tools/r8/t/a/a/s;[I[Lcom/android/tools/r8/t/a/a/s;)V 0 0 1 0 -1
ciMethod com/android/tools/r8/t/a/a/u a (Ljava/lang/String;I)V 0 0 1 0 -1
ciMethod com/android/tools/r8/t/a/a/u a (ILcom/android/tools/r8/t/a/a/C;Ljava/lang/String;Z)Lcom/android/tools/r8/t/a/a/a; 0 0 1 0 -1
ciMethod com/android/tools/r8/t/a/a/u a (Lcom/android/tools/r8/t/a/a/s;Lcom/android/tools/r8/t/a/a/s;Lcom/android/tools/r8/t/a/a/s;Ljava/lang/String;)V 0 0 1 0 -1
ciMethod com/android/tools/r8/t/a/a/u a (Ljava/lang/String;Ljava/lang/String;Ljava/lang/String;Lcom/android/tools/r8/t/a/a/s;Lcom/android/tools/r8/t/a/a/s;I)V 0 0 1 0 -1
ciMethod com/android/tools/r8/t/a/a/u a (ILcom/android/tools/r8/t/a/a/C;[Lcom/android/tools/r8/t/a/a/s;[Lcom/android/tools/r8/t/a/a/s;[ILjava/lang/String;Z)Lcom/android/tools/r8/t/a/a/a; 0 0 1 0 -1
ciMethod com/android/tools/r8/t/a/a/u c (II)V 0 0 1 0 -1
ciMethodData com/android/tools/r8/t/a/a/f f (I)I 2 187993 orig 264 8 206 190 102 0 0 0 0 0 22 94 37 0 0 0 0 40 1 0 0 0 0 0 0 0 0 0 0 0 0 0 0 0 0 0 0 0 0 0 0 0 0 0 0 0 0 0 0 0 0 0 0 0 0 0 0 0 0 0 0 0 0 0 0 0 0 0 0 0 0 0 0 0 0 0 0 0 0 0 0 77 68 79 32 101 120 116 114 97 32 100 97 116 97 32 108 111 99 107 0 0 0 0 0 0 0 0 0 0 0 0 0 0 0 0 0 0 0 0 0 0 0 0 0 0 0 0 0 0 0 0 0 0 0 0 0 0 0 0 0 0 0 0 0 0 0 0 0 0 0 0 0 0 0 0 0 0 0 0 0 0 0 0 0 0 0 0 0 0 0 0 0 0 0 0 0 0 0 0 0 0 0 0 0 1 0 0 0 0 0 0 0 0 0 0 0 0 0 0 0 1 0 0 0 0 0 0 0 0 0 0 0 0 0 0 0 49 1 0 0 65 233 22 0 1 0 0 0 0 0 0 0 0 0 0 0 2 0 0 0 0 0 3 0 1 0 0 0 0 0 0 0 255 255 255 255 0 0 0 0 0 0 0 0 data 0 oops 0
ciMethodData com/android/tools/r8/t/a/a/f f (I[C)Ljava/lang/String; 2 31272 orig 264 8 206 190 102 0 0 0 0 120 25 94 37 0 0 0 0 232 1 0 0 0 0 0 0 0 0 0 0 0 0 0 0 0 0 0 0 0 0 0 0 0 0 0 0 0 0 0 0 0 0 0 0 0 0 0 0 0 0 0 0 0 0 0 0 0 0 0 0 0 0 0 0 0 0 0 0 0 0 0 0 77 68 79 32 101 120 116 114 97 32 100 97 116 97 32 108 111 99 107 0 0 0 0 0 0 0 0 0 0 0 0 0 0 0 0 0 0 0 0 0 0 0 0 0 0 0 0 0 0 0 0 0 0 0 0 0 0 0 0 0 0 0 0 0 0 0 0 0 0 0 0 0 0 0 0 0 0 0 0 0 0 0 0 0 0 0 0 0 0 0 0 0 0 0 0 0 0 0 0 0 0 0 0 0 0 0 0 0 0 0 0 0 0 0 0 0 0 0 0 0 0 0 0 0 0 0 0 0 0 0 0 0 0 0 0 0 0 2 0 0 65 193 3 0 1 0 0 0 0 0 0 0 0 0 0 0 2 0 0 0 0 0 5 0 2 0 0 0 144 0 0 0 255 255 255 255 7 0 11 0 0 0 0 0 data 18 0xb0007 0x351b 0x20 0x430f 0x200005 0x0 0x229cdac0 0x351a 0x0 0x0 0x240002 0x351b 0x2c0004 0x0 0x27b9e00 0x3519 0x0 0x0 oops 2 6 com/android/tools/r8/t/a/a/f 14 java/lang/String
ciMethodData com/android/tools/r8/t/a/a/f e (I[C)Ljava/lang/String; 2 77236 orig 264 8 206 190 102 0 0 0 0 184 24 94 37 0 0 0 0 16 2 0 0 112 0 0 0 0 0 0 0 0 0 0 0 0 0 0 0 0 0 0 0 0 0 0 0 0 0 0 0 0 0 0 0 0 0 0 0 0 0 0 0 0 0 0 0 0 0 0 0 0 0 0 0 0 0 0 0 0 0 0 0 77 68 79 32 101 120 116 114 97 32 100 97 116 97 32 108 111 99 107 0 0 0 0 0 0 0 0 0 0 0 0 0 0 0 0 0 0 0 0 0 0 0 0 0 0 0 0 0 0 0 0 0 0 0 0 0 0 0 0 0 0 0 0 0 0 0 0 0 0 0 0 0 0 0 0 0 0 0 0 0 0 0 0 0 0 0 0 0 0 0 0 0 0 0 0 0 0 0 0 0 0 0 0 0 0 0 0 0 0 0 0 0 0 0 0 0 0 0 0 0 0 0 0 0 0 0 0 0 0 0 0 0 0 0 0 0 0 2 0 0 161 93 9 0 1 0 0 0 0 0 0 0 0 0 0 0 2 0 0 0 0 0 8 0 2 0 0 0 184 0 0 0 255 255 255 255 5 0 3 0 0 0 0 0 data 23 0x30005 0x0 0x229cdac0 0x12bba 0x0 0x0 0x70007 0x176 0x88 0x12a64 0xb0007 0x128ef 0x38 0x176 0xe0003 0x176 0x48 0x140005 0x134 0x229cdac0 0x127b3 0x0 0x0 oops 2 2 com/android/tools/r8/t/a/a/f 19 com/android/tools/r8/t/a/a/f
ciMethodData com/android/tools/r8/t/a/a/f c (I)I 2 28226 orig 264 8 206 190 102 0 0 0 0 104 23 94 37 0 0 0 0 40 1 0 0 0 0 0 0 0 0 0 0 0 0 0 0 0 0 0 0 0 0 0 0 0 0 0 0 0 0 0 0 0 0 0 0 0 0 0 0 0 0 0 0 0 0 0 0 0 0 0 0 0 0 0 0 0 0 0 0 0 0 0 0 77 68 79 32 101 120 116 114 97 32 100 97 116 97 32 108 111 99 107 0 0 0 0 0 0 0 0 0 0 0 0 0 0 0 0 0 0 0 0 0 0 0 0 0 0 0 0 0 0 0 0 0 0 0 0 0 0 0 0 0 0 0 0 0 0 0 0 0 0 0 0 0 0 0 0 0 0 0 0 0 0 0 0 0 0 0 0 0 0 0 0 0 0 0 0 0 0 0 0 0 0 0 0 0 1 0 0 0 0 0 0 0 0 0 0 0 0 0 0 0 1 0 0 0 0 0 0 0 0 0 0 0 0 0 0 0 0 2 0 0 17 98 3 0 1 0 0 0 0 0 0 0 0 0 0 0 2 0 0 0 0 0 3 0 1 0 0 0 0 0 0 0 255 255 255 255 0 0 0 0 0 0 0 0 data 0 oops 0
ciMethodData com/android/tools/r8/t/a/a/f b (I[C)Ljava/lang/Object; 2 15779 orig 264 8 206 190 102 0 0 0 0 160 29 94 37 0 0 0 0 48 8 0 0 32 5 0 0 0 0 0 0 0 0 0 0 0 0 0 0 0 0 0 0 0 0 0 0 0 0 0 0 0 0 0 0 0 0 0 0 0 0 0 0 0 0 0 0 0 0 0 0 0 0 0 0 0 0 0 0 0 0 0 0 77 68 79 32 101 120 116 114 97 32 100 97 116 97 32 108 111 99 107 0 0 0 0 0 0 0 0 0 0 0 0 0 0 0 0 0 0 0 0 0 0 0 0 0 0 0 0 0 0 0 0 0 0 0 0 0 0 0 0 0 0 0 0 0 0 0 0 0 0 0 0 0 0 0 0 0 0 0 0 0 0 0 0 0 0 0 0 0 0 0 0 0 0 0 0 0 0 0 0 0 0 0 0 0 0 0 0 0 0 0 0 0 0 0 0 0 0 0 0 0 0 0 0 0 0 0 0 0 0 0 0 0 0 0 0 0 0 2 0 0 25 221 1 0 1 0 0 0 0 0 0 0 0 0 0 0 2 0 0 0 1 0 78 0 2 0 0 0 216 6 0 0 255 255 255 255 8 0 22 0 0 0 0 0 data 219 0x160008 0xe 0x0 0x80 0x58 0x698 0x0 0x648 0x0 0x608 0x0 0x5b8 0x7 0x578 0x0 0x548 0x3e0008 0x8 0x0 0x50 0x0 0x360 0x0 0x320 0x0 0x60 0x5c0002 0xc1 0x690007 0x0 0x38 0x0 0x6f0003 0x0 0x2a0 0x7e0005 0x0 0x0 0x0 0x0 0x0 0x860005 0x0 0x0 0x0 0x0 0x0 0x8e0005 0x0 0x0 0x0 0x0 0x0 0x980005 0x0 0x0 0x0 0x0 0x0 0xa10005 0x0 0x0 0x0 0x0 0x0 0xa50005 0x0 0x0 0x0 0x0 0x0 0xa80004 0x0 0x0 0x0 0x0 0x0 0xaf0005 0x0 0x0 0x0 0x0 0x0 0xc20007 0x0 0xc8 0x0 0xcc0005 0x0 0x0 0x0 0x0 0x0 0xd00005 0x0 0x0 0x0 0x0 0x0 0xd30004 0x0 0x0 0x0 0x0 0x0 0xda0003 0x0 0xffffffffffffff50 0xf00002 0x0 0xf30004 0x0 0x0 0x0 0x0 0x0 0xfa0005 0x0 0x0 0x0 0x0 0x0 0xfd0002 0x0 0x1070005 0x0 0x0 0x0 0x0 0x0 0x1130005 0x0 0x0 0x0 0x0 0x0 0x11f0005 0x0 0x0 0x0 0x0 0x0 0x12a0005 0x0 0x0 0x0 0x0 0x0 0x12e0005 0x0 0x0 0x0 0x0 0x0 0x1360005 0x0 0x0 0x0 0x0 0x0 0x1430007 0x0 0x38 0x0 0x1480003 0x0 0x18 0x1570002 0x0 0x15f0005 0x0 0x229cdac0 0x9 0x0 0x0 0x1670005 0x0 0x229cdac0 0x15e 0x0 0x0 0x16a0002 0x15f 0x1710005 0x0 0x0 0x0 0x0 0x0 0x1740002 0x0 0x1770002 0x0 0x17e0005 0x0 0x0 0x0 0x0 0x0 0x1810002 0x0 0x1880005 0x0 0x0 0x0 0x0 0x0 0x18b0002 0x0 0x18e0002 0x0 0x1950005 0x0 0x229cdac0 0x397b 0x0 0x0 0x1980002 0x397a oops 3 171 com/android/tools/r8/t/a/a/f 177 com/android/tools/r8/t/a/a/f 213 com/android/tools/r8/t/a/a/f
ciMethodData com/android/tools/r8/t/a/a/f b (I)I 1 0 orig 264 8 206 190 102 0 0 0 0 88 21 94 37 0 0 0 0 40 1 0 0 0 0 0 0 0 0 0 0 0 0 0 0 0 0 0 0 0 0 0 0 0 0 0 0 0 0 0 0 0 0 0 0 0 0 0 0 0 0 0 0 0 0 0 0 0 0 0 0 0 0 0 0 0 0 0 0 0 0 0 0 77 68 79 32 101 120 116 114 97 32 100 97 116 97 32 108 111 99 107 0 0 0 0 0 0 0 0 0 0 0 0 0 0 0 0 0 0 0 0 0 0 0 0 0 0 0 0 0 0 0 0 0 0 0 0 0 0 0 0 0 0 0 0 0 0 0 0 0 0 0 0 0 0 0 0 0 0 0 0 0 0 0 0 0 0 0 0 0 0 0 0 0 0 0 0 0 0 0 0 0 0 0 0 0 1 0 0 0 0 0 0 0 0 0 0 0 0 0 0 0 1 0 0 0 0 0 0 0 0 0 0 0 0 0 0 0 0 0 0 0 1 0 0 0 1 0 0 0 0 0 0 0 0 0 0 0 2 0 0 0 0 0 0 0 0 0 0 0 0 0 0 0 255 255 255 255 0 0 0 0 0 0 0 0 data 0 oops 0
ciMethodData com/android/tools/r8/t/a/a/f a (I[C)Ljava/lang/String; 2 6617 orig 264 8 206 190 102 0 0 0 0 24 26 94 37 0 0 0 0 184 1 0 0 0 0 0 0 0 0 0 0 0 0 0 0 0 0 0 0 0 0 0 0 0 0 0 0 0 0 0 0 0 0 0 0 0 0 0 0 0 0 0 0 0 0 0 0 0 0 0 0 0 0 0 0 0 0 0 0 0 0 0 0 77 68 79 32 101 120 116 114 97 32 100 97 116 97 32 108 111 99 107 0 0 0 0 0 0 0 0 0 0 0 0 0 0 0 0 0 0 0 0 0 0 0 0 0 0 0 0 0 0 0 0 0 0 0 0 0 0 0 0 0 0 0 0 0 0 0 0 0 0 0 0 0 0 0 0 0 0 0 0 0 0 0 0 0 0 0 0 0 0 0 0 0 0 0 0 0 0 0 0 0 0 0 0 0 0 0 0 0 0 0 0 0 0 0 0 0 0 0 0 0 0 0 0 0 0 0 0 0 0 0 0 0 0 0 0 0 150 0 0 0 25 202 0 0 1 0 0 0 0 0 0 0 0 0 0 0 2 0 0 0 0 0 9 0 2 0 0 0 96 0 0 0 255 255 255 255 5 0 7 0 0 0 0 0 data 12 0x70005 0x0 0x229cdac0 0x1943 0x0 0x0 0xc0005 0x0 0x229cdac0 0x1943 0x0 0x0 oops 2 2 com/android/tools/r8/t/a/a/f 8 com/android/tools/r8/t/a/a/f
